<?xml version="1.0" encoding="UTF-8"?>
<coverage generated="1524048859730" clover="3.2.0">
  <project timestamp="1524048859730" name="All files">
    <metrics statements="1776" coveredstatements="1776" conditionals="288" coveredconditionals="280" methods="679" coveredmethods="679" elements="2743" coveredelements="2735" complexity="0" loc="1776" ncloc="1776" packages="4" files="22" classes="22">
      <package name="lib">
        <metrics statements="516" coveredstatements="516" conditionals="266" coveredconditionals="258" methods="211" coveredmethods="211"/>
        <file name="business_endpoint.js" path="/Users/joe/dev/sequoia-js-client-sdk/lib/business_endpoint.js">
          <metrics statements="36" coveredstatements="36" conditionals="20" coveredconditionals="20" methods="12" coveredmethods="12"/>
          <line num="5" count="6" type="stmt"/>
          <line num="6" count="6" type="stmt"/>
          <line num="46" count="62" type="stmt"/>
          <line num="47" count="62" type="stmt"/>
          <line num="49" count="62" type="stmt"/>
          <line num="50" count="53" type="stmt"/>
          <line num="51" count="32" type="stmt"/>
          <line num="53" count="62" type="cond" truecount="2" falsecount="0"/>
          <line num="54" count="23" type="cond" truecount="4" falsecount="0"/>
          <line num="55" count="31" type="stmt"/>
          <line num="59" count="71" type="cond" truecount="2" falsecount="0"/>
          <line num="60" count="31" type="stmt"/>
          <line num="63" count="60" type="stmt"/>
          <line num="64" count="42" type="stmt"/>
          <line num="68" count="44" type="stmt"/>
          <line num="69" count="42" type="stmt"/>
          <line num="86" count="50" type="stmt"/>
          <line num="87" count="4" type="stmt"/>
          <line num="89" count="16" type="stmt"/>
          <line num="120" count="22" type="stmt"/>
          <line num="122" count="24" type="cond" truecount="4" falsecount="0"/>
          <line num="123" count="50" type="stmt"/>
          <line num="126" count="9" type="stmt"/>
          <line num="139" count="18" type="stmt"/>
          <line num="157" count="16" type="stmt"/>
          <line num="159" count="12" type="cond" truecount="2" falsecount="0"/>
          <line num="160" count="11" type="cond" truecount="2" falsecount="0"/>
          <line num="161" count="12" type="stmt"/>
          <line num="163" count="7" type="cond" truecount="2" falsecount="0"/>
          <line num="164" count="2" type="stmt"/>
          <line num="167" count="10" type="stmt"/>
          <line num="169" count="10" type="stmt"/>
          <line num="170" count="6" type="cond" truecount="2" falsecount="0"/>
          <line num="171" count="2" type="stmt"/>
          <line num="175" count="8" type="stmt"/>
          <line num="192" count="10" type="stmt"/>
        </file>
        <file name="client.js" path="/Users/joe/dev/sequoia-js-client-sdk/lib/client.js">
          <metrics statements="26" coveredstatements="26" conditionals="9" coveredconditionals="9" methods="16" coveredmethods="16"/>
          <line num="81" count="42" type="stmt"/>
          <line num="82" count="42" type="stmt"/>
          <line num="83" count="42" type="stmt"/>
          <line num="85" count="42" type="cond" truecount="2" falsecount="0"/>
          <line num="86" count="42" type="cond" truecount="2" falsecount="0"/>
          <line num="97" count="4" type="stmt"/>
          <line num="154" count="2" type="stmt"/>
          <line num="156" count="2" type="stmt"/>
          <line num="157" count="2" type="stmt"/>
          <line num="201" count="26" type="stmt"/>
          <line num="203" count="25" type="stmt"/>
          <line num="212" count="8" type="stmt"/>
          <line num="250" count="272" type="cond" truecount="2" falsecount="0"/>
          <line num="251" count="518" type="stmt"/>
          <line num="253" count="258" type="cond" truecount="2" falsecount="0"/>
          <line num="254" count="7" type="stmt"/>
          <line num="258" count="10" type="stmt"/>
          <line num="262" count="10" type="stmt"/>
          <line num="264" count="6" type="stmt"/>
          <line num="265" count="8" type="stmt"/>
          <line num="276" count="2" type="stmt"/>
          <line num="288" count="4" type="stmt"/>
          <line num="297" count="2" type="stmt"/>
          <line num="298" count="2" type="stmt"/>
          <line num="299" count="1" type="stmt"/>
          <line num="300" count="1" type="stmt"/>
        </file>
        <file name="predications.js" path="/Users/joe/dev/sequoia-js-client-sdk/lib/predications.js">
          <metrics statements="15" coveredstatements="15" conditionals="3" coveredconditionals="3" methods="13" coveredmethods="13"/>
          <line num="15" count="36" type="cond" truecount="2" falsecount="0"/>
          <line num="16" count="2" type="stmt"/>
          <line num="18" count="34" type="stmt"/>
          <line num="33" count="4" type="stmt"/>
          <line num="47" count="2" type="stmt"/>
          <line num="61" count="4" type="stmt"/>
          <line num="75" count="2" type="stmt"/>
          <line num="87" count="2" type="stmt"/>
          <line num="99" count="2" type="stmt"/>
          <line num="114" count="2" type="stmt"/>
          <line num="129" count="2" type="stmt"/>
          <line num="143" count="2" type="stmt"/>
          <line num="157" count="2" type="stmt"/>
          <line num="171" count="2" type="stmt"/>
          <line num="185" count="2" type="stmt"/>
        </file>
        <file name="query.js" path="/Users/joe/dev/sequoia-js-client-sdk/lib/query.js">
          <metrics statements="37" coveredstatements="37" conditionals="4" coveredconditionals="4" methods="22" coveredmethods="22"/>
          <line num="24" count="46" type="cond" truecount="2" falsecount="0"/>
          <line num="25" count="46" type="stmt"/>
          <line num="26" count="46" type="stmt"/>
          <line num="44" count="2" type="stmt"/>
          <line num="45" count="2" type="stmt"/>
          <line num="54" count="4" type="stmt"/>
          <line num="55" count="4" type="stmt"/>
          <line num="70" count="6" type="stmt"/>
          <line num="71" count="6" type="stmt"/>
          <line num="86" count="2" type="stmt"/>
          <line num="87" count="2" type="stmt"/>
          <line num="102" count="6" type="stmt"/>
          <line num="103" count="6" type="stmt"/>
          <line num="118" count="4" type="stmt"/>
          <line num="119" count="4" type="stmt"/>
          <line num="134" count="4" type="stmt"/>
          <line num="135" count="4" type="stmt"/>
          <line num="144" count="6" type="stmt"/>
          <line num="145" count="6" type="stmt"/>
          <line num="154" count="10" type="stmt"/>
          <line num="155" count="10" type="stmt"/>
          <line num="167" count="20" type="stmt"/>
          <line num="168" count="20" type="stmt"/>
          <line num="179" count="2" type="stmt"/>
          <line num="190" count="2" type="stmt"/>
          <line num="201" count="2" type="stmt"/>
          <line num="212" count="2" type="stmt"/>
          <line num="223" count="4" type="stmt"/>
          <line num="234" count="2" type="stmt"/>
          <line num="243" count="12" type="stmt"/>
          <line num="245" count="9" type="cond" truecount="2" falsecount="0"/>
          <line num="246" count="9" type="stmt"/>
          <line num="249" count="9" type="stmt"/>
          <line num="256" count="4" type="stmt"/>
          <line num="260" count="2" type="stmt"/>
          <line num="264" count="2" type="stmt"/>
          <line num="268" count="1" type="stmt"/>
        </file>
        <file name="registry.js" path="/Users/joe/dev/sequoia-js-client-sdk/lib/registry.js">
          <metrics statements="40" coveredstatements="40" conditionals="14" coveredconditionals="14" methods="18" coveredmethods="18"/>
          <line num="21" count="36" type="stmt"/>
          <line num="22" count="36" type="stmt"/>
          <line num="34" count="38" type="cond" truecount="4" falsecount="0"/>
          <line num="35" count="4" type="stmt"/>
          <line num="38" count="34" type="stmt"/>
          <line num="39" count="34" type="stmt"/>
          <line num="40" count="34" type="stmt"/>
          <line num="42" count="19" type="stmt"/>
          <line num="57" count="19" type="cond" truecount="2" falsecount="0"/>
          <line num="59" count="19" type="stmt"/>
          <line num="71" count="3" type="stmt"/>
          <line num="72" count="3" type="stmt"/>
          <line num="73" count="7" type="stmt"/>
          <line num="75" count="3" type="cond" truecount="2" falsecount="0"/>
          <line num="76" count="66" type="stmt"/>
          <line num="77" count="66" type="stmt"/>
          <line num="79" count="66" type="stmt"/>
          <line num="82" count="41" type="stmt"/>
          <line num="94" count="41" type="stmt"/>
          <line num="116" count="105" type="stmt"/>
          <line num="117" count="105" type="stmt"/>
          <line num="118" count="73" type="stmt"/>
          <line num="129" count="108" type="stmt"/>
          <line num="131" count="44" type="stmt"/>
          <line num="132" count="104" type="stmt"/>
          <line num="134" count="292" type="stmt"/>
          <line num="139" count="86" type="stmt"/>
          <line num="141" count="84" type="cond" truecount="2" falsecount="0"/>
          <line num="142" count="20" type="stmt"/>
          <line num="145" count="80" type="stmt"/>
          <line num="159" count="254" type="stmt"/>
          <line num="161" count="34" type="cond" truecount="2" falsecount="0"/>
          <line num="162" count="18" type="stmt"/>
          <line num="163" count="34" type="stmt"/>
          <line num="164" count="16" type="stmt"/>
          <line num="165" count="16" type="stmt"/>
          <line num="167" count="16" type="stmt"/>
          <line num="171" count="2" type="stmt"/>
          <line num="185" count="16" type="cond" truecount="2" falsecount="0"/>
          <line num="187" count="18" type="stmt"/>
        </file>
        <file name="resource.js" path="/Users/joe/dev/sequoia-js-client-sdk/lib/resource.js">
          <metrics statements="107" coveredstatements="107" conditionals="74" coveredconditionals="71" methods="23" coveredmethods="23"/>
          <line num="1" count="20" type="stmt"/>
          <line num="12" count="3374" type="stmt"/>
          <line num="20" count="3366" type="stmt"/>
          <line num="67" count="6720" type="stmt"/>
          <line num="68" count="6720" type="stmt"/>
          <line num="70" count="6720" type="stmt"/>
          <line num="72" count="3437" type="stmt"/>
          <line num="73" count="3434" type="stmt"/>
          <line num="86" count="151" type="stmt"/>
          <line num="88" count="3111" type="cond" truecount="2" falsecount="0"/>
          <line num="89" count="77" type="stmt"/>
          <line num="91" count="151" type="stmt"/>
          <line num="92" count="3036" type="cond" truecount="2" falsecount="0"/>
          <line num="95" count="2770" type="stmt"/>
          <line num="98" count="2843" type="stmt"/>
          <line num="123" count="3" type="stmt"/>
          <line num="129" count="2769" type="cond" truecount="4" falsecount="0"/>
          <line num="130" count="2767" type="stmt"/>
          <line num="133" count="2" type="stmt"/>
          <line num="146" count="6" type="cond" truecount="2" falsecount="0"/>
          <line num="147" count="4" type="stmt"/>
          <line num="150" count="2" type="stmt"/>
          <line num="162" count="8" type="cond" truecount="2" falsecount="0"/>
          <line num="163" count="6" type="stmt"/>
          <line num="166" count="6" type="stmt"/>
          <line num="181" count="5" type="cond" truecount="2" falsecount="0"/>
          <line num="182" count="4" type="stmt"/>
          <line num="183" count="4" type="stmt"/>
          <line num="185" count="3" type="stmt"/>
          <line num="191" count="4" type="stmt"/>
          <line num="194" count="2" type="stmt"/>
          <line num="205" count="49" type="cond" truecount="2" falsecount="0"/>
          <line num="206" count="2" type="stmt"/>
          <line num="209" count="2" type="stmt"/>
          <line num="228" count="93" type="stmt"/>
          <line num="229" count="93" type="stmt"/>
          <line num="231" count="80" type="stmt"/>
          <line num="233" count="48" type="cond" truecount="2" falsecount="0"/>
          <line num="234" count="2" type="stmt"/>
          <line num="235" count="14" type="stmt"/>
          <line num="237" count="47" type="stmt"/>
          <line num="238" count="58" type="stmt"/>
          <line num="239" count="48" type="stmt"/>
          <line num="241" count="47" type="cond" truecount="4" falsecount="0"/>
          <line num="242" count="34" type="cond" truecount="2" falsecount="0"/>
          <line num="243" count="11" type="stmt"/>
          <line num="244" count="10" type="stmt"/>
          <line num="246" count="20" type="cond" truecount="2" falsecount="0"/>
          <line num="248" count="3" type="stmt"/>
          <line num="249" count="14" type="cond" truecount="2" falsecount="0"/>
          <line num="250" count="4" type="stmt"/>
          <line num="251" count="4" type="cond" truecount="2" falsecount="0"/>
          <line num="252" count="4" type="stmt"/>
          <line num="253" count="2" type="stmt"/>
          <line num="255" count="11" type="cond" truecount="2" falsecount="0"/>
          <line num="256" count="11" type="cond" truecount="2" falsecount="0"/>
          <line num="258" count="9" type="cond" truecount="2" falsecount="0"/>
          <line num="259" count="3" type="stmt"/>
          <line num="260" count="3" type="stmt"/>
          <line num="262" count="49" type="cond" truecount="1" falsecount="1"/>
          <line num="264" count="43" type="stmt"/>
          <line num="266" count="49" type="stmt"/>
          <line num="267" count="5" type="cond" truecount="2" falsecount="0"/>
          <line num="268" count="3" type="stmt"/>
          <line num="269" count="83" type="stmt"/>
          <line num="270" count="3" type="cond" truecount="1" falsecount="1"/>
          <line num="271" count="4" type="stmt"/>
          <line num="273" count="3" type="cond" truecount="2" falsecount="0"/>
          <line num="274" count="2" type="stmt"/>
          <line num="275" count="38" type="stmt"/>
          <line num="283" count="54" type="cond" truecount="2" falsecount="0"/>
          <line num="284" count="42" type="stmt"/>
          <line num="287" count="53" type="stmt"/>
          <line num="318" count="32" type="stmt"/>
          <line num="320" count="25" type="stmt"/>
          <line num="321" count="105" type="stmt"/>
          <line num="323" count="92" type="cond" truecount="2" falsecount="0"/>
          <line num="324" count="6" type="stmt"/>
          <line num="328" count="7" type="cond" truecount="2" falsecount="0"/>
          <line num="329" count="5" type="stmt"/>
          <line num="332" count="14" type="stmt"/>
          <line num="352" count="60" type="cond" truecount="2" falsecount="0"/>
          <line num="353" count="20" type="stmt"/>
          <line num="355" count="17" type="cond" truecount="2" falsecount="0"/>
          <line num="356" count="11" type="stmt"/>
          <line num="359" count="16" type="stmt"/>
          <line num="362" count="44" type="stmt"/>
          <line num="379" count="34" type="stmt"/>
          <line num="383" count="26" type="stmt"/>
          <line num="385" count="35" type="cond" truecount="2" falsecount="0"/>
          <line num="386" count="24" type="stmt"/>
          <line num="388" count="15" type="cond" truecount="2" falsecount="0"/>
          <line num="389" count="5" type="stmt"/>
          <line num="390" count="5" type="cond" truecount="2" falsecount="0"/>
          <line num="391" count="4" type="stmt"/>
          <line num="394" count="13" type="stmt"/>
          <line num="413" count="23" type="cond" truecount="2" falsecount="0"/>
          <line num="415" count="23" type="cond" truecount="2" falsecount="0"/>
          <line num="416" count="13" type="stmt"/>
          <line num="417" count="10" type="cond" truecount="1" falsecount="1"/>
          <line num="418" count="10" type="cond" truecount="2" falsecount="0"/>
          <line num="419" count="10" type="stmt"/>
          <line num="456" count="14" type="cond" truecount="2" falsecount="0"/>
          <line num="457" count="11" type="stmt"/>
          <line num="459" count="12" type="stmt"/>
          <line num="462" count="14" type="stmt"/>
          <line num="479" count="5" type="cond" truecount="3" falsecount="0"/>
        </file>
        <file name="resource_collection.js" path="/Users/joe/dev/sequoia-js-client-sdk/lib/resource_collection.js">
          <metrics statements="89" coveredstatements="89" conditionals="52" coveredconditionals="52" methods="41" coveredmethods="41"/>
          <line num="3" count="172" type="stmt"/>
          <line num="9" count="172" type="stmt"/>
          <line num="10" count="172" type="stmt"/>
          <line num="41" count="332" type="stmt"/>
          <line num="43" count="343" type="stmt"/>
          <line num="45" count="343" type="stmt"/>
          <line num="47" count="275" type="stmt"/>
          <line num="70" count="3402" type="stmt"/>
          <line num="73" count="3354" type="cond" truecount="5" falsecount="0"/>
          <line num="74" count="3286" type="stmt"/>
          <line num="75" count="6402" type="stmt"/>
          <line num="77" count="2058080" type="cond" truecount="2" falsecount="0"/>
          <line num="78" count="2058031" type="stmt"/>
          <line num="79" count="6402" type="stmt"/>
          <line num="81" count="3354" type="stmt"/>
          <line num="82" count="3178" type="stmt"/>
          <line num="89" count="2054856" type="cond" truecount="2" falsecount="0"/>
          <line num="90" count="2054856" type="stmt"/>
          <line num="99" count="3226" type="stmt"/>
          <line num="103" count="178" type="stmt"/>
          <line num="111" count="52" type="stmt"/>
          <line num="119" count="47" type="stmt"/>
          <line num="127" count="7" type="cond" truecount="5" falsecount="0"/>
          <line num="128" count="3" type="stmt"/>
          <line num="131" count="2" type="stmt"/>
          <line num="142" count="52" type="cond" truecount="2" falsecount="0"/>
          <line num="143" count="47" type="stmt"/>
          <line num="146" count="6" type="stmt"/>
          <line num="157" count="4" type="cond" truecount="2" falsecount="0"/>
          <line num="158" count="52" type="stmt"/>
          <line num="161" count="49" type="stmt"/>
          <line num="172" count="52" type="stmt"/>
          <line num="183" count="52" type="stmt"/>
          <line num="199" count="52" type="stmt"/>
          <line num="213" count="100" type="cond" truecount="2" falsecount="0"/>
          <line num="215" count="100" type="cond" truecount="2" falsecount="0"/>
          <line num="216" count="97" type="stmt"/>
          <line num="222" count="52" type="stmt"/>
          <line num="224" count="52" type="cond" truecount="2" falsecount="0"/>
          <line num="225" count="74" type="stmt"/>
          <line num="226" count="50" type="stmt"/>
          <line num="227" count="51" type="stmt"/>
          <line num="229" count="62" type="stmt"/>
          <line num="233" count="49" type="stmt"/>
          <line num="242" count="26" type="stmt"/>
          <line num="254" count="9" type="stmt"/>
          <line num="274" count="6" type="cond" truecount="2" falsecount="0"/>
          <line num="275" count="2" type="stmt"/>
          <line num="277" count="15" type="stmt"/>
          <line num="278" count="96" type="stmt"/>
          <line num="294" count="4" type="cond" truecount="2" falsecount="0"/>
          <line num="295" count="9" type="stmt"/>
          <line num="299" count="6" type="stmt"/>
          <line num="300" count="4" type="stmt"/>
          <line num="304" count="2" type="stmt"/>
          <line num="324" count="50" type="stmt"/>
          <line num="341" count="8" type="cond" truecount="2" falsecount="0"/>
          <line num="342" count="51" type="stmt"/>
          <line num="345" count="3" type="stmt"/>
          <line num="362" count="8" type="stmt"/>
          <line num="364" count="32" type="cond" truecount="2" falsecount="0"/>
          <line num="365" count="5" type="stmt"/>
          <line num="368" count="8" type="stmt"/>
          <line num="370" count="7" type="stmt"/>
          <line num="382" count="51" type="stmt"/>
          <line num="384" count="20" type="cond" truecount="2" falsecount="0"/>
          <line num="385" count="13" type="stmt"/>
          <line num="388" count="6" type="stmt"/>
          <line num="389" count="98" type="stmt"/>
          <line num="401" count="194" type="stmt"/>
          <line num="413" count="243" type="cond" truecount="2" falsecount="0"/>
          <line num="415" count="173" type="cond" truecount="2" falsecount="0"/>
          <line num="416" count="72" type="stmt"/>
          <line num="419" count="6" type="stmt"/>
          <line num="450" count="29" type="cond" truecount="2" falsecount="0"/>
          <line num="451" count="7" type="stmt"/>
          <line num="452" count="19" type="cond" truecount="4" falsecount="0"/>
          <line num="454" count="14" type="cond" truecount="4" falsecount="0"/>
          <line num="455" count="96" type="stmt"/>
          <line num="457" count="168" type="stmt"/>
          <line num="458" count="240" type="cond" truecount="2" falsecount="0"/>
          <line num="459" count="170" type="stmt"/>
          <line num="462" count="70" type="stmt"/>
          <line num="466" count="5" type="stmt"/>
          <line num="469" count="12" type="stmt"/>
          <line num="482" count="6" type="stmt"/>
          <line num="484" count="6" type="cond" truecount="2" falsecount="0"/>
          <line num="485" count="3" type="stmt"/>
          <line num="488" count="3" type="stmt"/>
        </file>
        <file name="resourceful_endpoint.js" path="/Users/joe/dev/sequoia-js-client-sdk/lib/resourceful_endpoint.js">
          <metrics statements="67" coveredstatements="67" conditionals="38" coveredconditionals="36" methods="34" coveredmethods="34"/>
          <line num="39" count="192" type="stmt"/>
          <line num="40" count="192" type="stmt"/>
          <line num="44" count="240" type="cond" truecount="2" falsecount="0"/>
          <line num="45" count="238" type="stmt"/>
          <line num="48" count="2" type="stmt"/>
          <line num="70" count="10" type="stmt"/>
          <line num="71" count="10" type="stmt"/>
          <line num="73" count="64" type="stmt"/>
          <line num="146" count="118" type="cond" truecount="2" falsecount="0"/>
          <line num="148" count="61" type="cond" truecount="5" falsecount="0"/>
          <line num="149" count="61" type="stmt"/>
          <line num="152" count="73" type="stmt"/>
          <line num="186" count="66" type="stmt"/>
          <line num="202" count="103" type="stmt"/>
          <line num="217" count="10" type="stmt"/>
          <line num="218" count="49" type="stmt"/>
          <line num="220" count="93" type="cond" truecount="2" falsecount="0"/>
          <line num="221" count="49" type="stmt"/>
          <line num="224" count="88" type="stmt"/>
          <line num="225" count="44" type="cond" truecount="1" falsecount="1"/>
          <line num="226" count="88" type="stmt"/>
          <line num="227" count="93" type="cond" truecount="1" falsecount="1"/>
          <line num="228" count="49" type="stmt"/>
          <line num="233" count="53" type="stmt"/>
          <line num="235" count="45" type="stmt"/>
          <line num="237" count="53" type="cond" truecount="2" falsecount="0"/>
          <line num="238" count="9" type="stmt"/>
          <line num="241" count="6" type="stmt"/>
          <line num="243" count="52" type="stmt"/>
          <line num="246" count="7" type="stmt"/>
          <line num="248" count="7" type="stmt"/>
          <line num="250" count="6" type="stmt"/>
          <line num="266" count="4" type="stmt"/>
          <line num="281" count="3" type="stmt"/>
          <line num="297" count="2" type="stmt"/>
          <line num="299" count="3" type="stmt"/>
          <line num="315" count="2" type="stmt"/>
          <line num="317" count="3" type="stmt"/>
          <line num="331" count="75" type="stmt"/>
          <line num="333" count="35" type="cond" truecount="2" falsecount="0"/>
          <line num="334" count="33" type="stmt"/>
          <line num="337" count="3" type="stmt"/>
          <line num="372" count="350" type="cond" truecount="2" falsecount="0"/>
          <line num="374" count="3211" type="cond" truecount="2" falsecount="0"/>
          <line num="375" count="33" type="stmt"/>
          <line num="378" count="2" type="stmt"/>
          <line num="429" count="78" type="stmt"/>
          <line num="448" count="280" type="stmt"/>
          <line num="458" count="3180" type="stmt"/>
          <line num="470" count="66" type="stmt"/>
          <line num="479" count="48" type="stmt"/>
          <line num="489" count="51" type="stmt"/>
          <line num="490" count="23" type="stmt"/>
          <line num="492" count="6" type="cond" truecount="4" falsecount="0"/>
          <line num="493" count="68" type="cond" truecount="2" falsecount="0"/>
          <line num="496" count="68" type="stmt"/>
          <line num="512" count="75" type="stmt"/>
          <line num="514" count="131" type="cond" truecount="2" falsecount="0"/>
          <line num="515" count="47" type="cond" truecount="2" falsecount="0"/>
          <line num="516" count="46" type="stmt"/>
          <line num="518" count="18" type="cond" truecount="2" falsecount="0"/>
          <line num="519" count="1" type="stmt"/>
          <line num="522" count="65" type="stmt"/>
          <line num="538" count="66" type="stmt"/>
          <line num="540" count="66" type="cond" truecount="2" falsecount="0"/>
          <line num="541" count="10" type="stmt"/>
          <line num="544" count="66" type="stmt"/>
        </file>
        <file name="session.js" path="/Users/joe/dev/sequoia-js-client-sdk/lib/session.js">
          <metrics statements="86" coveredstatements="86" conditionals="42" coveredconditionals="40" methods="25" coveredmethods="25"/>
          <line num="4" count="45" type="stmt"/>
          <line num="42" count="86" type="stmt"/>
          <line num="43" count="86" type="stmt"/>
          <line num="44" count="86" type="stmt"/>
          <line num="45" count="86" type="stmt"/>
          <line num="46" count="86" type="stmt"/>
          <line num="47" count="86" type="stmt"/>
          <line num="48" count="86" type="stmt"/>
          <line num="49" count="86" type="stmt"/>
          <line num="50" count="86" type="stmt"/>
          <line num="51" count="86" type="stmt"/>
          <line num="52" count="112" type="stmt"/>
          <line num="56" count="73" type="stmt"/>
          <line num="58" count="138" type="cond" truecount="2" falsecount="0"/>
          <line num="59" count="72" type="stmt"/>
          <line num="64" count="70" type="cond" truecount="2" falsecount="0"/>
          <line num="65" count="69" type="stmt"/>
          <line num="69" count="9" type="cond" truecount="1" falsecount="1"/>
          <line num="71" count="9" type="stmt"/>
          <line num="72" count="5" type="stmt"/>
          <line num="95" count="9" type="stmt"/>
          <line num="96" count="11" type="stmt"/>
          <line num="97" count="11" type="stmt"/>
          <line num="98" count="10" type="stmt"/>
          <line num="101" count="9" type="cond" truecount="2" falsecount="0"/>
          <line num="102" count="7" type="cond" truecount="2" falsecount="0"/>
          <line num="103" count="8" type="stmt"/>
          <line num="106" count="5" type="stmt"/>
          <line num="108" count="10" type="cond" truecount="4" falsecount="0"/>
          <line num="109" count="9" type="stmt"/>
          <line num="111" count="8" type="stmt"/>
          <line num="114" count="10" type="stmt"/>
          <line num="121" count="10" type="cond" truecount="2" falsecount="0"/>
          <line num="122" count="9" type="stmt"/>
          <line num="125" count="14" type="stmt"/>
          <line num="126" count="14" type="stmt"/>
          <line num="127" count="37" type="stmt"/>
          <line num="129" count="35" type="stmt"/>
          <line num="133" count="35" type="cond" truecount="2" falsecount="0"/>
          <line num="134" count="33" type="stmt"/>
          <line num="136" count="9" type="stmt"/>
          <line num="140" count="9" type="stmt"/>
          <line num="141" count="37" type="stmt"/>
          <line num="157" count="59" type="cond" truecount="2" falsecount="0"/>
          <line num="158" count="57" type="stmt"/>
          <line num="159" count="57" type="stmt"/>
          <line num="162" count="32" type="cond" truecount="2" falsecount="0"/>
          <line num="163" count="31" type="stmt"/>
          <line num="164" count="4" type="stmt"/>
          <line num="167" count="31" type="stmt"/>
          <line num="168" count="60" type="stmt"/>
          <line num="170" count="31" type="cond" truecount="1" falsecount="1"/>
          <line num="171" count="58" type="stmt"/>
          <line num="172" count="58" type="stmt"/>
          <line num="174" count="65" type="stmt"/>
          <line num="184" count="8" type="cond" truecount="2" falsecount="0"/>
          <line num="185" count="31" type="stmt"/>
          <line num="198" count="61" type="cond" truecount="2" falsecount="0"/>
          <line num="200" count="31" type="stmt"/>
          <line num="203" count="59" type="stmt"/>
          <line num="204" count="59" type="stmt"/>
          <line num="206" count="50" type="stmt"/>
          <line num="219" count="59" type="cond" truecount="2" falsecount="0"/>
          <line num="221" count="1115" type="stmt"/>
          <line num="224" count="182" type="stmt"/>
          <line num="226" count="34" type="stmt"/>
          <line num="228" count="178" type="cond" truecount="2" falsecount="0"/>
          <line num="229" count="36" type="stmt"/>
          <line num="232" count="104" type="stmt"/>
          <line num="235" count="54" type="stmt"/>
          <line num="245" count="46" type="stmt"/>
          <line num="254" count="1133" type="stmt"/>
          <line num="267" count="176" type="cond" truecount="2" falsecount="0"/>
          <line num="268" count="28" type="stmt"/>
          <line num="271" count="162" type="cond" truecount="2" falsecount="0"/>
          <line num="275" count="21" type="stmt"/>
          <line num="284" count="98" type="cond" truecount="2" falsecount="0"/>
          <line num="295" count="24" type="stmt"/>
          <line num="296" count="24" type="stmt"/>
          <line num="297" count="24" type="stmt"/>
          <line num="298" count="24" type="stmt"/>
          <line num="300" count="24" type="stmt"/>
          <line num="302" count="24" type="cond" truecount="2" falsecount="0"/>
          <line num="303" count="14" type="stmt"/>
          <line num="304" count="14" type="stmt"/>
          <line num="307" count="24" type="stmt"/>
        </file>
        <file name="transport.js" path="/Users/joe/dev/sequoia-js-client-sdk/lib/transport.js">
          <metrics statements="13" coveredstatements="13" conditionals="10" coveredconditionals="9" methods="7" coveredmethods="7"/>
          <line num="28" count="322" type="stmt"/>
          <line num="51" count="392" type="stmt"/>
          <line num="52" count="392" type="cond" truecount="2" falsecount="0"/>
          <line num="53" count="4" type="stmt"/>
          <line num="54" count="4" type="stmt"/>
          <line num="55" count="196" type="stmt"/>
          <line num="58" count="195" type="cond" truecount="2" falsecount="0"/>
          <line num="59" count="194" type="stmt"/>
          <line num="62" count="370" type="stmt"/>
          <line num="75" count="187" type="stmt"/>
          <line num="87" count="13" type="stmt"/>
          <line num="99" count="7" type="stmt"/>
          <line num="111" count="4" type="stmt"/>
        </file>
      </package>
      <package name="test">
        <metrics statements="1" coveredstatements="1" conditionals="0" coveredconditionals="0" methods="0" coveredmethods="0"/>
        <file name="setup.js" path="/Users/joe/dev/sequoia-js-client-sdk/test/setup.js">
          <metrics statements="1" coveredstatements="1" conditionals="0" coveredconditionals="0" methods="0" coveredmethods="0"/>
          <line num="3" count="20" type="stmt"/>
        </file>
      </package>
      <package name="test.fixtures">
        <metrics statements="2" coveredstatements="2" conditionals="0" coveredconditionals="0" methods="0" coveredmethods="0"/>
        <file name="access.js" path="/Users/joe/dev/sequoia-js-client-sdk/test/fixtures/access.js">
          <metrics statements="2" coveredstatements="2" conditionals="0" coveredconditionals="0" methods="0" coveredmethods="0"/>
          <line num="1" count="4" type="stmt"/>
          <line num="3" count="2" type="stmt"/>
        </file>
      </package>
      <package name="test.spec">
        <metrics statements="1257" coveredstatements="1257" conditionals="22" coveredconditionals="22" methods="468" coveredmethods="468"/>
        <file name="business_endpoint.js" path="/Users/joe/dev/sequoia-js-client-sdk/test/spec/business_endpoint.js">
          <metrics statements="51" coveredstatements="51" conditionals="0" coveredconditionals="0" methods="22" coveredmethods="22"/>
          <line num="8" count="1" type="stmt"/>
          <line num="9" count="1" type="stmt"/>
          <line num="10" count="1" type="stmt"/>
          <line num="11" count="1" type="stmt"/>
          <line num="12" count="1" type="stmt"/>
          <line num="16" count="1" type="stmt"/>
          <line num="18" count="1" type="stmt"/>
          <line num="24" count="1" type="stmt"/>
          <line num="30" count="1" type="stmt"/>
          <line num="40" count="1" type="stmt"/>
          <line num="41" count="8" type="stmt"/>
          <line num="42" count="8" type="stmt"/>
          <line num="43" count="8" type="stmt"/>
          <line num="44" count="8" type="stmt"/>
          <line num="45" count="8" type="stmt"/>
          <line num="48" count="1" type="stmt"/>
          <line num="50" count="1" type="stmt"/>
          <line num="51" count="1" type="stmt"/>
          <line num="52" count="1" type="stmt"/>
          <line num="59" count="1" type="stmt"/>
          <line num="60" count="1" type="stmt"/>
          <line num="63" count="1" type="stmt"/>
          <line num="64" count="1" type="stmt"/>
          <line num="68" count="1" type="stmt"/>
          <line num="69" count="1" type="stmt"/>
          <line num="70" count="1" type="stmt"/>
          <line num="71" count="1" type="stmt"/>
          <line num="72" count="1" type="stmt"/>
          <line num="74" count="1" type="stmt"/>
          <line num="78" count="1" type="stmt"/>
          <line num="79" count="1" type="stmt"/>
          <line num="80" count="1" type="stmt"/>
          <line num="82" count="1" type="stmt"/>
          <line num="85" count="1" type="stmt"/>
          <line num="86" count="1" type="stmt"/>
          <line num="88" count="1" type="stmt"/>
          <line num="91" count="1" type="stmt"/>
          <line num="92" count="1" type="stmt"/>
          <line num="94" count="1" type="stmt"/>
          <line num="95" count="1" type="stmt"/>
          <line num="98" count="1" type="stmt"/>
          <line num="99" count="1" type="stmt"/>
          <line num="100" count="1" type="stmt"/>
          <line num="102" count="1" type="stmt"/>
          <line num="103" count="1" type="stmt"/>
          <line num="107" count="1" type="stmt"/>
          <line num="108" count="1" type="stmt"/>
          <line num="109" count="1" type="stmt"/>
          <line num="110" count="1" type="stmt"/>
          <line num="112" count="1" type="stmt"/>
          <line num="113" count="1" type="stmt"/>
        </file>
        <file name="client.js" path="/Users/joe/dev/sequoia-js-client-sdk/test/spec/client.js">
          <metrics statements="126" coveredstatements="126" conditionals="12" coveredconditionals="12" methods="38" coveredmethods="38"/>
          <line num="12" count="1" type="stmt"/>
          <line num="14" count="1" type="stmt"/>
          <line num="16" count="1" type="stmt"/>
          <line num="17" count="1" type="stmt"/>
          <line num="18" count="1" type="stmt"/>
          <line num="19" count="1" type="stmt"/>
          <line num="20" count="1" type="stmt"/>
          <line num="21" count="1" type="stmt"/>
          <line num="22" count="1" type="stmt"/>
          <line num="23" count="1" type="stmt"/>
          <line num="24" count="1" type="stmt"/>
          <line num="25" count="1" type="stmt"/>
          <line num="26" count="1" type="stmt"/>
          <line num="27" count="1" type="stmt"/>
          <line num="29" count="1" type="stmt"/>
          <line num="30" count="18" type="stmt"/>
          <line num="42" count="18" type="stmt"/>
          <line num="49" count="1" type="stmt"/>
          <line num="50" count="18" type="stmt"/>
          <line num="51" count="18" type="stmt"/>
          <line num="54" count="1" type="stmt"/>
          <line num="55" count="1" type="stmt"/>
          <line num="56" count="1" type="stmt"/>
          <line num="57" count="1" type="stmt"/>
          <line num="58" count="1" type="stmt"/>
          <line num="59" count="1" type="stmt"/>
          <line num="62" count="1" type="stmt"/>
          <line num="63" count="1" type="stmt"/>
          <line num="64" count="1" type="stmt"/>
          <line num="65" count="1" type="stmt"/>
          <line num="66" count="1" type="stmt"/>
          <line num="69" count="1" type="stmt"/>
          <line num="70" count="1" type="stmt"/>
          <line num="72" count="1" type="stmt"/>
          <line num="73" count="1" type="stmt"/>
          <line num="76" count="1" type="stmt"/>
          <line num="77" count="1" type="stmt"/>
          <line num="78" count="1" type="stmt"/>
          <line num="81" count="1" type="stmt"/>
          <line num="82" count="1" type="stmt"/>
          <line num="83" count="1" type="stmt"/>
          <line num="87" count="1" type="stmt"/>
          <line num="88" count="1" type="stmt"/>
          <line num="89" count="1" type="stmt"/>
          <line num="91" count="1" type="stmt"/>
          <line num="92" count="1" type="cond" truecount="2" falsecount="0"/>
          <line num="95" count="1" type="stmt"/>
          <line num="99" count="1" type="stmt"/>
          <line num="100" count="1" type="stmt"/>
          <line num="101" count="1" type="stmt"/>
          <line num="103" count="1" type="stmt"/>
          <line num="104" count="1" type="cond" truecount="2" falsecount="0"/>
          <line num="106" count="1" type="stmt"/>
          <line num="109" count="1" type="stmt"/>
          <line num="110" count="1" type="stmt"/>
          <line num="112" count="1" type="stmt"/>
          <line num="113" count="1" type="stmt"/>
          <line num="114" count="1" type="cond" truecount="2" falsecount="0"/>
          <line num="116" count="1" type="stmt"/>
          <line num="120" count="1" type="stmt"/>
          <line num="121" count="10" type="stmt"/>
          <line num="123" count="1" type="stmt"/>
          <line num="124" count="1" type="stmt"/>
          <line num="125" count="1" type="stmt"/>
          <line num="127" count="1" type="stmt"/>
          <line num="129" count="1" type="stmt"/>
          <line num="130" count="1" type="cond" truecount="2" falsecount="0"/>
          <line num="133" count="1" type="stmt"/>
          <line num="136" count="1" type="stmt"/>
          <line num="137" count="1" type="stmt"/>
          <line num="139" count="1" type="stmt"/>
          <line num="143" count="1" type="stmt"/>
          <line num="144" count="1" type="stmt"/>
          <line num="145" count="1" type="stmt"/>
          <line num="146" count="1" type="stmt"/>
          <line num="147" count="1" type="stmt"/>
          <line num="148" count="1" type="stmt"/>
          <line num="150" count="1" type="stmt"/>
          <line num="152" count="1" type="stmt"/>
          <line num="155" count="1" type="stmt"/>
          <line num="156" count="1" type="stmt"/>
          <line num="157" count="1" type="stmt"/>
          <line num="158" count="1" type="stmt"/>
          <line num="159" count="1" type="stmt"/>
          <line num="160" count="1" type="stmt"/>
          <line num="162" count="1" type="stmt"/>
          <line num="164" count="1" type="stmt"/>
          <line num="168" count="1" type="stmt"/>
          <line num="169" count="1" type="stmt"/>
          <line num="170" count="1" type="stmt"/>
          <line num="171" count="1" type="stmt"/>
          <line num="172" count="1" type="stmt"/>
          <line num="174" count="1" type="stmt"/>
          <line num="176" count="1" type="stmt"/>
          <line num="178" count="1" type="stmt"/>
          <line num="179" count="1" type="stmt"/>
          <line num="180" count="1" type="stmt"/>
          <line num="181" count="1" type="stmt"/>
          <line num="182" count="1" type="stmt"/>
          <line num="183" count="1" type="stmt"/>
          <line num="187" count="1" type="stmt"/>
          <line num="188" count="1" type="stmt"/>
          <line num="189" count="4" type="stmt"/>
          <line num="192" count="1" type="stmt"/>
          <line num="193" count="1" type="stmt"/>
          <line num="194" count="1" type="cond" truecount="2" falsecount="0"/>
          <line num="196" count="1" type="stmt"/>
          <line num="197" count="1" type="stmt"/>
          <line num="198" count="1" type="cond" truecount="2" falsecount="0"/>
          <line num="200" count="1" type="stmt"/>
          <line num="203" count="1" type="stmt"/>
          <line num="204" count="1" type="stmt"/>
          <line num="205" count="1" type="stmt"/>
          <line num="208" count="1" type="stmt"/>
          <line num="209" count="1" type="stmt"/>
          <line num="211" count="1" type="stmt"/>
          <line num="212" count="1" type="stmt"/>
          <line num="215" count="1" type="stmt"/>
          <line num="216" count="1" type="stmt"/>
          <line num="218" count="1" type="stmt"/>
          <line num="219" count="1" type="stmt"/>
          <line num="225" count="1" type="stmt"/>
          <line num="226" count="1" type="stmt"/>
          <line num="227" count="1" type="stmt"/>
          <line num="228" count="1" type="stmt"/>
          <line num="229" count="1" type="stmt"/>
        </file>
        <file name="predications.js" path="/Users/joe/dev/sequoia-js-client-sdk/test/spec/predications.js">
          <metrics statements="35" coveredstatements="35" conditionals="0" coveredconditionals="0" methods="16" coveredmethods="16"/>
          <line num="3" count="1" type="stmt"/>
          <line num="4" count="1" type="stmt"/>
          <line num="5" count="1" type="stmt"/>
          <line num="6" count="1" type="stmt"/>
          <line num="7" count="1" type="stmt"/>
          <line num="8" count="1" type="stmt"/>
          <line num="11" count="1" type="stmt"/>
          <line num="12" count="1" type="stmt"/>
          <line num="14" count="1" type="stmt"/>
          <line num="15" count="12" type="stmt"/>
          <line num="18" count="1" type="stmt"/>
          <line num="19" count="1" type="stmt"/>
          <line num="22" count="1" type="stmt"/>
          <line num="23" count="1" type="stmt"/>
          <line num="26" count="1" type="stmt"/>
          <line num="27" count="1" type="stmt"/>
          <line num="28" count="1" type="stmt"/>
          <line num="31" count="1" type="stmt"/>
          <line num="32" count="1" type="stmt"/>
          <line num="35" count="1" type="stmt"/>
          <line num="36" count="1" type="stmt"/>
          <line num="39" count="1" type="stmt"/>
          <line num="40" count="1" type="stmt"/>
          <line num="43" count="1" type="stmt"/>
          <line num="44" count="1" type="stmt"/>
          <line num="47" count="1" type="stmt"/>
          <line num="48" count="1" type="stmt"/>
          <line num="51" count="1" type="stmt"/>
          <line num="52" count="1" type="stmt"/>
          <line num="55" count="1" type="stmt"/>
          <line num="56" count="1" type="stmt"/>
          <line num="59" count="1" type="stmt"/>
          <line num="60" count="1" type="stmt"/>
          <line num="63" count="1" type="stmt"/>
          <line num="64" count="1" type="stmt"/>
        </file>
        <file name="query.js" path="/Users/joe/dev/sequoia-js-client-sdk/test/spec/query.js">
          <metrics statements="81" coveredstatements="81" conditionals="0" coveredconditionals="0" methods="31" coveredmethods="31"/>
          <line num="4" count="1" type="stmt"/>
          <line num="5" count="1" type="stmt"/>
          <line num="6" count="1" type="stmt"/>
          <line num="7" count="1" type="stmt"/>
          <line num="8" count="1" type="stmt"/>
          <line num="9" count="1" type="stmt"/>
          <line num="12" count="1" type="stmt"/>
          <line num="13" count="1" type="stmt"/>
          <line num="14" count="1" type="stmt"/>
          <line num="15" count="1" type="stmt"/>
          <line num="16" count="1" type="stmt"/>
          <line num="18" count="1" type="stmt"/>
          <line num="22" count="1" type="stmt"/>
          <line num="23" count="1" type="stmt"/>
          <line num="24" count="1" type="stmt"/>
          <line num="25" count="1" type="stmt"/>
          <line num="26" count="1" type="stmt"/>
          <line num="28" count="1" type="stmt"/>
          <line num="32" count="1" type="stmt"/>
          <line num="33" count="1" type="stmt"/>
          <line num="34" count="1" type="stmt"/>
          <line num="36" count="1" type="stmt"/>
          <line num="41" count="1" type="stmt"/>
          <line num="42" count="1" type="stmt"/>
          <line num="44" count="1" type="stmt"/>
          <line num="45" count="19" type="stmt"/>
          <line num="47" count="19" type="stmt"/>
          <line num="50" count="1" type="stmt"/>
          <line num="51" count="1" type="stmt"/>
          <line num="54" count="1" type="stmt"/>
          <line num="55" count="1" type="stmt"/>
          <line num="58" count="1" type="stmt"/>
          <line num="59" count="1" type="stmt"/>
          <line num="62" count="1" type="stmt"/>
          <line num="63" count="1" type="stmt"/>
          <line num="66" count="1" type="stmt"/>
          <line num="67" count="1" type="stmt"/>
          <line num="70" count="1" type="stmt"/>
          <line num="71" count="1" type="stmt"/>
          <line num="73" count="1" type="stmt"/>
          <line num="74" count="1" type="stmt"/>
          <line num="77" count="1" type="stmt"/>
          <line num="78" count="1" type="stmt"/>
          <line num="80" count="1" type="stmt"/>
          <line num="81" count="1" type="stmt"/>
          <line num="84" count="1" type="stmt"/>
          <line num="85" count="1" type="stmt"/>
          <line num="86" count="1" type="stmt"/>
          <line num="89" count="1" type="stmt"/>
          <line num="90" count="1" type="stmt"/>
          <line num="91" count="1" type="stmt"/>
          <line num="94" count="1" type="stmt"/>
          <line num="95" count="1" type="stmt"/>
          <line num="98" count="1" type="stmt"/>
          <line num="99" count="1" type="stmt"/>
          <line num="100" count="1" type="stmt"/>
          <line num="103" count="1" type="stmt"/>
          <line num="104" count="1" type="stmt"/>
          <line num="105" count="1" type="stmt"/>
          <line num="108" count="1" type="stmt"/>
          <line num="109" count="1" type="stmt"/>
          <line num="110" count="1" type="stmt"/>
          <line num="113" count="1" type="stmt"/>
          <line num="114" count="1" type="stmt"/>
          <line num="115" count="1" type="stmt"/>
          <line num="118" count="1" type="stmt"/>
          <line num="119" count="1" type="stmt"/>
          <line num="120" count="1" type="stmt"/>
          <line num="123" count="1" type="stmt"/>
          <line num="124" count="1" type="stmt"/>
          <line num="125" count="1" type="stmt"/>
          <line num="128" count="1" type="stmt"/>
          <line num="129" count="1" type="stmt"/>
          <line num="130" count="1" type="stmt"/>
          <line num="133" count="1" type="stmt"/>
          <line num="134" count="1" type="stmt"/>
          <line num="135" count="1" type="stmt"/>
          <line num="138" count="1" type="stmt"/>
          <line num="140" count="1" type="stmt"/>
          <line num="142" count="1" type="stmt"/>
          <line num="151" count="1" type="stmt"/>
        </file>
        <file name="registry.js" path="/Users/joe/dev/sequoia-js-client-sdk/test/spec/registry.js">
          <metrics statements="102" coveredstatements="102" conditionals="2" coveredconditionals="2" methods="48" coveredmethods="48"/>
          <line num="10" count="1" type="stmt"/>
          <line num="13" count="1" type="stmt"/>
          <line num="14" count="1" type="stmt"/>
          <line num="15" count="1" type="stmt"/>
          <line num="16" count="1" type="stmt"/>
          <line num="17" count="1" type="stmt"/>
          <line num="19" count="1" type="stmt"/>
          <line num="20" count="22" type="stmt"/>
          <line num="21" count="22" type="stmt"/>
          <line num="24" count="22" type="stmt"/>
          <line num="27" count="1" type="stmt"/>
          <line num="29" count="1" type="stmt"/>
          <line num="30" count="1" type="stmt"/>
          <line num="31" count="1" type="stmt"/>
          <line num="34" count="1" type="stmt"/>
          <line num="35" count="1" type="stmt"/>
          <line num="36" count="1" type="stmt"/>
          <line num="40" count="1" type="stmt"/>
          <line num="41" count="4" type="stmt"/>
          <line num="43" count="1" type="stmt"/>
          <line num="44" count="1" type="stmt"/>
          <line num="47" count="1" type="stmt"/>
          <line num="48" count="1" type="stmt"/>
          <line num="51" count="1" type="stmt"/>
          <line num="52" count="1" type="stmt"/>
          <line num="53" count="1" type="stmt"/>
          <line num="56" count="1" type="stmt"/>
          <line num="57" count="1" type="stmt"/>
          <line num="61" count="1" type="stmt"/>
          <line num="62" count="6" type="stmt"/>
          <line num="64" count="1" type="stmt"/>
          <line num="65" count="1" type="stmt"/>
          <line num="67" count="1" type="stmt"/>
          <line num="68" count="1" type="stmt"/>
          <line num="69" count="1" type="stmt"/>
          <line num="70" count="1" type="stmt"/>
          <line num="73" count="1" type="stmt"/>
          <line num="74" count="1" type="stmt"/>
          <line num="75" count="1" type="cond" truecount="2" falsecount="0"/>
          <line num="79" count="1" type="stmt"/>
          <line num="80" count="1" type="stmt"/>
          <line num="81" count="1" type="stmt"/>
          <line num="85" count="1" type="stmt"/>
          <line num="86" count="1" type="stmt"/>
          <line num="87" count="1" type="stmt"/>
          <line num="91" count="1" type="stmt"/>
          <line num="92" count="1" type="stmt"/>
          <line num="93" count="1" type="stmt"/>
          <line num="98" count="1" type="stmt"/>
          <line num="99" count="1" type="stmt"/>
          <line num="100" count="18" type="stmt"/>
          <line num="101" count="2" type="stmt"/>
          <line num="104" count="1" type="stmt"/>
          <line num="105" count="1" type="stmt"/>
          <line num="106" count="1" type="stmt"/>
          <line num="107" count="1" type="stmt"/>
          <line num="108" count="1" type="stmt"/>
          <line num="112" count="1" type="stmt"/>
          <line num="113" count="16" type="stmt"/>
          <line num="114" count="1" type="stmt"/>
          <line num="115" count="1" type="stmt"/>
          <line num="116" count="1" type="stmt"/>
          <line num="121" count="1" type="stmt"/>
          <line num="124" count="1" type="stmt"/>
          <line num="125" count="8" type="stmt"/>
          <line num="126" count="8" type="stmt"/>
          <line num="129" count="1" type="stmt"/>
          <line num="130" count="1" type="stmt"/>
          <line num="131" count="1" type="stmt"/>
          <line num="133" count="1" type="stmt"/>
          <line num="134" count="1" type="stmt"/>
          <line num="135" count="1" type="stmt"/>
          <line num="139" count="1" type="stmt"/>
          <line num="142" count="2" type="stmt"/>
          <line num="144" count="1" type="stmt"/>
          <line num="145" count="1" type="stmt"/>
          <line num="148" count="1" type="stmt"/>
          <line num="149" count="1" type="stmt"/>
          <line num="150" count="1" type="stmt"/>
          <line num="151" count="1" type="stmt"/>
          <line num="155" count="1" type="stmt"/>
          <line num="156" count="1" type="stmt"/>
          <line num="157" count="1" type="stmt"/>
          <line num="160" count="1" type="stmt"/>
          <line num="161" count="1" type="stmt"/>
          <line num="162" count="1" type="stmt"/>
          <line num="163" count="1" type="stmt"/>
          <line num="167" count="1" type="stmt"/>
          <line num="168" count="1" type="stmt"/>
          <line num="169" count="1" type="stmt"/>
          <line num="171" count="1" type="stmt"/>
          <line num="172" count="1" type="stmt"/>
          <line num="173" count="1" type="stmt"/>
          <line num="176" count="1" type="stmt"/>
          <line num="177" count="1" type="stmt"/>
          <line num="178" count="1" type="stmt"/>
          <line num="180" count="1" type="stmt"/>
          <line num="181" count="1" type="stmt"/>
          <line num="182" count="1" type="stmt"/>
          <line num="186" count="1" type="stmt"/>
          <line num="187" count="1" type="stmt"/>
          <line num="188" count="1" type="stmt"/>
        </file>
        <file name="resource.js" path="/Users/joe/dev/sequoia-js-client-sdk/test/spec/resource.js">
          <metrics statements="155" coveredstatements="155" conditionals="2" coveredconditionals="2" methods="67" coveredmethods="67"/>
          <line num="8" count="1" type="stmt"/>
          <line num="13" count="1" type="stmt"/>
          <line num="18" count="1" type="stmt"/>
          <line num="23" count="1" type="stmt"/>
          <line num="24" count="1" type="stmt"/>
          <line num="42" count="1" type="stmt"/>
          <line num="55" count="1" type="stmt"/>
          <line num="58" count="1" type="stmt"/>
          <line num="59" count="1" type="stmt"/>
          <line num="60" count="3" type="stmt"/>
          <line num="63" count="1" type="stmt"/>
          <line num="64" count="1" type="stmt"/>
          <line num="65" count="1" type="stmt"/>
          <line num="67" count="1" type="stmt"/>
          <line num="71" count="1" type="stmt"/>
          <line num="72" count="1" type="stmt"/>
          <line num="73" count="1" type="stmt"/>
          <line num="76" count="1" type="stmt"/>
          <line num="77" count="1" type="stmt"/>
          <line num="78" count="1" type="stmt"/>
          <line num="82" count="1" type="stmt"/>
          <line num="83" count="1" type="stmt"/>
          <line num="84" count="17" type="stmt"/>
          <line num="87" count="1" type="stmt"/>
          <line num="88" count="1" type="stmt"/>
          <line num="89" count="1" type="stmt"/>
          <line num="91" count="1" type="stmt"/>
          <line num="95" count="1" type="stmt"/>
          <line num="96" count="1" type="stmt"/>
          <line num="97" count="1" type="stmt"/>
          <line num="99" count="1" type="stmt"/>
          <line num="100" count="1" type="stmt"/>
          <line num="103" count="1" type="stmt"/>
          <line num="104" count="1" type="stmt"/>
          <line num="106" count="1" type="stmt"/>
          <line num="108" count="1" type="stmt"/>
          <line num="109" count="1" type="stmt"/>
          <line num="113" count="1" type="stmt"/>
          <line num="114" count="1" type="stmt"/>
          <line num="115" count="1" type="stmt"/>
          <line num="117" count="1" type="stmt"/>
          <line num="118" count="1" type="stmt"/>
          <line num="122" count="1" type="stmt"/>
          <line num="126" count="1" type="stmt"/>
          <line num="127" count="13" type="stmt"/>
          <line num="128" count="13" type="stmt"/>
          <line num="131" count="1" type="stmt"/>
          <line num="132" count="1" type="stmt"/>
          <line num="133" count="1" type="stmt"/>
          <line num="134" count="1" type="stmt"/>
          <line num="135" count="1" type="stmt"/>
          <line num="136" count="1" type="stmt"/>
          <line num="140" count="1" type="stmt"/>
          <line num="141" count="1" type="stmt"/>
          <line num="144" count="1" type="stmt"/>
          <line num="145" count="8" type="stmt"/>
          <line num="148" count="1" type="stmt"/>
          <line num="149" count="1" type="stmt"/>
          <line num="150" count="1" type="stmt"/>
          <line num="151" count="1" type="stmt"/>
          <line num="153" count="1" type="stmt"/>
          <line num="156" count="1" type="stmt"/>
          <line num="157" count="1" type="stmt"/>
          <line num="158" count="1" type="stmt"/>
          <line num="159" count="1" type="stmt"/>
          <line num="161" count="1" type="stmt"/>
          <line num="165" count="1" type="stmt"/>
          <line num="166" count="1" type="stmt"/>
          <line num="167" count="1" type="stmt"/>
          <line num="168" count="1" type="stmt"/>
          <line num="171" count="1" type="stmt"/>
          <line num="172" count="1" type="stmt"/>
          <line num="173" count="1" type="stmt"/>
          <line num="175" count="1" type="stmt"/>
          <line num="178" count="1" type="stmt"/>
          <line num="179" count="1" type="stmt"/>
          <line num="180" count="1" type="stmt"/>
          <line num="182" count="1" type="stmt"/>
          <line num="183" count="1" type="stmt"/>
          <line num="186" count="1" type="stmt"/>
          <line num="187" count="1" type="stmt"/>
          <line num="188" count="1" type="stmt"/>
          <line num="191" count="1" type="stmt"/>
          <line num="192" count="1" type="stmt"/>
          <line num="193" count="4" type="stmt"/>
          <line num="194" count="4" type="stmt"/>
          <line num="197" count="1" type="stmt"/>
          <line num="198" count="1" type="stmt"/>
          <line num="199" count="1" type="stmt"/>
          <line num="203" count="1" type="stmt"/>
          <line num="204" count="1" type="stmt"/>
          <line num="205" count="1" type="stmt"/>
          <line num="206" count="1" type="stmt"/>
          <line num="210" count="1" type="stmt"/>
          <line num="211" count="1" type="stmt"/>
          <line num="212" count="1" type="stmt"/>
          <line num="213" count="1" type="stmt"/>
          <line num="216" count="1" type="stmt"/>
          <line num="217" count="1" type="stmt"/>
          <line num="218" count="1" type="stmt"/>
          <line num="219" count="1" type="stmt"/>
          <line num="222" count="1" type="stmt"/>
          <line num="225" count="1" type="stmt"/>
          <line num="226" count="2" type="stmt"/>
          <line num="227" count="2" type="stmt"/>
          <line num="228" count="8" type="stmt"/>
          <line num="229" count="8" type="stmt"/>
          <line num="230" count="8" type="stmt"/>
          <line num="232" count="8" type="stmt"/>
          <line num="235" count="2" type="stmt"/>
          <line num="238" count="1" type="stmt"/>
          <line num="239" count="1" type="stmt"/>
          <line num="240" count="1" type="stmt"/>
          <line num="243" count="1" type="stmt"/>
          <line num="244" count="1" type="stmt"/>
          <line num="245" count="4" type="stmt"/>
          <line num="253" count="1" type="stmt"/>
          <line num="254" count="1" type="stmt"/>
          <line num="255" count="1" type="stmt"/>
          <line num="258" count="1" type="stmt"/>
          <line num="259" count="1" type="stmt"/>
          <line num="262" count="1" type="stmt"/>
          <line num="265" count="1" type="stmt"/>
          <line num="266" count="1" type="stmt"/>
          <line num="270" count="1" type="stmt"/>
          <line num="273" count="1" type="stmt"/>
          <line num="274" count="1" type="stmt"/>
          <line num="279" count="1" type="stmt"/>
          <line num="280" count="1" type="stmt"/>
          <line num="284" count="1" type="stmt"/>
          <line num="285" count="1" type="stmt"/>
          <line num="286" count="1" type="stmt"/>
          <line num="288" count="1" type="stmt"/>
          <line num="289" count="1" type="stmt"/>
          <line num="290" count="41" type="cond" truecount="2" falsecount="0"/>
          <line num="291" count="1" type="stmt"/>
          <line num="296" count="40" type="stmt"/>
          <line num="299" count="1" type="stmt"/>
          <line num="300" count="1" type="stmt"/>
          <line num="301" count="1" type="stmt"/>
          <line num="305" count="1" type="stmt"/>
          <line num="308" count="1" type="stmt"/>
          <line num="309" count="5" type="stmt"/>
          <line num="324" count="5" type="stmt"/>
          <line num="327" count="1" type="stmt"/>
          <line num="328" count="1" type="stmt"/>
          <line num="331" count="1" type="stmt"/>
          <line num="332" count="1" type="stmt"/>
          <line num="335" count="1" type="stmt"/>
          <line num="336" count="1" type="stmt"/>
          <line num="339" count="1" type="stmt"/>
          <line num="340" count="1" type="stmt"/>
          <line num="341" count="1" type="stmt"/>
          <line num="344" count="1" type="stmt"/>
          <line num="345" count="1" type="stmt"/>
        </file>
        <file name="resource_collection.js" path="/Users/joe/dev/sequoia-js-client-sdk/test/spec/resource_collection.js">
          <metrics statements="299" coveredstatements="299" conditionals="0" coveredconditionals="0" methods="105" coveredmethods="105"/>
          <line num="9" count="1" type="stmt"/>
          <line num="10" count="1" type="stmt"/>
          <line num="15" count="1" type="stmt"/>
          <line num="18" count="1" type="stmt"/>
          <line num="19" count="57" type="stmt"/>
          <line num="22" count="1" type="stmt"/>
          <line num="23" count="1" type="stmt"/>
          <line num="26" count="1" type="stmt"/>
          <line num="27" count="1" type="stmt"/>
          <line num="28" count="1" type="stmt"/>
          <line num="30" count="1" type="stmt"/>
          <line num="31" count="1" type="stmt"/>
          <line num="33" count="1" type="stmt"/>
          <line num="36" count="1" type="stmt"/>
          <line num="37" count="1" type="stmt"/>
          <line num="40" count="1" type="stmt"/>
          <line num="41" count="1" type="stmt"/>
          <line num="44" count="1" type="stmt"/>
          <line num="45" count="1" type="stmt"/>
          <line num="46" count="1" type="stmt"/>
          <line num="48" count="1" type="stmt"/>
          <line num="51" count="1" type="stmt"/>
          <line num="54" count="1" type="stmt"/>
          <line num="55" count="1" type="stmt"/>
          <line num="57" count="1" type="stmt"/>
          <line num="58" count="1" type="stmt"/>
          <line num="60" count="1" type="stmt"/>
          <line num="61" count="1" type="stmt"/>
          <line num="62" count="1" type="stmt"/>
          <line num="65" count="1" type="stmt"/>
          <line num="66" count="1" type="stmt"/>
          <line num="67" count="1" type="stmt"/>
          <line num="68" count="1" type="stmt"/>
          <line num="71" count="1" type="stmt"/>
          <line num="72" count="1" type="stmt"/>
          <line num="73" count="1" type="stmt"/>
          <line num="74" count="1" type="stmt"/>
          <line num="75" count="1" type="stmt"/>
          <line num="76" count="1" type="stmt"/>
          <line num="79" count="1" type="stmt"/>
          <line num="80" count="1" type="stmt"/>
          <line num="81" count="1" type="stmt"/>
          <line num="82" count="1" type="stmt"/>
          <line num="83" count="1" type="stmt"/>
          <line num="86" count="1" type="stmt"/>
          <line num="87" count="1" type="stmt"/>
          <line num="88" count="1" type="stmt"/>
          <line num="89" count="1" type="stmt"/>
          <line num="90" count="1" type="stmt"/>
          <line num="91" count="1" type="stmt"/>
          <line num="94" count="1" type="stmt"/>
          <line num="95" count="1" type="stmt"/>
          <line num="96" count="1" type="stmt"/>
          <line num="97" count="1" type="stmt"/>
          <line num="98" count="1" type="stmt"/>
          <line num="99" count="1" type="stmt"/>
          <line num="102" count="1" type="stmt"/>
          <line num="103" count="1" type="stmt"/>
          <line num="104" count="1" type="stmt"/>
          <line num="105" count="1" type="stmt"/>
          <line num="106" count="1" type="stmt"/>
          <line num="107" count="1" type="stmt"/>
          <line num="108" count="1" type="stmt"/>
          <line num="109" count="1" type="stmt"/>
          <line num="112" count="1" type="stmt"/>
          <line num="113" count="1" type="stmt"/>
          <line num="114" count="1" type="stmt"/>
          <line num="115" count="1" type="stmt"/>
          <line num="116" count="1" type="stmt"/>
          <line num="119" count="1" type="stmt"/>
          <line num="127" count="1" type="stmt"/>
          <line num="128" count="1" type="stmt"/>
          <line num="131" count="1" type="stmt"/>
          <line num="132" count="1" type="stmt"/>
          <line num="133" count="1" type="stmt"/>
          <line num="134" count="1" type="stmt"/>
          <line num="135" count="1" type="stmt"/>
          <line num="138" count="1" type="stmt"/>
          <line num="146" count="1" type="stmt"/>
          <line num="147" count="1" type="stmt"/>
          <line num="150" count="1" type="stmt"/>
          <line num="151" count="1" type="stmt"/>
          <line num="152" count="1" type="stmt"/>
          <line num="153" count="1" type="stmt"/>
          <line num="154" count="1" type="stmt"/>
          <line num="156" count="1" type="stmt"/>
          <line num="157" count="1" type="stmt"/>
          <line num="158" count="1" type="stmt"/>
          <line num="162" count="1" type="stmt"/>
          <line num="163" count="1" type="stmt"/>
          <line num="166" count="1" type="stmt"/>
          <line num="167" count="1" type="stmt"/>
          <line num="168" count="1" type="stmt"/>
          <line num="169" count="1" type="stmt"/>
          <line num="170" count="1" type="stmt"/>
          <line num="172" count="1" type="stmt"/>
          <line num="173" count="1" type="stmt"/>
          <line num="174" count="1" type="stmt"/>
          <line num="178" count="1" type="stmt"/>
          <line num="179" count="1" type="stmt"/>
          <line num="181" count="1" type="stmt"/>
          <line num="182" count="14" type="stmt"/>
          <line num="185" count="1" type="stmt"/>
          <line num="186" count="1" type="stmt"/>
          <line num="187" count="1" type="stmt"/>
          <line num="189" count="1" type="stmt"/>
          <line num="190" count="1" type="stmt"/>
          <line num="191" count="1" type="stmt"/>
          <line num="195" count="1" type="stmt"/>
          <line num="196" count="1" type="stmt"/>
          <line num="197" count="1" type="stmt"/>
          <line num="199" count="1" type="stmt"/>
          <line num="201" count="1" type="stmt"/>
          <line num="204" count="1" type="stmt"/>
          <line num="205" count="1" type="stmt"/>
          <line num="206" count="1" type="stmt"/>
          <line num="210" count="1" type="stmt"/>
          <line num="211" count="1" type="stmt"/>
          <line num="212" count="1" type="stmt"/>
          <line num="215" count="1" type="stmt"/>
          <line num="216" count="1" type="stmt"/>
          <line num="217" count="1" type="stmt"/>
          <line num="220" count="1" type="stmt"/>
          <line num="221" count="1" type="stmt"/>
          <line num="222" count="1" type="stmt"/>
          <line num="224" count="1" type="stmt"/>
          <line num="225" count="1" type="stmt"/>
          <line num="228" count="1" type="stmt"/>
          <line num="229" count="1" type="stmt"/>
          <line num="230" count="2" type="stmt"/>
          <line num="233" count="1" type="stmt"/>
          <line num="234" count="24" type="stmt"/>
          <line num="235" count="1" type="stmt"/>
          <line num="238" count="1" type="stmt"/>
          <line num="239" count="24" type="stmt"/>
          <line num="240" count="1" type="stmt"/>
          <line num="244" count="1" type="stmt"/>
          <line num="245" count="1" type="stmt"/>
          <line num="246" count="1" type="stmt"/>
          <line num="247" count="1" type="stmt"/>
          <line num="250" count="1" type="stmt"/>
          <line num="251" count="1" type="stmt"/>
          <line num="252" count="1" type="stmt"/>
          <line num="254" count="1" type="stmt"/>
          <line num="255" count="4" type="stmt"/>
          <line num="257" count="1" type="stmt"/>
          <line num="258" count="1" type="stmt"/>
          <line num="259" count="1" type="stmt"/>
          <line num="261" count="1" type="stmt"/>
          <line num="264" count="1" type="stmt"/>
          <line num="265" count="1" type="stmt"/>
          <line num="266" count="1" type="stmt"/>
          <line num="268" count="1" type="stmt"/>
          <line num="269" count="4" type="stmt"/>
          <line num="271" count="1" type="stmt"/>
          <line num="272" count="1" type="stmt"/>
          <line num="273" count="1" type="stmt"/>
          <line num="275" count="1" type="stmt"/>
          <line num="280" count="1" type="stmt"/>
          <line num="281" count="1" type="stmt"/>
          <line num="282" count="1" type="stmt"/>
          <line num="283" count="1" type="stmt"/>
          <line num="286" count="1" type="stmt"/>
          <line num="287" count="1" type="stmt"/>
          <line num="288" count="1" type="stmt"/>
          <line num="289" count="1" type="stmt"/>
          <line num="293" count="1" type="stmt"/>
          <line num="294" count="1" type="stmt"/>
          <line num="296" count="1" type="stmt"/>
          <line num="297" count="1" type="stmt"/>
          <line num="298" count="1" type="stmt"/>
          <line num="299" count="1" type="stmt"/>
          <line num="301" count="1" type="stmt"/>
          <line num="307" count="1" type="stmt"/>
          <line num="308" count="1" type="stmt"/>
          <line num="309" count="2" type="stmt"/>
          <line num="310" count="2" type="stmt"/>
          <line num="311" count="2" type="stmt"/>
          <line num="313" count="2" type="stmt"/>
          <line num="316" count="1" type="stmt"/>
          <line num="317" count="2" type="stmt"/>
          <line num="320" count="1" type="stmt"/>
          <line num="321" count="1" type="stmt"/>
          <line num="323" count="1" type="stmt"/>
          <line num="324" count="1" type="stmt"/>
          <line num="327" count="1" type="stmt"/>
          <line num="329" count="1" type="stmt"/>
          <line num="331" count="1" type="stmt"/>
          <line num="332" count="1" type="stmt"/>
          <line num="336" count="1" type="stmt"/>
          <line num="337" count="1" type="stmt"/>
          <line num="338" count="1" type="stmt"/>
          <line num="339" count="1" type="stmt"/>
          <line num="342" count="1" type="stmt"/>
          <line num="343" count="1" type="stmt"/>
          <line num="345" count="1" type="stmt"/>
          <line num="346" count="5" type="stmt"/>
          <line num="347" count="5" type="stmt"/>
          <line num="350" count="1" type="stmt"/>
          <line num="351" count="1" type="stmt"/>
          <line num="353" count="1" type="stmt"/>
          <line num="354" count="1" type="stmt"/>
          <line num="355" count="1" type="stmt"/>
          <line num="358" count="1" type="stmt"/>
          <line num="359" count="1" type="stmt"/>
          <line num="360" count="1" type="stmt"/>
          <line num="363" count="1" type="stmt"/>
          <line num="364" count="1" type="stmt"/>
          <line num="365" count="1" type="stmt"/>
          <line num="368" count="1" type="stmt"/>
          <line num="369" count="1" type="stmt"/>
          <line num="370" count="1" type="stmt"/>
          <line num="375" count="1" type="stmt"/>
          <line num="376" count="1" type="stmt"/>
          <line num="378" count="1" type="stmt"/>
          <line num="379" count="19" type="stmt"/>
          <line num="382" count="1" type="stmt"/>
          <line num="385" count="1" type="stmt"/>
          <line num="387" count="4" type="stmt"/>
          <line num="388" count="4" type="stmt"/>
          <line num="389" count="4" type="stmt"/>
          <line num="392" count="1" type="stmt"/>
          <line num="393" count="4" type="stmt"/>
          <line num="396" count="1" type="stmt"/>
          <line num="397" count="1" type="stmt"/>
          <line num="399" count="1" type="stmt"/>
          <line num="402" count="1" type="stmt"/>
          <line num="403" count="1" type="stmt"/>
          <line num="405" count="1" type="stmt"/>
          <line num="408" count="1" type="stmt"/>
          <line num="409" count="1" type="stmt"/>
          <line num="411" count="1" type="stmt"/>
          <line num="413" count="1" type="stmt"/>
          <line num="415" count="1" type="stmt"/>
          <line num="418" count="1" type="stmt"/>
          <line num="419" count="1" type="stmt"/>
          <line num="423" count="1" type="stmt"/>
          <line num="424" count="1" type="stmt"/>
          <line num="425" count="1" type="stmt"/>
          <line num="427" count="1" type="stmt"/>
          <line num="429" count="1" type="stmt"/>
          <line num="432" count="1" type="stmt"/>
          <line num="433" count="1" type="stmt"/>
          <line num="434" count="1" type="stmt"/>
          <line num="435" count="1" type="stmt"/>
          <line num="438" count="1" type="stmt"/>
          <line num="439" count="1" type="stmt"/>
          <line num="443" count="1" type="stmt"/>
          <line num="444" count="1" type="stmt"/>
          <line num="445" count="1" type="stmt"/>
          <line num="446" count="1" type="stmt"/>
          <line num="447" count="1" type="stmt"/>
          <line num="448" count="1" type="stmt"/>
          <line num="451" count="1" type="stmt"/>
          <line num="452" count="1" type="stmt"/>
          <line num="456" count="1" type="stmt"/>
          <line num="457" count="1" type="stmt"/>
          <line num="458" count="1" type="stmt"/>
          <line num="459" count="1" type="stmt"/>
          <line num="460" count="1" type="stmt"/>
          <line num="462" count="1" type="stmt"/>
          <line num="463" count="1" type="stmt"/>
          <line num="464" count="1" type="stmt"/>
          <line num="467" count="1" type="stmt"/>
          <line num="468" count="1" type="stmt"/>
          <line num="469" count="1" type="stmt"/>
          <line num="474" count="1" type="stmt"/>
          <line num="475" count="1" type="stmt"/>
          <line num="476" count="1" type="stmt"/>
          <line num="478" count="1" type="stmt"/>
          <line num="481" count="1" type="stmt"/>
          <line num="485" count="1" type="stmt"/>
          <line num="486" count="1" type="stmt"/>
          <line num="487" count="24" type="stmt"/>
          <line num="490" count="1" type="stmt"/>
          <line num="491" count="1" type="stmt"/>
          <line num="492" count="1" type="stmt"/>
          <line num="495" count="1" type="stmt"/>
          <line num="496" count="1" type="stmt"/>
          <line num="497" count="1" type="stmt"/>
          <line num="500" count="1" type="stmt"/>
          <line num="501" count="1" type="stmt"/>
          <line num="502" count="1" type="stmt"/>
          <line num="503" count="1" type="stmt"/>
          <line num="504" count="1" type="stmt"/>
          <line num="505" count="1" type="stmt"/>
          <line num="508" count="1" type="stmt"/>
          <line num="509" count="1" type="stmt"/>
          <line num="513" count="1" type="stmt"/>
          <line num="517" count="1" type="stmt"/>
          <line num="518" count="1" type="stmt"/>
          <line num="519" count="1" type="stmt"/>
          <line num="520" count="1" type="stmt"/>
          <line num="522" count="1" type="stmt"/>
          <line num="525" count="1" type="stmt"/>
          <line num="526" count="1" type="stmt"/>
          <line num="529" count="1" type="stmt"/>
          <line num="530" count="1" type="stmt"/>
          <line num="531" count="1" type="stmt"/>
        </file>
        <file name="resourceful_endpoint.js" path="/Users/joe/dev/sequoia-js-client-sdk/test/spec/resourceful_endpoint.js">
          <metrics statements="193" coveredstatements="193" conditionals="4" coveredconditionals="4" methods="82" coveredmethods="82"/>
          <line num="9" count="1" type="stmt"/>
          <line num="10" count="1" type="stmt"/>
          <line num="11" count="1" type="stmt"/>
          <line num="12" count="1" type="stmt"/>
          <line num="13" count="1" type="stmt"/>
          <line num="15" count="1" type="stmt"/>
          <line num="25" count="1" type="stmt"/>
          <line num="29" count="1" type="stmt"/>
          <line num="31" count="1" type="stmt"/>
          <line num="32" count="45" type="stmt"/>
          <line num="33" count="45" type="stmt"/>
          <line num="34" count="45" type="stmt"/>
          <line num="36" count="45" type="stmt"/>
          <line num="43" count="1" type="stmt"/>
          <line num="45" count="1" type="stmt"/>
          <line num="46" count="1" type="stmt"/>
          <line num="47" count="1" type="stmt"/>
          <line num="48" count="1" type="stmt"/>
          <line num="52" count="1" type="stmt"/>
          <line num="53" count="1" type="stmt"/>
          <line num="54" count="1" type="stmt"/>
          <line num="58" count="1" type="stmt"/>
          <line num="59" count="1" type="stmt"/>
          <line num="63" count="1" type="stmt"/>
          <line num="64" count="1" type="stmt"/>
          <line num="65" count="1" type="stmt"/>
          <line num="66" count="1" type="stmt"/>
          <line num="69" count="1" type="stmt"/>
          <line num="70" count="1" type="stmt"/>
          <line num="71" count="1" type="stmt"/>
          <line num="75" count="1" type="stmt"/>
          <line num="76" count="1" type="stmt"/>
          <line num="77" count="1" type="stmt"/>
          <line num="80" count="1" type="stmt"/>
          <line num="81" count="1" type="stmt"/>
          <line num="84" count="1" type="stmt"/>
          <line num="85" count="1" type="stmt"/>
          <line num="88" count="1" type="stmt"/>
          <line num="89" count="1" type="stmt"/>
          <line num="97" count="1" type="stmt"/>
          <line num="100" count="1" type="stmt"/>
          <line num="101" count="1" type="stmt"/>
          <line num="104" count="1" type="stmt"/>
          <line num="105" count="1" type="stmt"/>
          <line num="106" count="1" type="stmt"/>
          <line num="109" count="1" type="stmt"/>
          <line num="110" count="1" type="stmt"/>
          <line num="111" count="1" type="stmt"/>
          <line num="114" count="1" type="stmt"/>
          <line num="115" count="1" type="stmt"/>
          <line num="116" count="1" type="stmt"/>
          <line num="120" count="1" type="stmt"/>
          <line num="121" count="1" type="stmt"/>
          <line num="122" count="1" type="stmt"/>
          <line num="126" count="1" type="stmt"/>
          <line num="127" count="1" type="stmt"/>
          <line num="128" count="1" type="stmt"/>
          <line num="131" count="1" type="stmt"/>
          <line num="132" count="1" type="stmt"/>
          <line num="133" count="1" type="stmt"/>
          <line num="137" count="1" type="stmt"/>
          <line num="138" count="1" type="stmt"/>
          <line num="139" count="1" type="stmt"/>
          <line num="143" count="1" type="stmt"/>
          <line num="144" count="1" type="stmt"/>
          <line num="145" count="1" type="stmt"/>
          <line num="149" count="1" type="stmt"/>
          <line num="150" count="1" type="stmt"/>
          <line num="151" count="1" type="stmt"/>
          <line num="155" count="1" type="stmt"/>
          <line num="156" count="1" type="stmt"/>
          <line num="157" count="1" type="stmt"/>
          <line num="158" count="1" type="stmt"/>
          <line num="162" count="1" type="stmt"/>
          <line num="167" count="1" type="stmt"/>
          <line num="168" count="1" type="stmt"/>
          <line num="174" count="1" type="stmt"/>
          <line num="175" count="1" type="stmt"/>
          <line num="176" count="1" type="stmt"/>
          <line num="179" count="1" type="stmt"/>
          <line num="180" count="1" type="stmt"/>
          <line num="183" count="1" type="stmt"/>
          <line num="184" count="1" type="stmt"/>
          <line num="187" count="1" type="stmt"/>
          <line num="188" count="1" type="stmt"/>
          <line num="189" count="1" type="stmt"/>
          <line num="192" count="1" type="stmt"/>
          <line num="193" count="1" type="stmt"/>
          <line num="194" count="1" type="stmt"/>
          <line num="195" count="1" type="stmt"/>
          <line num="196" count="1" type="stmt"/>
          <line num="197" count="1" type="stmt"/>
          <line num="201" count="1" type="stmt"/>
          <line num="202" count="1" type="stmt"/>
          <line num="204" count="6" type="stmt"/>
          <line num="206" count="1" type="stmt"/>
          <line num="207" count="1" type="stmt"/>
          <line num="208" count="1" type="stmt"/>
          <line num="211" count="1" type="stmt"/>
          <line num="212" count="1" type="stmt"/>
          <line num="215" count="1" type="stmt"/>
          <line num="216" count="1" type="stmt"/>
          <line num="217" count="1" type="stmt"/>
          <line num="219" count="1" type="stmt"/>
          <line num="220" count="1" type="stmt"/>
          <line num="222" count="1" type="stmt"/>
          <line num="223" count="1" type="stmt"/>
          <line num="227" count="1" type="stmt"/>
          <line num="228" count="1" type="stmt"/>
          <line num="229" count="1" type="stmt"/>
          <line num="230" count="1" type="stmt"/>
          <line num="233" count="1" type="stmt"/>
          <line num="234" count="1" type="stmt"/>
          <line num="238" count="1" type="stmt"/>
          <line num="239" count="1" type="stmt"/>
          <line num="240" count="1" type="stmt"/>
          <line num="241" count="1" type="stmt"/>
          <line num="242" count="1" type="stmt"/>
          <line num="243" count="1" type="stmt"/>
          <line num="246" count="1" type="stmt"/>
          <line num="247" count="1" type="stmt"/>
          <line num="248" count="1" type="stmt"/>
          <line num="252" count="1" type="stmt"/>
          <line num="253" count="1" type="stmt"/>
          <line num="254" count="6" type="stmt"/>
          <line num="255" count="49" type="stmt"/>
          <line num="257" count="49" type="stmt"/>
          <line num="259" count="49" type="cond" truecount="4" falsecount="0"/>
          <line num="260" count="44" type="stmt"/>
          <line num="263" count="49" type="stmt"/>
          <line num="267" count="1" type="stmt"/>
          <line num="268" count="5" type="stmt"/>
          <line num="269" count="5" type="stmt"/>
          <line num="272" count="1" type="stmt"/>
          <line num="274" count="1" type="stmt"/>
          <line num="275" count="1" type="stmt"/>
          <line num="277" count="1" type="stmt"/>
          <line num="279" count="1" type="stmt"/>
          <line num="280" count="1" type="stmt"/>
          <line num="281" count="1" type="stmt"/>
          <line num="284" count="1" type="stmt"/>
          <line num="285" count="1" type="stmt"/>
          <line num="286" count="1" type="stmt"/>
          <line num="289" count="1" type="stmt"/>
          <line num="290" count="1" type="stmt"/>
          <line num="291" count="1" type="stmt"/>
          <line num="295" count="1" type="stmt"/>
          <line num="296" count="1" type="stmt"/>
          <line num="297" count="1" type="stmt"/>
          <line num="299" count="1" type="stmt"/>
          <line num="300" count="278" type="stmt"/>
          <line num="301" count="278" type="stmt"/>
          <line num="305" count="1" type="stmt"/>
          <line num="306" count="1" type="stmt"/>
          <line num="307" count="1" type="stmt"/>
          <line num="308" count="1" type="stmt"/>
          <line num="310" count="1" type="stmt"/>
          <line num="314" count="1" type="stmt"/>
          <line num="315" count="1" type="stmt"/>
          <line num="316" count="1" type="stmt"/>
          <line num="317" count="1" type="stmt"/>
          <line num="318" count="1" type="stmt"/>
          <line num="321" count="1" type="stmt"/>
          <line num="322" count="1" type="stmt"/>
          <line num="323" count="1" type="stmt"/>
          <line num="327" count="1" type="stmt"/>
          <line num="328" count="1" type="stmt"/>
          <line num="329" count="1" type="stmt"/>
          <line num="331" count="1" type="stmt"/>
          <line num="332" count="1" type="stmt"/>
          <line num="335" count="1" type="stmt"/>
          <line num="336" count="1" type="stmt"/>
          <line num="337" count="1" type="stmt"/>
          <line num="341" count="1" type="stmt"/>
          <line num="342" count="1" type="stmt"/>
          <line num="343" count="1" type="stmt"/>
          <line num="344" count="1" type="stmt"/>
          <line num="345" count="1" type="stmt"/>
          <line num="349" count="1" type="stmt"/>
          <line num="350" count="1" type="stmt"/>
          <line num="351" count="1" type="stmt"/>
          <line num="352" count="1" type="stmt"/>
          <line num="353" count="1" type="stmt"/>
          <line num="357" count="1" type="stmt"/>
          <line num="358" count="1" type="stmt"/>
          <line num="359" count="1" type="stmt"/>
          <line num="360" count="1" type="stmt"/>
          <line num="361" count="1" type="stmt"/>
          <line num="364" count="1" type="stmt"/>
          <line num="365" count="1" type="stmt"/>
          <line num="367" count="1" type="stmt"/>
          <line num="368" count="1" type="stmt"/>
          <line num="369" count="1" type="stmt"/>
        </file>
        <file name="session.js" path="/Users/joe/dev/sequoia-js-client-sdk/test/spec/session.js">
          <metrics statements="161" coveredstatements="161" conditionals="0" coveredconditionals="0" methods="39" coveredmethods="39"/>
          <line num="10" count="1" type="stmt"/>
          <line num="12" count="1" type="stmt"/>
          <line num="13" count="1" type="stmt"/>
          <line num="14" count="1" type="stmt"/>
          <line num="15" count="1" type="stmt"/>
          <line num="16" count="1" type="stmt"/>
          <line num="17" count="1" type="stmt"/>
          <line num="18" count="1" type="stmt"/>
          <line num="19" count="1" type="stmt"/>
          <line num="20" count="1" type="stmt"/>
          <line num="21" count="1" type="stmt"/>
          <line num="22" count="1" type="stmt"/>
          <line num="26" count="1" type="stmt"/>
          <line num="28" count="1" type="stmt"/>
          <line num="29" count="22" type="stmt"/>
          <line num="31" count="22" type="stmt"/>
          <line num="39" count="22" type="stmt"/>
          <line num="40" count="22" type="stmt"/>
          <line num="43" count="1" type="stmt"/>
          <line num="44" count="22" type="stmt"/>
          <line num="45" count="22" type="stmt"/>
          <line num="46" count="22" type="stmt"/>
          <line num="47" count="22" type="stmt"/>
          <line num="50" count="1" type="stmt"/>
          <line num="51" count="1" type="stmt"/>
          <line num="52" count="1" type="stmt"/>
          <line num="53" count="1" type="stmt"/>
          <line num="54" count="1" type="stmt"/>
          <line num="55" count="1" type="stmt"/>
          <line num="56" count="1" type="stmt"/>
          <line num="57" count="1" type="stmt"/>
          <line num="58" count="1" type="stmt"/>
          <line num="62" count="1" type="stmt"/>
          <line num="63" count="1" type="stmt"/>
          <line num="64" count="6" type="stmt"/>
          <line num="67" count="1" type="stmt"/>
          <line num="68" count="1" type="stmt"/>
          <line num="69" count="1" type="stmt"/>
          <line num="72" count="1" type="stmt"/>
          <line num="73" count="1" type="stmt"/>
          <line num="75" count="1" type="stmt"/>
          <line num="78" count="1" type="stmt"/>
          <line num="79" count="1" type="stmt"/>
          <line num="82" count="1" type="stmt"/>
          <line num="83" count="1" type="stmt"/>
          <line num="84" count="1" type="stmt"/>
          <line num="86" count="1" type="stmt"/>
          <line num="89" count="1" type="stmt"/>
          <line num="90" count="1" type="stmt"/>
          <line num="93" count="1" type="stmt"/>
          <line num="94" count="1" type="stmt"/>
          <line num="95" count="1" type="stmt"/>
          <line num="96" count="1" type="stmt"/>
          <line num="97" count="1" type="stmt"/>
          <line num="98" count="1" type="stmt"/>
          <line num="100" count="1" type="stmt"/>
          <line num="103" count="1" type="stmt"/>
          <line num="104" count="1" type="stmt"/>
          <line num="107" count="1" type="stmt"/>
          <line num="108" count="1" type="stmt"/>
          <line num="109" count="1" type="stmt"/>
          <line num="110" count="1" type="stmt"/>
          <line num="111" count="1" type="stmt"/>
          <line num="112" count="1" type="stmt"/>
          <line num="114" count="1" type="stmt"/>
          <line num="117" count="1" type="stmt"/>
          <line num="118" count="1" type="stmt"/>
          <line num="121" count="1" type="stmt"/>
          <line num="123" count="1" type="stmt"/>
          <line num="125" count="1" type="stmt"/>
          <line num="131" count="1" type="stmt"/>
          <line num="134" count="1" type="stmt"/>
          <line num="135" count="1" type="stmt"/>
          <line num="139" count="1" type="stmt"/>
          <line num="140" count="1" type="stmt"/>
          <line num="141" count="2" type="stmt"/>
          <line num="144" count="1" type="stmt"/>
          <line num="145" count="1" type="stmt"/>
          <line num="147" count="1" type="stmt"/>
          <line num="149" count="1" type="stmt"/>
          <line num="152" count="1" type="stmt"/>
          <line num="153" count="1" type="stmt"/>
          <line num="155" count="1" type="stmt"/>
          <line num="156" count="1" type="stmt"/>
          <line num="159" count="1" type="stmt"/>
          <line num="160" count="1" type="stmt"/>
          <line num="162" count="1" type="stmt"/>
          <line num="165" count="1" type="stmt"/>
          <line num="169" count="1" type="stmt"/>
          <line num="171" count="1" type="stmt"/>
          <line num="172" count="1" type="stmt"/>
          <line num="176" count="1" type="stmt"/>
          <line num="177" count="1" type="stmt"/>
          <line num="178" count="1" type="stmt"/>
          <line num="179" count="1" type="stmt"/>
          <line num="181" count="1" type="stmt"/>
          <line num="184" count="1" type="stmt"/>
          <line num="186" count="1" type="stmt"/>
          <line num="187" count="1" type="stmt"/>
          <line num="196" count="1" type="stmt"/>
          <line num="197" count="1" type="stmt"/>
          <line num="199" count="1" type="stmt"/>
          <line num="201" count="1" type="stmt"/>
          <line num="204" count="1" type="stmt"/>
          <line num="205" count="1" type="stmt"/>
          <line num="207" count="1" type="stmt"/>
          <line num="209" count="1" type="stmt"/>
          <line num="210" count="1" type="stmt"/>
          <line num="212" count="1" type="stmt"/>
          <line num="214" count="1" type="stmt"/>
          <line num="215" count="1" type="stmt"/>
          <line num="219" count="1" type="stmt"/>
          <line num="220" count="1" type="stmt"/>
          <line num="221" count="1" type="stmt"/>
          <line num="222" count="1" type="stmt"/>
          <line num="223" count="1" type="stmt"/>
          <line num="225" count="1" type="stmt"/>
          <line num="227" count="1" type="stmt"/>
          <line num="228" count="1" type="stmt"/>
          <line num="229" count="1" type="stmt"/>
          <line num="232" count="1" type="stmt"/>
          <line num="233" count="1" type="stmt"/>
          <line num="234" count="1" type="stmt"/>
          <line num="235" count="1" type="stmt"/>
          <line num="237" count="1" type="stmt"/>
          <line num="238" count="1" type="stmt"/>
          <line num="239" count="1" type="stmt"/>
          <line num="243" count="1" type="stmt"/>
          <line num="244" count="6" type="stmt"/>
          <line num="246" count="1" type="stmt"/>
          <line num="247" count="1" type="stmt"/>
          <line num="248" count="1" type="stmt"/>
          <line num="256" count="1" type="stmt"/>
          <line num="259" count="1" type="stmt"/>
          <line num="260" count="1" type="stmt"/>
          <line num="261" count="1" type="stmt"/>
          <line num="262" count="1" type="stmt"/>
          <line num="263" count="1" type="stmt"/>
          <line num="267" count="1" type="stmt"/>
          <line num="268" count="1" type="stmt"/>
          <line num="269" count="1" type="stmt"/>
          <line num="272" count="1" type="stmt"/>
          <line num="273" count="1" type="stmt"/>
          <line num="274" count="1" type="stmt"/>
          <line num="290" count="1" type="stmt"/>
          <line num="291" count="1" type="stmt"/>
          <line num="292" count="1" type="stmt"/>
          <line num="296" count="1" type="stmt"/>
          <line num="297" count="1" type="stmt"/>
          <line num="298" count="1" type="stmt"/>
          <line num="300" count="1" type="stmt"/>
          <line num="301" count="1" type="stmt"/>
          <line num="306" count="1" type="stmt"/>
          <line num="307" count="1" type="stmt"/>
          <line num="308" count="2" type="stmt"/>
          <line num="311" count="1" type="stmt"/>
          <line num="312" count="1" type="stmt"/>
          <line num="313" count="1" type="stmt"/>
          <line num="316" count="1" type="stmt"/>
          <line num="317" count="1" type="stmt"/>
          <line num="318" count="1" type="stmt"/>
        </file>
        <file name="transport.js" path="/Users/joe/dev/sequoia-js-client-sdk/test/spec/transport.js">
          <metrics statements="54" coveredstatements="54" conditionals="2" coveredconditionals="2" methods="20" coveredmethods="20"/>
          <line num="4" count="1" type="stmt"/>
          <line num="5" count="1" type="stmt"/>
          <line num="9" count="1" type="stmt"/>
          <line num="10" count="13" type="stmt"/>
          <line num="13" count="1" type="stmt"/>
          <line num="14" count="13" type="stmt"/>
          <line num="15" count="13" type="stmt"/>
          <line num="18" count="1" type="stmt"/>
          <line num="19" count="1" type="stmt"/>
          <line num="20" count="1" type="stmt"/>
          <line num="21" count="1" type="stmt"/>
          <line num="22" count="1" type="stmt"/>
          <line num="23" count="1" type="stmt"/>
          <line num="26" count="1" type="stmt"/>
          <line num="27" count="1" type="stmt"/>
          <line num="28" count="1" type="stmt"/>
          <line num="32" count="1" type="stmt"/>
          <line num="35" count="1" type="stmt"/>
          <line num="36" count="1" type="stmt"/>
          <line num="38" count="1" type="stmt"/>
          <line num="41" count="1" type="stmt"/>
          <line num="42" count="1" type="stmt"/>
          <line num="44" count="1" type="stmt"/>
          <line num="45" count="1" type="cond" truecount="2" falsecount="0"/>
          <line num="49" count="1" type="stmt"/>
          <line num="50" count="1" type="stmt"/>
          <line num="52" count="1" type="stmt"/>
          <line num="56" count="1" type="stmt"/>
          <line num="57" count="1" type="stmt"/>
          <line num="58" count="8" type="stmt"/>
          <line num="60" count="1" type="stmt"/>
          <line num="61" count="1" type="stmt"/>
          <line num="63" count="1" type="stmt"/>
          <line num="66" count="1" type="stmt"/>
          <line num="67" count="1" type="stmt"/>
          <line num="69" count="1" type="stmt"/>
          <line num="72" count="1" type="stmt"/>
          <line num="73" count="1" type="stmt"/>
          <line num="75" count="1" type="stmt"/>
          <line num="78" count="1" type="stmt"/>
          <line num="79" count="1" type="stmt"/>
          <line num="81" count="1" type="stmt"/>
          <line num="84" count="1" type="stmt"/>
          <line num="85" count="1" type="stmt"/>
          <line num="87" count="1" type="stmt"/>
          <line num="90" count="1" type="stmt"/>
          <line num="91" count="1" type="stmt"/>
          <line num="93" count="1" type="stmt"/>
          <line num="96" count="1" type="stmt"/>
          <line num="97" count="1" type="stmt"/>
          <line num="99" count="1" type="stmt"/>
          <line num="103" count="1" type="stmt"/>
          <line num="104" count="1" type="stmt"/>
          <line num="105" count="1" type="stmt"/>
        </file>
      </package>
    </metrics>
  </project>
</coverage>
