{"/Users/joe/dev/sequoia-js-client-sdk/lib/business_endpoint.js": {"path":"/Users/joe/dev/sequoia-js-client-sdk/lib/business_endpoint.js","statementMap":{"0":{"start":{"line":5,"column":2},"end":{"line":5,"column":25}},"1":{"start":{"line":6,"column":2},"end":{"line":6,"column":41}},"2":{"start":{"line":46,"column":4},"end":{"line":46,"column":31}},"3":{"start":{"line":47,"column":4},"end":{"line":47,"column":29}},"4":{"start":{"line":49,"column":19},"end":{"line":49,"column":27}},"5":{"start":{"line":50,"column":19},"end":{"line":50,"column":21}},"6":{"start":{"line":51,"column":23},"end":{"line":51,"column":77}},"7":{"start":{"line":53,"column":4},"end":{"line":57,"column":7}},"8":{"start":{"line":54,"column":6},"end":{"line":56,"column":7}},"9":{"start":{"line":55,"column":8},"end":{"line":55,"column":79}},"10":{"start":{"line":59,"column":4},"end":{"line":61,"column":5}},"11":{"start":{"line":60,"column":6},"end":{"line":60,"column":41}},"12":{"start":{"line":63,"column":4},"end":{"line":65,"column":7}},"13":{"start":{"line":64,"column":6},"end":{"line":64,"column":71}},"14":{"start":{"line":68,"column":4},"end":{"line":68,"column":42}},"15":{"start":{"line":69,"column":4},"end":{"line":69,"column":64}},"16":{"start":{"line":86,"column":23},"end":{"line":86,"column":36}},"17":{"start":{"line":87,"column":25},"end":{"line":87,"column":59}},"18":{"start":{"line":89,"column":4},"end":{"line":89,"column":86}},"19":{"start":{"line":120,"column":23},"end":{"line":120,"column":36}},"20":{"start":{"line":122,"column":4},"end":{"line":124,"column":5}},"21":{"start":{"line":123,"column":6},"end":{"line":123,"column":67}},"22":{"start":{"line":123,"column":42},"end":{"line":123,"column":65}},"23":{"start":{"line":126,"column":4},"end":{"line":126,"column":14}},"24":{"start":{"line":139,"column":4},"end":{"line":139,"column":57}},"25":{"start":{"line":139,"column":49},"end":{"line":139,"column":55}},"26":{"start":{"line":157,"column":16},"end":{"line":157,"column":18}},"27":{"start":{"line":159,"column":4},"end":{"line":165,"column":5}},"28":{"start":{"line":160,"column":6},"end":{"line":162,"column":7}},"29":{"start":{"line":161,"column":8},"end":{"line":161,"column":32}},"30":{"start":{"line":163,"column":11},"end":{"line":165,"column":5}},"31":{"start":{"line":164,"column":6},"end":{"line":164,"column":46}},"32":{"start":{"line":167,"column":31},"end":{"line":167,"column":68}},"33":{"start":{"line":169,"column":4},"end":{"line":173,"column":7}},"34":{"start":{"line":170,"column":6},"end":{"line":172,"column":7}},"35":{"start":{"line":171,"column":8},"end":{"line":171,"column":105}},"36":{"start":{"line":175,"column":4},"end":{"line":175,"column":17}},"37":{"start":{"line":192,"column":4},"end":{"line":192,"column":72}}},"fnMap":{"0":{"name":"InvalidCriteriaException","decl":{"start":{"line":4,"column":16},"end":{"line":4,"column":40}},"loc":{"start":{"line":4,"column":50},"end":{"line":7,"column":1}},"line":4},"1":{"name":"(anonymous_1)","decl":{"start":{"line":45,"column":2},"end":{"line":45,"column":3}},"loc":{"start":{"line":45,"column":48},"end":{"line":70,"column":3}},"line":45},"2":{"name":"(anonymous_2)","decl":{"start":{"line":53,"column":53},"end":{"line":53,"column":54}},"loc":{"start":{"line":53,"column":68},"end":{"line":57,"column":5}},"line":53},"3":{"name":"(anonymous_3)","decl":{"start":{"line":63,"column":36},"end":{"line":63,"column":37}},"loc":{"start":{"line":63,"column":45},"end":{"line":65,"column":5}},"line":63},"4":{"name":"(anonymous_4)","decl":{"start":{"line":85,"column":2},"end":{"line":85,"column":3}},"loc":{"start":{"line":85,"column":27},"end":{"line":90,"column":3}},"line":85},"5":{"name":"(anonymous_5)","decl":{"start":{"line":119,"column":2},"end":{"line":119,"column":3}},"loc":{"start":{"line":119,"column":32},"end":{"line":127,"column":3}},"line":119},"6":{"name":"(anonymous_6)","decl":{"start":{"line":123,"column":33},"end":{"line":123,"column":34}},"loc":{"start":{"line":123,"column":42},"end":{"line":123,"column":65}},"line":123},"7":{"name":"(anonymous_7)","decl":{"start":{"line":138,"column":2},"end":{"line":138,"column":3}},"loc":{"start":{"line":138,"column":36},"end":{"line":140,"column":3}},"line":138},"8":{"name":"(anonymous_8)","decl":{"start":{"line":139,"column":44},"end":{"line":139,"column":45}},"loc":{"start":{"line":139,"column":49},"end":{"line":139,"column":55}},"line":139},"9":{"name":"(anonymous_9)","decl":{"start":{"line":156,"column":2},"end":{"line":156,"column":3}},"loc":{"start":{"line":156,"column":28},"end":{"line":176,"column":3}},"line":156},"10":{"name":"(anonymous_10)","decl":{"start":{"line":169,"column":45},"end":{"line":169,"column":46}},"loc":{"start":{"line":169,"column":64},"end":{"line":173,"column":5}},"line":169},"11":{"name":"(anonymous_11)","decl":{"start":{"line":191,"column":2},"end":{"line":191,"column":3}},"loc":{"start":{"line":191,"column":24},"end":{"line":193,"column":3}},"line":191}},"branchMap":{"0":{"loc":{"start":{"line":53,"column":5},"end":{"line":53,"column":43}},"type":"binary-expr","locations":[{"start":{"line":53,"column":5},"end":{"line":53,"column":37}},{"start":{"line":53,"column":41},"end":{"line":53,"column":43}}],"line":53},"1":{"loc":{"start":{"line":54,"column":6},"end":{"line":56,"column":7}},"type":"if","locations":[{"start":{"line":54,"column":6},"end":{"line":56,"column":7}},{"start":{"line":54,"column":6},"end":{"line":56,"column":7}}],"line":54},"2":{"loc":{"start":{"line":54,"column":10},"end":{"line":54,"column":64}},"type":"binary-expr","locations":[{"start":{"line":54,"column":10},"end":{"line":54,"column":36}},{"start":{"line":54,"column":40},"end":{"line":54,"column":64}}],"line":54},"3":{"loc":{"start":{"line":59,"column":4},"end":{"line":61,"column":5}},"type":"if","locations":[{"start":{"line":59,"column":4},"end":{"line":61,"column":5}},{"start":{"line":59,"column":4},"end":{"line":61,"column":5}}],"line":59},"4":{"loc":{"start":{"line":122,"column":4},"end":{"line":124,"column":5}},"type":"if","locations":[{"start":{"line":122,"column":4},"end":{"line":124,"column":5}},{"start":{"line":122,"column":4},"end":{"line":124,"column":5}}],"line":122},"5":{"loc":{"start":{"line":122,"column":8},"end":{"line":122,"column":30}},"type":"binary-expr","locations":[{"start":{"line":122,"column":8},"end":{"line":122,"column":14}},{"start":{"line":122,"column":18},"end":{"line":122,"column":30}}],"line":122},"6":{"loc":{"start":{"line":159,"column":4},"end":{"line":165,"column":5}},"type":"if","locations":[{"start":{"line":159,"column":4},"end":{"line":165,"column":5}},{"start":{"line":159,"column":4},"end":{"line":165,"column":5}}],"line":159},"7":{"loc":{"start":{"line":160,"column":6},"end":{"line":162,"column":7}},"type":"if","locations":[{"start":{"line":160,"column":6},"end":{"line":162,"column":7}},{"start":{"line":160,"column":6},"end":{"line":162,"column":7}}],"line":160},"8":{"loc":{"start":{"line":163,"column":11},"end":{"line":165,"column":5}},"type":"if","locations":[{"start":{"line":163,"column":11},"end":{"line":165,"column":5}},{"start":{"line":163,"column":11},"end":{"line":165,"column":5}}],"line":163},"9":{"loc":{"start":{"line":170,"column":6},"end":{"line":172,"column":7}},"type":"if","locations":[{"start":{"line":170,"column":6},"end":{"line":172,"column":7}},{"start":{"line":170,"column":6},"end":{"line":172,"column":7}}],"line":170}},"s":{"0":6,"1":6,"2":62,"3":62,"4":62,"5":53,"6":32,"7":62,"8":23,"9":31,"10":71,"11":31,"12":60,"13":42,"14":44,"15":42,"16":50,"17":4,"18":16,"19":22,"20":24,"21":15,"22":50,"23":9,"24":16,"25":18,"26":16,"27":12,"28":11,"29":12,"30":7,"31":2,"32":10,"33":10,"34":6,"35":2,"36":8,"37":10},"f":{"0":6,"1":62,"2":44,"3":80,"4":4,"5":28,"6":96,"7":28,"8":16,"9":20,"10":12,"11":20},"b":{"0":[62,40],"1":[2,42],"2":[44,2],"3":[2,60],"4":[24,4],"5":[28,28],"6":[6,14],"7":[4,2],"8":[4,10],"9":[4,8]},"_coverageSchema":"332fd63041d2c1bcb487cc26dd0d5f7d97098a6c","hash":"891be0a72be1dbb8b208bf0ce77c32b5e92d894d"}
,"/Users/joe/dev/sequoia-js-client-sdk/lib/client.js": {"path":"/Users/joe/dev/sequoia-js-client-sdk/lib/client.js","statementMap":{"0":{"start":{"line":81,"column":4},"end":{"line":81,"column":37}},"1":{"start":{"line":82,"column":4},"end":{"line":82,"column":62}},"2":{"start":{"line":83,"column":4},"end":{"line":83,"column":86}},"3":{"start":{"line":85,"column":4},"end":{"line":85,"column":40}},"4":{"start":{"line":85,"column":16},"end":{"line":85,"column":40}},"5":{"start":{"line":86,"column":4},"end":{"line":86,"column":36}},"6":{"start":{"line":86,"column":15},"end":{"line":86,"column":36}},"7":{"start":{"line":97,"column":4},"end":{"line":97,"column":49}},"8":{"start":{"line":154,"column":4},"end":{"line":157,"column":32}},"9":{"start":{"line":156,"column":23},"end":{"line":156,"column":66}},"10":{"start":{"line":157,"column":18},"end":{"line":157,"column":30}},"11":{"start":{"line":201,"column":14},"end":{"line":201,"column":55}},"12":{"start":{"line":203,"column":4},"end":{"line":203,"column":99}},"13":{"start":{"line":203,"column":29},"end":{"line":203,"column":72}},"14":{"start":{"line":203,"column":85},"end":{"line":203,"column":97}},"15":{"start":{"line":212,"column":4},"end":{"line":212,"column":34}},"16":{"start":{"line":250,"column":4},"end":{"line":256,"column":5}},"17":{"start":{"line":251,"column":24},"end":{"line":251,"column":67}},"18":{"start":{"line":251,"column":57},"end":{"line":251,"column":66}},"19":{"start":{"line":253,"column":6},"end":{"line":255,"column":7}},"20":{"start":{"line":253,"column":31},"end":{"line":253,"column":47}},"21":{"start":{"line":254,"column":8},"end":{"line":254,"column":66}},"22":{"start":{"line":258,"column":4},"end":{"line":258,"column":44}},"23":{"start":{"line":262,"column":4},"end":{"line":265,"column":32}},"24":{"start":{"line":264,"column":18},"end":{"line":264,"column":47}},"25":{"start":{"line":265,"column":18},"end":{"line":265,"column":30}},"26":{"start":{"line":276,"column":4},"end":{"line":276,"column":39}},"27":{"start":{"line":288,"column":4},"end":{"line":288,"column":44}},"28":{"start":{"line":297,"column":0},"end":{"line":297,"column":21}},"29":{"start":{"line":298,"column":0},"end":{"line":298,"column":21}},"30":{"start":{"line":299,"column":0},"end":{"line":299,"column":21}},"31":{"start":{"line":300,"column":0},"end":{"line":300,"column":31}}},"fnMap":{"0":{"name":"(anonymous_0)","decl":{"start":{"line":74,"column":2},"end":{"line":74,"column":3}},"loc":{"start":{"line":80,"column":5},"end":{"line":87,"column":3}},"line":80},"1":{"name":"(anonymous_1)","decl":{"start":{"line":96,"column":2},"end":{"line":96,"column":3}},"loc":{"start":{"line":96,"column":23},"end":{"line":98,"column":3}},"line":96},"2":{"name":"(anonymous_2)","decl":{"start":{"line":153,"column":2},"end":{"line":153,"column":3}},"loc":{"start":{"line":153,"column":61},"end":{"line":158,"column":3}},"line":153},"3":{"name":"(anonymous_3)","decl":{"start":{"line":156,"column":12},"end":{"line":156,"column":13}},"loc":{"start":{"line":156,"column":23},"end":{"line":156,"column":66}},"line":156},"4":{"name":"(anonymous_4)","decl":{"start":{"line":157,"column":12},"end":{"line":157,"column":13}},"loc":{"start":{"line":157,"column":18},"end":{"line":157,"column":30}},"line":157},"5":{"name":"(anonymous_5)","decl":{"start":{"line":200,"column":2},"end":{"line":200,"column":3}},"loc":{"start":{"line":200,"column":18},"end":{"line":204,"column":3}},"line":200},"6":{"name":"(anonymous_6)","decl":{"start":{"line":203,"column":18},"end":{"line":203,"column":19}},"loc":{"start":{"line":203,"column":29},"end":{"line":203,"column":72}},"line":203},"7":{"name":"(anonymous_7)","decl":{"start":{"line":203,"column":79},"end":{"line":203,"column":80}},"loc":{"start":{"line":203,"column":85},"end":{"line":203,"column":97}},"line":203},"8":{"name":"(anonymous_8)","decl":{"start":{"line":211,"column":2},"end":{"line":211,"column":3}},"loc":{"start":{"line":211,"column":11},"end":{"line":213,"column":3}},"line":211},"9":{"name":"(anonymous_9)","decl":{"start":{"line":247,"column":2},"end":{"line":247,"column":3}},"loc":{"start":{"line":247,"column":25},"end":{"line":266,"column":3}},"line":247},"10":{"name":"(anonymous_10)","decl":{"start":{"line":251,"column":49},"end":{"line":251,"column":50}},"loc":{"start":{"line":251,"column":57},"end":{"line":251,"column":66}},"line":251},"11":{"name":"(anonymous_11)","decl":{"start":{"line":253,"column":26},"end":{"line":253,"column":27}},"loc":{"start":{"line":253,"column":31},"end":{"line":253,"column":47}},"line":253},"12":{"name":"(anonymous_12)","decl":{"start":{"line":264,"column":12},"end":{"line":264,"column":13}},"loc":{"start":{"line":264,"column":18},"end":{"line":264,"column":47}},"line":264},"13":{"name":"(anonymous_13)","decl":{"start":{"line":265,"column":12},"end":{"line":265,"column":13}},"loc":{"start":{"line":265,"column":18},"end":{"line":265,"column":30}},"line":265},"14":{"name":"(anonymous_14)","decl":{"start":{"line":275,"column":2},"end":{"line":275,"column":3}},"loc":{"start":{"line":275,"column":26},"end":{"line":277,"column":3}},"line":275},"15":{"name":"(anonymous_15)","decl":{"start":{"line":287,"column":2},"end":{"line":287,"column":3}},"loc":{"start":{"line":287,"column":28},"end":{"line":289,"column":3}},"line":287}},"branchMap":{"0":{"loc":{"start":{"line":85,"column":4},"end":{"line":85,"column":40}},"type":"if","locations":[{"start":{"line":85,"column":4},"end":{"line":85,"column":40}},{"start":{"line":85,"column":4},"end":{"line":85,"column":40}}],"line":85},"1":{"loc":{"start":{"line":86,"column":4},"end":{"line":86,"column":36}},"type":"if","locations":[{"start":{"line":86,"column":4},"end":{"line":86,"column":36}},{"start":{"line":86,"column":4},"end":{"line":86,"column":36}}],"line":86},"2":{"loc":{"start":{"line":153,"column":28},"end":{"line":153,"column":59}},"type":"default-arg","locations":[{"start":{"line":153,"column":38},"end":{"line":153,"column":59}}],"line":153},"3":{"loc":{"start":{"line":250,"column":4},"end":{"line":256,"column":5}},"type":"if","locations":[{"start":{"line":250,"column":4},"end":{"line":256,"column":5}},{"start":{"line":250,"column":4},"end":{"line":256,"column":5}}],"line":250},"4":{"loc":{"start":{"line":253,"column":6},"end":{"line":255,"column":7}},"type":"if","locations":[{"start":{"line":253,"column":6},"end":{"line":255,"column":7}},{"start":{"line":253,"column":6},"end":{"line":255,"column":7}}],"line":253}},"s":{"0":42,"1":42,"2":42,"3":42,"4":2,"5":42,"6":2,"7":4,"8":2,"9":2,"10":2,"11":26,"12":25,"13":24,"14":13,"15":8,"16":272,"17":10,"18":518,"19":7,"20":258,"21":7,"22":10,"23":10,"24":6,"25":8,"26":2,"27":4,"28":2,"29":2,"30":1,"31":1},"f":{"0":42,"1":4,"2":2,"3":2,"4":2,"5":26,"6":24,"7":24,"8":2,"9":14,"10":530,"11":506,"12":10,"13":10,"14":2,"15":6},"b":{"0":[2,40],"1":[2,40],"2":[2],"3":[10,4],"4":[4,6]},"_coverageSchema":"332fd63041d2c1bcb487cc26dd0d5f7d97098a6c","hash":"e9dd7b478a0eeb95fc25079041be4406608d4022"}
,"/Users/joe/dev/sequoia-js-client-sdk/lib/predications.js": {"path":"/Users/joe/dev/sequoia-js-client-sdk/lib/predications.js","statementMap":{"0":{"start":{"line":15,"column":4},"end":{"line":19,"column":5}},"1":{"start":{"line":16,"column":6},"end":{"line":16,"column":25}},"2":{"start":{"line":18,"column":6},"end":{"line":18,"column":75}},"3":{"start":{"line":33,"column":4},"end":{"line":33,"column":36}},"4":{"start":{"line":47,"column":4},"end":{"line":47,"column":37}},"5":{"start":{"line":61,"column":4},"end":{"line":61,"column":47}},"6":{"start":{"line":75,"column":4},"end":{"line":75,"column":37}},"7":{"start":{"line":87,"column":4},"end":{"line":87,"column":29}},"8":{"start":{"line":99,"column":4},"end":{"line":99,"column":30}},"9":{"start":{"line":114,"column":4},"end":{"line":114,"column":43}},"10":{"start":{"line":129,"column":4},"end":{"line":129,"column":44}},"11":{"start":{"line":143,"column":4},"end":{"line":143,"column":38}},"12":{"start":{"line":157,"column":4},"end":{"line":157,"column":37}},"13":{"start":{"line":171,"column":4},"end":{"line":171,"column":38}},"14":{"start":{"line":185,"column":4},"end":{"line":185,"column":37}}},"fnMap":{"0":{"name":"(anonymous_0)","decl":{"start":{"line":14,"column":2},"end":{"line":14,"column":3}},"loc":{"start":{"line":14,"column":34},"end":{"line":20,"column":3}},"line":14},"1":{"name":"(anonymous_1)","decl":{"start":{"line":32,"column":2},"end":{"line":32,"column":3}},"loc":{"start":{"line":32,"column":17},"end":{"line":34,"column":3}},"line":32},"2":{"name":"(anonymous_2)","decl":{"start":{"line":46,"column":2},"end":{"line":46,"column":3}},"loc":{"start":{"line":46,"column":20},"end":{"line":48,"column":3}},"line":46},"3":{"name":"(anonymous_3)","decl":{"start":{"line":60,"column":2},"end":{"line":60,"column":3}},"loc":{"start":{"line":60,"column":24},"end":{"line":62,"column":3}},"line":60},"4":{"name":"(anonymous_4)","decl":{"start":{"line":74,"column":2},"end":{"line":74,"column":3}},"loc":{"start":{"line":74,"column":20},"end":{"line":76,"column":3}},"line":74},"5":{"name":"(anonymous_5)","decl":{"start":{"line":86,"column":2},"end":{"line":86,"column":3}},"loc":{"start":{"line":86,"column":11},"end":{"line":88,"column":3}},"line":86},"6":{"name":"(anonymous_6)","decl":{"start":{"line":98,"column":2},"end":{"line":98,"column":3}},"loc":{"start":{"line":98,"column":14},"end":{"line":100,"column":3}},"line":98},"7":{"name":"(anonymous_7)","decl":{"start":{"line":113,"column":2},"end":{"line":113,"column":3}},"loc":{"start":{"line":113,"column":22},"end":{"line":115,"column":3}},"line":113},"8":{"name":"(anonymous_8)","decl":{"start":{"line":128,"column":2},"end":{"line":128,"column":3}},"loc":{"start":{"line":128,"column":25},"end":{"line":130,"column":3}},"line":128},"9":{"name":"(anonymous_9)","decl":{"start":{"line":142,"column":2},"end":{"line":142,"column":3}},"loc":{"start":{"line":142,"column":18},"end":{"line":144,"column":3}},"line":142},"10":{"name":"(anonymous_10)","decl":{"start":{"line":156,"column":2},"end":{"line":156,"column":3}},"loc":{"start":{"line":156,"column":27},"end":{"line":158,"column":3}},"line":156},"11":{"name":"(anonymous_11)","decl":{"start":{"line":170,"column":2},"end":{"line":170,"column":3}},"loc":{"start":{"line":170,"column":21},"end":{"line":172,"column":3}},"line":170},"12":{"name":"(anonymous_12)","decl":{"start":{"line":184,"column":2},"end":{"line":184,"column":3}},"loc":{"start":{"line":184,"column":30},"end":{"line":186,"column":3}},"line":184}},"branchMap":{"0":{"loc":{"start":{"line":14,"column":21},"end":{"line":14,"column":32}},"type":"default-arg","locations":[{"start":{"line":14,"column":27},"end":{"line":14,"column":32}}],"line":14},"1":{"loc":{"start":{"line":15,"column":4},"end":{"line":19,"column":5}},"type":"if","locations":[{"start":{"line":15,"column":4},"end":{"line":19,"column":5}},{"start":{"line":15,"column":4},"end":{"line":19,"column":5}}],"line":15}},"s":{"0":36,"1":2,"2":34,"3":4,"4":2,"5":4,"6":2,"7":2,"8":2,"9":2,"10":2,"11":2,"12":2,"13":2,"14":2},"f":{"0":36,"1":4,"2":2,"3":4,"4":2,"5":2,"6":2,"7":2,"8":2,"9":2,"10":2,"11":2,"12":2},"b":{"0":[34],"1":[2,34]},"_coverageSchema":"332fd63041d2c1bcb487cc26dd0d5f7d97098a6c","hash":"be5b5cee6266adda89c18073c8d6b6e69a446595"}
,"/Users/joe/dev/sequoia-js-client-sdk/lib/query.js": {"path":"/Users/joe/dev/sequoia-js-client-sdk/lib/query.js","statementMap":{"0":{"start":{"line":24,"column":4},"end":{"line":24,"column":29}},"1":{"start":{"line":25,"column":4},"end":{"line":25,"column":21}},"2":{"start":{"line":26,"column":4},"end":{"line":26,"column":27}},"3":{"start":{"line":44,"column":4},"end":{"line":44,"column":30}},"4":{"start":{"line":45,"column":4},"end":{"line":45,"column":16}},"5":{"start":{"line":54,"column":4},"end":{"line":54,"column":32}},"6":{"start":{"line":55,"column":4},"end":{"line":55,"column":16}},"7":{"start":{"line":70,"column":4},"end":{"line":70,"column":51}},"8":{"start":{"line":71,"column":4},"end":{"line":71,"column":16}},"9":{"start":{"line":86,"column":4},"end":{"line":86,"column":35}},"10":{"start":{"line":87,"column":4},"end":{"line":87,"column":16}},"11":{"start":{"line":102,"column":4},"end":{"line":102,"column":51}},"12":{"start":{"line":103,"column":4},"end":{"line":103,"column":16}},"13":{"start":{"line":118,"column":4},"end":{"line":118,"column":35}},"14":{"start":{"line":119,"column":4},"end":{"line":119,"column":16}},"15":{"start":{"line":134,"column":4},"end":{"line":134,"column":38}},"16":{"start":{"line":135,"column":4},"end":{"line":135,"column":16}},"17":{"start":{"line":144,"column":4},"end":{"line":144,"column":27}},"18":{"start":{"line":145,"column":4},"end":{"line":145,"column":16}},"19":{"start":{"line":154,"column":4},"end":{"line":154,"column":28}},"20":{"start":{"line":155,"column":4},"end":{"line":155,"column":16}},"21":{"start":{"line":167,"column":4},"end":{"line":167,"column":26}},"22":{"start":{"line":168,"column":4},"end":{"line":168,"column":16}},"23":{"start":{"line":179,"column":4},"end":{"line":179,"column":33}},"24":{"start":{"line":190,"column":4},"end":{"line":190,"column":32}},"25":{"start":{"line":201,"column":4},"end":{"line":201,"column":37}},"26":{"start":{"line":212,"column":4},"end":{"line":212,"column":37}},"27":{"start":{"line":223,"column":4},"end":{"line":223,"column":37}},"28":{"start":{"line":234,"column":4},"end":{"line":234,"column":37}},"29":{"start":{"line":243,"column":20},"end":{"line":243,"column":24}},"30":{"start":{"line":245,"column":4},"end":{"line":247,"column":5}},"31":{"start":{"line":246,"column":6},"end":{"line":246,"column":56}},"32":{"start":{"line":249,"column":4},"end":{"line":249,"column":17}},"33":{"start":{"line":256,"column":2},"end":{"line":256,"column":29}},"34":{"start":{"line":260,"column":2},"end":{"line":260,"column":33}},"35":{"start":{"line":264,"column":2},"end":{"line":264,"column":39}},"36":{"start":{"line":268,"column":2},"end":{"line":268,"column":22}}},"fnMap":{"0":{"name":"(anonymous_0)","decl":{"start":{"line":23,"column":2},"end":{"line":23,"column":3}},"loc":{"start":{"line":23,"column":21},"end":{"line":27,"column":3}},"line":23},"1":{"name":"(anonymous_1)","decl":{"start":{"line":43,"column":2},"end":{"line":43,"column":3}},"loc":{"start":{"line":43,"column":13},"end":{"line":46,"column":3}},"line":43},"2":{"name":"(anonymous_2)","decl":{"start":{"line":53,"column":2},"end":{"line":53,"column":3}},"loc":{"start":{"line":53,"column":10},"end":{"line":56,"column":3}},"line":53},"3":{"name":"(anonymous_3)","decl":{"start":{"line":69,"column":2},"end":{"line":69,"column":3}},"loc":{"start":{"line":69,"column":23},"end":{"line":72,"column":3}},"line":69},"4":{"name":"(anonymous_4)","decl":{"start":{"line":85,"column":2},"end":{"line":85,"column":3}},"loc":{"start":{"line":85,"column":14},"end":{"line":88,"column":3}},"line":85},"5":{"name":"(anonymous_5)","decl":{"start":{"line":101,"column":2},"end":{"line":101,"column":3}},"loc":{"start":{"line":101,"column":23},"end":{"line":104,"column":3}},"line":101},"6":{"name":"(anonymous_6)","decl":{"start":{"line":117,"column":2},"end":{"line":117,"column":3}},"loc":{"start":{"line":117,"column":14},"end":{"line":120,"column":3}},"line":117},"7":{"name":"(anonymous_7)","decl":{"start":{"line":133,"column":2},"end":{"line":133,"column":3}},"loc":{"start":{"line":133,"column":17},"end":{"line":136,"column":3}},"line":133},"8":{"name":"(anonymous_8)","decl":{"start":{"line":143,"column":2},"end":{"line":143,"column":3}},"loc":{"start":{"line":143,"column":8},"end":{"line":146,"column":3}},"line":143},"9":{"name":"(anonymous_9)","decl":{"start":{"line":153,"column":2},"end":{"line":153,"column":3}},"loc":{"start":{"line":153,"column":9},"end":{"line":156,"column":3}},"line":153},"10":{"name":"(anonymous_10)","decl":{"start":{"line":166,"column":2},"end":{"line":166,"column":3}},"loc":{"start":{"line":166,"column":21},"end":{"line":169,"column":3}},"line":166},"11":{"name":"(anonymous_11)","decl":{"start":{"line":178,"column":2},"end":{"line":178,"column":3}},"loc":{"start":{"line":178,"column":17},"end":{"line":180,"column":3}},"line":178},"12":{"name":"(anonymous_12)","decl":{"start":{"line":189,"column":2},"end":{"line":189,"column":3}},"loc":{"start":{"line":189,"column":16},"end":{"line":191,"column":3}},"line":189},"13":{"name":"(anonymous_13)","decl":{"start":{"line":200,"column":2},"end":{"line":200,"column":3}},"loc":{"start":{"line":200,"column":21},"end":{"line":202,"column":3}},"line":200},"14":{"name":"(anonymous_14)","decl":{"start":{"line":211,"column":2},"end":{"line":211,"column":3}},"loc":{"start":{"line":211,"column":21},"end":{"line":213,"column":3}},"line":211},"15":{"name":"(anonymous_15)","decl":{"start":{"line":222,"column":2},"end":{"line":222,"column":3}},"loc":{"start":{"line":222,"column":21},"end":{"line":224,"column":3}},"line":222},"16":{"name":"(anonymous_16)","decl":{"start":{"line":233,"column":2},"end":{"line":233,"column":3}},"loc":{"start":{"line":233,"column":21},"end":{"line":235,"column":3}},"line":233},"17":{"name":"(anonymous_17)","decl":{"start":{"line":242,"column":2},"end":{"line":242,"column":3}},"loc":{"start":{"line":242,"column":18},"end":{"line":250,"column":3}},"line":242},"18":{"name":"where","decl":{"start":{"line":255,"column":16},"end":{"line":255,"column":21}},"loc":{"start":{"line":255,"column":32},"end":{"line":257,"column":1}},"line":255},"19":{"name":"field","decl":{"start":{"line":259,"column":16},"end":{"line":259,"column":21}},"loc":{"start":{"line":259,"column":29},"end":{"line":261,"column":1}},"line":259},"20":{"name":"param","decl":{"start":{"line":263,"column":16},"end":{"line":263,"column":21}},"loc":{"start":{"line":263,"column":29},"end":{"line":265,"column":1}},"line":263},"21":{"name":"textSearch","decl":{"start":{"line":267,"column":16},"end":{"line":267,"column":26}},"loc":{"start":{"line":267,"column":34},"end":{"line":269,"column":1}},"line":267}},"branchMap":{"0":{"loc":{"start":{"line":24,"column":17},"end":{"line":24,"column":28}},"type":"binary-expr","locations":[{"start":{"line":24,"column":17},"end":{"line":24,"column":22}},{"start":{"line":24,"column":26},"end":{"line":24,"column":28}}],"line":24},"1":{"loc":{"start":{"line":245,"column":4},"end":{"line":247,"column":5}},"type":"if","locations":[{"start":{"line":245,"column":4},"end":{"line":247,"column":5}},{"start":{"line":245,"column":4},"end":{"line":247,"column":5}}],"line":245}},"s":{"0":46,"1":46,"2":46,"3":2,"4":2,"5":4,"6":4,"7":6,"8":6,"9":2,"10":2,"11":6,"12":6,"13":4,"14":4,"15":4,"16":4,"17":6,"18":6,"19":10,"20":10,"21":20,"22":20,"23":2,"24":2,"25":2,"26":2,"27":4,"28":2,"29":12,"30":9,"31":9,"32":9,"33":4,"34":2,"35":2,"36":1},"f":{"0":46,"1":2,"2":4,"3":6,"4":2,"5":6,"6":4,"7":4,"8":6,"9":10,"10":20,"11":2,"12":2,"13":2,"14":2,"15":4,"16":2,"17":12,"18":6,"19":2,"20":2,"21":2},"b":{"0":[46,40],"1":[6,6]},"_coverageSchema":"332fd63041d2c1bcb487cc26dd0d5f7d97098a6c","hash":"0db184b4610d02c15c88821a14066f54b6035c11"}
,"/Users/joe/dev/sequoia-js-client-sdk/lib/registry.js": {"path":"/Users/joe/dev/sequoia-js-client-sdk/lib/registry.js","statementMap":{"0":{"start":{"line":21,"column":4},"end":{"line":21,"column":31}},"1":{"start":{"line":22,"column":4},"end":{"line":22,"column":21}},"2":{"start":{"line":34,"column":4},"end":{"line":36,"column":5}},"3":{"start":{"line":35,"column":6},"end":{"line":35,"column":18}},"4":{"start":{"line":38,"column":24},"end":{"line":38,"column":60}},"5":{"start":{"line":39,"column":4},"end":{"line":39,"column":70}},"6":{"start":{"line":40,"column":4},"end":{"line":40,"column":42}},"7":{"start":{"line":42,"column":4},"end":{"line":42,"column":64}},"8":{"start":{"line":57,"column":22},"end":{"line":57,"column":94}},"9":{"start":{"line":59,"column":4},"end":{"line":59,"column":59}},"10":{"start":{"line":59,"column":30},"end":{"line":59,"column":57}},"11":{"start":{"line":71,"column":17},"end":{"line":71,"column":45}},"12":{"start":{"line":72,"column":23},"end":{"line":72,"column":27}},"13":{"start":{"line":73,"column":21},"end":{"line":73,"column":70}},"14":{"start":{"line":73,"column":42},"end":{"line":73,"column":69}},"15":{"start":{"line":75,"column":4},"end":{"line":80,"column":5}},"16":{"start":{"line":76,"column":6},"end":{"line":76,"column":45}},"17":{"start":{"line":77,"column":6},"end":{"line":77,"column":41}},"18":{"start":{"line":79,"column":6},"end":{"line":79,"column":73}},"19":{"start":{"line":82,"column":4},"end":{"line":82,"column":16}},"20":{"start":{"line":94,"column":4},"end":{"line":94,"column":34}},"21":{"start":{"line":116,"column":4},"end":{"line":116,"column":31}},"22":{"start":{"line":117,"column":4},"end":{"line":117,"column":35}},"23":{"start":{"line":118,"column":4},"end":{"line":118,"column":23}},"24":{"start":{"line":129,"column":4},"end":{"line":129,"column":25}},"25":{"start":{"line":131,"column":4},"end":{"line":135,"column":7}},"26":{"start":{"line":132,"column":6},"end":{"line":132,"column":36}},"27":{"start":{"line":134,"column":6},"end":{"line":134,"column":18}},"28":{"start":{"line":139,"column":20},"end":{"line":139,"column":73}},"29":{"start":{"line":139,"column":47},"end":{"line":139,"column":72}},"30":{"start":{"line":141,"column":4},"end":{"line":143,"column":5}},"31":{"start":{"line":142,"column":6},"end":{"line":142,"column":30}},"32":{"start":{"line":145,"column":4},"end":{"line":145,"column":16}},"33":{"start":{"line":159,"column":20},"end":{"line":159,"column":73}},"34":{"start":{"line":159,"column":47},"end":{"line":159,"column":72}},"35":{"start":{"line":161,"column":4},"end":{"line":169,"column":5}},"36":{"start":{"line":162,"column":6},"end":{"line":168,"column":9}},"37":{"start":{"line":163,"column":8},"end":{"line":163,"column":41}},"38":{"start":{"line":164,"column":8},"end":{"line":164,"column":35}},"39":{"start":{"line":165,"column":8},"end":{"line":165,"column":34}},"40":{"start":{"line":167,"column":8},"end":{"line":167,"column":49}},"41":{"start":{"line":171,"column":4},"end":{"line":171,"column":83}},"42":{"start":{"line":185,"column":21},"end":{"line":185,"column":86}},"43":{"start":{"line":185,"column":79},"end":{"line":185,"column":85}},"44":{"start":{"line":187,"column":4},"end":{"line":187,"column":62}},"45":{"start":{"line":187,"column":41},"end":{"line":187,"column":59}}},"fnMap":{"0":{"name":"(anonymous_0)","decl":{"start":{"line":20,"column":2},"end":{"line":20,"column":3}},"loc":{"start":{"line":20,"column":31},"end":{"line":23,"column":3}},"line":20},"1":{"name":"(anonymous_1)","decl":{"start":{"line":33,"column":2},"end":{"line":33,"column":3}},"loc":{"start":{"line":33,"column":36},"end":{"line":43,"column":3}},"line":33},"2":{"name":"(anonymous_2)","decl":{"start":{"line":56,"column":2},"end":{"line":56,"column":3}},"loc":{"start":{"line":56,"column":40},"end":{"line":60,"column":3}},"line":56},"3":{"name":"(anonymous_3)","decl":{"start":{"line":59,"column":25},"end":{"line":59,"column":26}},"loc":{"start":{"line":59,"column":30},"end":{"line":59,"column":57}},"line":59},"4":{"name":"(anonymous_4)","decl":{"start":{"line":70,"column":2},"end":{"line":70,"column":3}},"loc":{"start":{"line":70,"column":46},"end":{"line":83,"column":3}},"line":70},"5":{"name":"(anonymous_5)","decl":{"start":{"line":73,"column":33},"end":{"line":73,"column":34}},"loc":{"start":{"line":73,"column":42},"end":{"line":73,"column":69}},"line":73},"6":{"name":"(anonymous_6)","decl":{"start":{"line":93,"column":2},"end":{"line":93,"column":3}},"loc":{"start":{"line":93,"column":17},"end":{"line":95,"column":3}},"line":93},"7":{"name":"(anonymous_7)","decl":{"start":{"line":115,"column":2},"end":{"line":115,"column":3}},"loc":{"start":{"line":115,"column":38},"end":{"line":119,"column":3}},"line":115},"8":{"name":"(anonymous_8)","decl":{"start":{"line":128,"column":2},"end":{"line":128,"column":3}},"loc":{"start":{"line":128,"column":16},"end":{"line":136,"column":3}},"line":128},"9":{"name":"(anonymous_9)","decl":{"start":{"line":131,"column":82},"end":{"line":131,"column":83}},"loc":{"start":{"line":131,"column":92},"end":{"line":135,"column":5}},"line":131},"10":{"name":"(anonymous_10)","decl":{"start":{"line":138,"column":2},"end":{"line":138,"column":3}},"loc":{"start":{"line":138,"column":34},"end":{"line":146,"column":3}},"line":138},"11":{"name":"(anonymous_11)","decl":{"start":{"line":139,"column":39},"end":{"line":139,"column":40}},"loc":{"start":{"line":139,"column":47},"end":{"line":139,"column":72}},"line":139},"12":{"name":"(anonymous_12)","decl":{"start":{"line":158,"column":2},"end":{"line":158,"column":3}},"loc":{"start":{"line":158,"column":26},"end":{"line":172,"column":3}},"line":158},"13":{"name":"(anonymous_13)","decl":{"start":{"line":159,"column":39},"end":{"line":159,"column":40}},"loc":{"start":{"line":159,"column":47},"end":{"line":159,"column":72}},"line":159},"14":{"name":"(anonymous_14)","decl":{"start":{"line":162,"column":96},"end":{"line":162,"column":97}},"loc":{"start":{"line":162,"column":106},"end":{"line":168,"column":7}},"line":162},"15":{"name":"(anonymous_15)","decl":{"start":{"line":184,"column":2},"end":{"line":184,"column":3}},"loc":{"start":{"line":184,"column":30},"end":{"line":188,"column":3}},"line":184},"16":{"name":"(anonymous_16)","decl":{"start":{"line":185,"column":74},"end":{"line":185,"column":75}},"loc":{"start":{"line":185,"column":79},"end":{"line":185,"column":85}},"line":185},"17":{"name":"(anonymous_17)","decl":{"start":{"line":187,"column":36},"end":{"line":187,"column":37}},"loc":{"start":{"line":187,"column":41},"end":{"line":187,"column":59}},"line":187}},"branchMap":{"0":{"loc":{"start":{"line":34,"column":4},"end":{"line":36,"column":5}},"type":"if","locations":[{"start":{"line":34,"column":4},"end":{"line":36,"column":5}},{"start":{"line":34,"column":4},"end":{"line":36,"column":5}}],"line":34},"1":{"loc":{"start":{"line":34,"column":8},"end":{"line":34,"column":63}},"type":"binary-expr","locations":[{"start":{"line":34,"column":8},"end":{"line":34,"column":18}},{"start":{"line":34,"column":22},"end":{"line":34,"column":63}}],"line":34},"2":{"loc":{"start":{"line":57,"column":22},"end":{"line":57,"column":94}},"type":"cond-expr","locations":[{"start":{"line":57,"column":44},"end":{"line":57,"column":56}},{"start":{"line":57,"column":59},"end":{"line":57,"column":94}}],"line":57},"3":{"loc":{"start":{"line":75,"column":4},"end":{"line":80,"column":5}},"type":"if","locations":[{"start":{"line":75,"column":4},"end":{"line":80,"column":5}},{"start":{"line":75,"column":4},"end":{"line":80,"column":5}}],"line":75},"4":{"loc":{"start":{"line":141,"column":4},"end":{"line":143,"column":5}},"type":"if","locations":[{"start":{"line":141,"column":4},"end":{"line":143,"column":5}},{"start":{"line":141,"column":4},"end":{"line":143,"column":5}}],"line":141},"5":{"loc":{"start":{"line":161,"column":4},"end":{"line":169,"column":5}},"type":"if","locations":[{"start":{"line":161,"column":4},"end":{"line":169,"column":5}},{"start":{"line":161,"column":4},"end":{"line":169,"column":5}}],"line":161},"6":{"loc":{"start":{"line":185,"column":21},"end":{"line":185,"column":86}},"type":"cond-expr","locations":[{"start":{"line":185,"column":42},"end":{"line":185,"column":53}},{"start":{"line":185,"column":56},"end":{"line":185,"column":86}}],"line":185}},"s":{"0":36,"1":36,"2":38,"3":4,"4":34,"5":34,"6":34,"7":19,"8":19,"9":8,"10":19,"11":3,"12":3,"13":3,"14":7,"15":3,"16":66,"17":66,"18":66,"19":41,"20":41,"21":105,"22":105,"23":73,"24":108,"25":44,"26":104,"27":292,"28":86,"29":24,"30":84,"31":20,"32":80,"33":34,"34":254,"35":34,"36":18,"37":34,"38":16,"39":16,"40":16,"41":2,"42":2,"43":16,"44":2,"45":18},"f":{"0":36,"1":38,"2":4,"3":34,"4":4,"5":12,"6":2,"7":130,"8":80,"9":80,"10":136,"11":16,"12":36,"13":504,"14":32,"15":4,"16":32,"17":36},"b":{"0":[4,34],"1":[38,38],"2":[2,2],"3":[2,2],"4":[8,128],"5":[32,4],"6":[2,2]},"_coverageSchema":"332fd63041d2c1bcb487cc26dd0d5f7d97098a6c","hash":"cf37ecfb71ef29ea916cc0c1bc794ddc196b079d"}
,"/Users/joe/dev/sequoia-js-client-sdk/lib/resource.js": {"path":"/Users/joe/dev/sequoia-js-client-sdk/lib/resource.js","statementMap":{"0":{"start":{"line":1,"column":45},"end":{"line":5,"column":1}},"1":{"start":{"line":12,"column":2},"end":{"line":12,"column":52}},"2":{"start":{"line":20,"column":24},"end":{"line":33,"column":1}},"3":{"start":{"line":67,"column":4},"end":{"line":67,"column":27}},"4":{"start":{"line":68,"column":4},"end":{"line":68,"column":51}},"5":{"start":{"line":70,"column":4},"end":{"line":70,"column":33}},"6":{"start":{"line":72,"column":4},"end":{"line":72,"column":40}},"7":{"start":{"line":73,"column":4},"end":{"line":73,"column":21}},"8":{"start":{"line":86,"column":15},"end":{"line":86,"column":19}},"9":{"start":{"line":88,"column":4},"end":{"line":96,"column":5}},"10":{"start":{"line":89,"column":6},"end":{"line":89,"column":16}},"11":{"start":{"line":91,"column":6},"end":{"line":93,"column":9}},"12":{"start":{"line":92,"column":8},"end":{"line":92,"column":97}},"13":{"start":{"line":95,"column":6},"end":{"line":95,"column":26}},"14":{"start":{"line":98,"column":4},"end":{"line":98,"column":16}},"15":{"start":{"line":123,"column":4},"end":{"line":125,"column":19}},"16":{"start":{"line":129,"column":4},"end":{"line":131,"column":5}},"17":{"start":{"line":130,"column":6},"end":{"line":130,"column":57}},"18":{"start":{"line":133,"column":4},"end":{"line":133,"column":16}},"19":{"start":{"line":146,"column":4},"end":{"line":148,"column":5}},"20":{"start":{"line":147,"column":6},"end":{"line":147,"column":50}},"21":{"start":{"line":150,"column":4},"end":{"line":150,"column":49}},"22":{"start":{"line":162,"column":4},"end":{"line":164,"column":5}},"23":{"start":{"line":163,"column":6},"end":{"line":163,"column":31}},"24":{"start":{"line":166,"column":4},"end":{"line":166,"column":80}},"25":{"start":{"line":166,"column":66},"end":{"line":166,"column":77}},"26":{"start":{"line":181,"column":4},"end":{"line":192,"column":5}},"27":{"start":{"line":182,"column":25},"end":{"line":186,"column":7}},"28":{"start":{"line":183,"column":8},"end":{"line":183,"column":44}},"29":{"start":{"line":185,"column":8},"end":{"line":185,"column":24}},"30":{"start":{"line":191,"column":6},"end":{"line":191,"column":80}},"31":{"start":{"line":191,"column":49},"end":{"line":191,"column":61}},"32":{"start":{"line":194,"column":4},"end":{"line":194,"column":57}},"33":{"start":{"line":205,"column":4},"end":{"line":207,"column":5}},"34":{"start":{"line":206,"column":6},"end":{"line":206,"column":52}},"35":{"start":{"line":209,"column":4},"end":{"line":209,"column":57}},"36":{"start":{"line":228,"column":15},"end":{"line":228,"column":35}},"37":{"start":{"line":229,"column":18},"end":{"line":229,"column":20}},"38":{"start":{"line":231,"column":16},"end":{"line":231,"column":21}},"39":{"start":{"line":233,"column":4},"end":{"line":281,"column":5}},"40":{"start":{"line":234,"column":6},"end":{"line":234,"column":42}},"41":{"start":{"line":235,"column":6},"end":{"line":235,"column":38}},"42":{"start":{"line":237,"column":27},"end":{"line":237,"column":58}},"43":{"start":{"line":238,"column":49},"end":{"line":238,"column":61}},"44":{"start":{"line":239,"column":6},"end":{"line":239,"column":33}},"45":{"start":{"line":241,"column":6},"end":{"line":280,"column":7}},"46":{"start":{"line":242,"column":8},"end":{"line":245,"column":9}},"47":{"start":{"line":243,"column":10},"end":{"line":243,"column":43}},"48":{"start":{"line":244,"column":10},"end":{"line":244,"column":48}},"49":{"start":{"line":246,"column":13},"end":{"line":280,"column":7}},"50":{"start":{"line":248,"column":8},"end":{"line":248,"column":36}},"51":{"start":{"line":249,"column":13},"end":{"line":280,"column":7}},"52":{"start":{"line":250,"column":30},"end":{"line":250,"column":65}},"53":{"start":{"line":251,"column":8},"end":{"line":254,"column":9}},"54":{"start":{"line":252,"column":10},"end":{"line":252,"column":73}},"55":{"start":{"line":253,"column":10},"end":{"line":253,"column":45}},"56":{"start":{"line":255,"column":13},"end":{"line":280,"column":7}},"57":{"start":{"line":256,"column":8},"end":{"line":279,"column":9}},"58":{"start":{"line":258,"column":10},"end":{"line":261,"column":11}},"59":{"start":{"line":259,"column":12},"end":{"line":259,"column":68}},"60":{"start":{"line":260,"column":12},"end":{"line":260,"column":49}},"61":{"start":{"line":262,"column":15},"end":{"line":279,"column":9}},"62":{"start":{"line":264,"column":21},"end":{"line":264,"column":54}},"63":{"start":{"line":266,"column":10},"end":{"line":278,"column":13}},"64":{"start":{"line":267,"column":12},"end":{"line":277,"column":13}},"65":{"start":{"line":268,"column":14},"end":{"line":268,"column":85}},"66":{"start":{"line":269,"column":14},"end":{"line":269,"column":49}},"67":{"start":{"line":270,"column":19},"end":{"line":277,"column":13}},"68":{"start":{"line":271,"column":36},"end":{"line":271,"column":63}},"69":{"start":{"line":273,"column":14},"end":{"line":276,"column":15}},"70":{"start":{"line":274,"column":16},"end":{"line":274,"column":89}},"71":{"start":{"line":275,"column":16},"end":{"line":275,"column":51}},"72":{"start":{"line":283,"column":4},"end":{"line":285,"column":5}},"73":{"start":{"line":284,"column":6},"end":{"line":284,"column":19}},"74":{"start":{"line":287,"column":4},"end":{"line":289,"column":6}},"75":{"start":{"line":318,"column":4},"end":{"line":318,"column":21}},"76":{"start":{"line":320,"column":4},"end":{"line":326,"column":7}},"77":{"start":{"line":321,"column":25},"end":{"line":321,"column":50}},"78":{"start":{"line":323,"column":6},"end":{"line":325,"column":7}},"79":{"start":{"line":324,"column":8},"end":{"line":324,"column":37}},"80":{"start":{"line":328,"column":4},"end":{"line":330,"column":5}},"81":{"start":{"line":329,"column":6},"end":{"line":329,"column":45}},"82":{"start":{"line":332,"column":4},"end":{"line":332,"column":33}},"83":{"start":{"line":352,"column":4},"end":{"line":360,"column":5}},"84":{"start":{"line":353,"column":32},"end":{"line":353,"column":56}},"85":{"start":{"line":355,"column":6},"end":{"line":357,"column":7}},"86":{"start":{"line":356,"column":8},"end":{"line":356,"column":69}},"87":{"start":{"line":359,"column":6},"end":{"line":359,"column":37}},"88":{"start":{"line":362,"column":4},"end":{"line":362,"column":93}},"89":{"start":{"line":379,"column":30},"end":{"line":379,"column":42}},"90":{"start":{"line":383,"column":4},"end":{"line":383,"column":56}},"91":{"start":{"line":385,"column":4},"end":{"line":395,"column":5}},"92":{"start":{"line":386,"column":36},"end":{"line":386,"column":59}},"93":{"start":{"line":388,"column":6},"end":{"line":392,"column":7}},"94":{"start":{"line":389,"column":8},"end":{"line":389,"column":40}},"95":{"start":{"line":390,"column":13},"end":{"line":392,"column":7}},"96":{"start":{"line":391,"column":8},"end":{"line":391,"column":42}},"97":{"start":{"line":394,"column":6},"end":{"line":394,"column":36}},"98":{"start":{"line":413,"column":25},"end":{"line":413,"column":64}},"99":{"start":{"line":415,"column":4},"end":{"line":420,"column":5}},"100":{"start":{"line":416,"column":6},"end":{"line":416,"column":57}},"101":{"start":{"line":417,"column":11},"end":{"line":420,"column":5}},"102":{"start":{"line":418,"column":6},"end":{"line":418,"column":90}},"103":{"start":{"line":419,"column":6},"end":{"line":419,"column":52}},"104":{"start":{"line":456,"column":4},"end":{"line":460,"column":5}},"105":{"start":{"line":457,"column":6},"end":{"line":457,"column":38}},"106":{"start":{"line":459,"column":6},"end":{"line":459,"column":54}},"107":{"start":{"line":459,"column":28},"end":{"line":459,"column":52}},"108":{"start":{"line":462,"column":4},"end":{"line":462,"column":16}},"109":{"start":{"line":479,"column":4},"end":{"line":479,"column":92}}},"fnMap":{"0":{"name":"isIterable","decl":{"start":{"line":7,"column":9},"end":{"line":7,"column":19}},"loc":{"start":{"line":7,"column":25},"end":{"line":13,"column":1}},"line":7},"1":{"name":"(anonymous_1)","decl":{"start":{"line":66,"column":2},"end":{"line":66,"column":3}},"loc":{"start":{"line":66,"column":44},"end":{"line":74,"column":3}},"line":66},"2":{"name":"(anonymous_2)","decl":{"start":{"line":85,"column":2},"end":{"line":85,"column":3}},"loc":{"start":{"line":85,"column":11},"end":{"line":99,"column":3}},"line":85},"3":{"name":"(anonymous_3)","decl":{"start":{"line":91,"column":52},"end":{"line":91,"column":53}},"loc":{"start":{"line":91,"column":61},"end":{"line":93,"column":7}},"line":91},"4":{"name":"(anonymous_4)","decl":{"start":{"line":122,"column":2},"end":{"line":122,"column":3}},"loc":{"start":{"line":122,"column":14},"end":{"line":126,"column":3}},"line":122},"5":{"name":"(anonymous_5)","decl":{"start":{"line":128,"column":2},"end":{"line":128,"column":3}},"loc":{"start":{"line":128,"column":22},"end":{"line":134,"column":3}},"line":128},"6":{"name":"(anonymous_6)","decl":{"start":{"line":145,"column":2},"end":{"line":145,"column":3}},"loc":{"start":{"line":145,"column":10},"end":{"line":151,"column":3}},"line":145},"7":{"name":"(anonymous_7)","decl":{"start":{"line":161,"column":2},"end":{"line":161,"column":3}},"loc":{"start":{"line":161,"column":22},"end":{"line":167,"column":3}},"line":161},"8":{"name":"(anonymous_8)","decl":{"start":{"line":166,"column":58},"end":{"line":166,"column":59}},"loc":{"start":{"line":166,"column":66},"end":{"line":166,"column":77}},"line":166},"9":{"name":"(anonymous_9)","decl":{"start":{"line":180,"column":2},"end":{"line":180,"column":3}},"loc":{"start":{"line":180,"column":9},"end":{"line":195,"column":3}},"line":180},"10":{"name":"(anonymous_10)","decl":{"start":{"line":182,"column":25},"end":{"line":182,"column":26}},"loc":{"start":{"line":182,"column":39},"end":{"line":186,"column":7}},"line":182},"11":{"name":"(anonymous_11)","decl":{"start":{"line":191,"column":43},"end":{"line":191,"column":44}},"loc":{"start":{"line":191,"column":49},"end":{"line":191,"column":61}},"line":191},"12":{"name":"(anonymous_12)","decl":{"start":{"line":204,"column":2},"end":{"line":204,"column":3}},"loc":{"start":{"line":204,"column":12},"end":{"line":210,"column":3}},"line":204},"13":{"name":"(anonymous_13)","decl":{"start":{"line":227,"column":2},"end":{"line":227,"column":3}},"loc":{"start":{"line":227,"column":23},"end":{"line":290,"column":3}},"line":227},"14":{"name":"(anonymous_14)","decl":{"start":{"line":266,"column":43},"end":{"line":266,"column":44}},"loc":{"start":{"line":266,"column":52},"end":{"line":278,"column":11}},"line":266},"15":{"name":"(anonymous_15)","decl":{"start":{"line":317,"column":2},"end":{"line":317,"column":3}},"loc":{"start":{"line":317,"column":13},"end":{"line":333,"column":3}},"line":317},"16":{"name":"(anonymous_16)","decl":{"start":{"line":320,"column":50},"end":{"line":320,"column":51}},"loc":{"start":{"line":320,"column":61},"end":{"line":326,"column":5}},"line":320},"17":{"name":"(anonymous_17)","decl":{"start":{"line":351,"column":2},"end":{"line":351,"column":3}},"loc":{"start":{"line":351,"column":31},"end":{"line":363,"column":3}},"line":351},"18":{"name":"(anonymous_18)","decl":{"start":{"line":378,"column":2},"end":{"line":378,"column":3}},"loc":{"start":{"line":378,"column":56},"end":{"line":396,"column":3}},"line":378},"19":{"name":"(anonymous_19)","decl":{"start":{"line":412,"column":2},"end":{"line":412,"column":3}},"loc":{"start":{"line":412,"column":29},"end":{"line":421,"column":3}},"line":412},"20":{"name":"(anonymous_20)","decl":{"start":{"line":455,"column":2},"end":{"line":455,"column":3}},"loc":{"start":{"line":455,"column":21},"end":{"line":463,"column":3}},"line":455},"21":{"name":"(anonymous_21)","decl":{"start":{"line":459,"column":23},"end":{"line":459,"column":24}},"loc":{"start":{"line":459,"column":28},"end":{"line":459,"column":52}},"line":459},"22":{"name":"(anonymous_22)","decl":{"start":{"line":478,"column":2},"end":{"line":478,"column":3}},"loc":{"start":{"line":478,"column":26},"end":{"line":480,"column":3}},"line":478}},"branchMap":{"0":{"loc":{"start":{"line":88,"column":4},"end":{"line":96,"column":5}},"type":"if","locations":[{"start":{"line":88,"column":4},"end":{"line":96,"column":5}},{"start":{"line":88,"column":4},"end":{"line":96,"column":5}}],"line":88},"1":{"loc":{"start":{"line":92,"column":20},"end":{"line":92,"column":96}},"type":"cond-expr","locations":[{"start":{"line":92,"column":47},"end":{"line":92,"column":56}},{"start":{"line":92,"column":59},"end":{"line":92,"column":96}}],"line":92},"2":{"loc":{"start":{"line":129,"column":4},"end":{"line":131,"column":5}},"type":"if","locations":[{"start":{"line":129,"column":4},"end":{"line":131,"column":5}},{"start":{"line":129,"column":4},"end":{"line":131,"column":5}}],"line":129},"3":{"loc":{"start":{"line":129,"column":8},"end":{"line":129,"column":72}},"type":"binary-expr","locations":[{"start":{"line":129,"column":8},"end":{"line":129,"column":32}},{"start":{"line":129,"column":36},"end":{"line":129,"column":72}}],"line":129},"4":{"loc":{"start":{"line":146,"column":4},"end":{"line":148,"column":5}},"type":"if","locations":[{"start":{"line":146,"column":4},"end":{"line":148,"column":5}},{"start":{"line":146,"column":4},"end":{"line":148,"column":5}}],"line":146},"5":{"loc":{"start":{"line":162,"column":4},"end":{"line":164,"column":5}},"type":"if","locations":[{"start":{"line":162,"column":4},"end":{"line":164,"column":5}},{"start":{"line":162,"column":4},"end":{"line":164,"column":5}}],"line":162},"6":{"loc":{"start":{"line":181,"column":4},"end":{"line":192,"column":5}},"type":"if","locations":[{"start":{"line":181,"column":4},"end":{"line":192,"column":5}},{"start":{"line":181,"column":4},"end":{"line":192,"column":5}}],"line":181},"7":{"loc":{"start":{"line":205,"column":4},"end":{"line":207,"column":5}},"type":"if","locations":[{"start":{"line":205,"column":4},"end":{"line":207,"column":5}},{"start":{"line":205,"column":4},"end":{"line":207,"column":5}}],"line":205},"8":{"loc":{"start":{"line":233,"column":4},"end":{"line":281,"column":5}},"type":"if","locations":[{"start":{"line":233,"column":4},"end":{"line":281,"column":5}},{"start":{"line":233,"column":4},"end":{"line":281,"column":5}}],"line":233},"9":{"loc":{"start":{"line":241,"column":6},"end":{"line":280,"column":7}},"type":"if","locations":[{"start":{"line":241,"column":6},"end":{"line":280,"column":7}},{"start":{"line":241,"column":6},"end":{"line":280,"column":7}}],"line":241},"10":{"loc":{"start":{"line":241,"column":10},"end":{"line":241,"column":59}},"type":"binary-expr","locations":[{"start":{"line":241,"column":10},"end":{"line":241,"column":35}},{"start":{"line":241,"column":39},"end":{"line":241,"column":59}}],"line":241},"11":{"loc":{"start":{"line":242,"column":8},"end":{"line":245,"column":9}},"type":"if","locations":[{"start":{"line":242,"column":8},"end":{"line":245,"column":9}},{"start":{"line":242,"column":8},"end":{"line":245,"column":9}}],"line":242},"12":{"loc":{"start":{"line":246,"column":13},"end":{"line":280,"column":7}},"type":"if","locations":[{"start":{"line":246,"column":13},"end":{"line":280,"column":7}},{"start":{"line":246,"column":13},"end":{"line":280,"column":7}}],"line":246},"13":{"loc":{"start":{"line":249,"column":13},"end":{"line":280,"column":7}},"type":"if","locations":[{"start":{"line":249,"column":13},"end":{"line":280,"column":7}},{"start":{"line":249,"column":13},"end":{"line":280,"column":7}}],"line":249},"14":{"loc":{"start":{"line":251,"column":8},"end":{"line":254,"column":9}},"type":"if","locations":[{"start":{"line":251,"column":8},"end":{"line":254,"column":9}},{"start":{"line":251,"column":8},"end":{"line":254,"column":9}}],"line":251},"15":{"loc":{"start":{"line":255,"column":13},"end":{"line":280,"column":7}},"type":"if","locations":[{"start":{"line":255,"column":13},"end":{"line":280,"column":7}},{"start":{"line":255,"column":13},"end":{"line":280,"column":7}}],"line":255},"16":{"loc":{"start":{"line":256,"column":8},"end":{"line":279,"column":9}},"type":"if","locations":[{"start":{"line":256,"column":8},"end":{"line":279,"column":9}},{"start":{"line":256,"column":8},"end":{"line":279,"column":9}}],"line":256},"17":{"loc":{"start":{"line":258,"column":10},"end":{"line":261,"column":11}},"type":"if","locations":[{"start":{"line":258,"column":10},"end":{"line":261,"column":11}},{"start":{"line":258,"column":10},"end":{"line":261,"column":11}}],"line":258},"18":{"loc":{"start":{"line":262,"column":15},"end":{"line":279,"column":9}},"type":"if","locations":[{"start":{"line":262,"column":15},"end":{"line":279,"column":9}},{"start":{"line":262,"column":15},"end":{"line":279,"column":9}}],"line":262},"19":{"loc":{"start":{"line":267,"column":12},"end":{"line":277,"column":13}},"type":"if","locations":[{"start":{"line":267,"column":12},"end":{"line":277,"column":13}},{"start":{"line":267,"column":12},"end":{"line":277,"column":13}}],"line":267},"20":{"loc":{"start":{"line":270,"column":19},"end":{"line":277,"column":13}},"type":"if","locations":[{"start":{"line":270,"column":19},"end":{"line":277,"column":13}},{"start":{"line":270,"column":19},"end":{"line":277,"column":13}}],"line":270},"21":{"loc":{"start":{"line":273,"column":14},"end":{"line":276,"column":15}},"type":"if","locations":[{"start":{"line":273,"column":14},"end":{"line":276,"column":15}},{"start":{"line":273,"column":14},"end":{"line":276,"column":15}}],"line":273},"22":{"loc":{"start":{"line":283,"column":4},"end":{"line":285,"column":5}},"type":"if","locations":[{"start":{"line":283,"column":4},"end":{"line":285,"column":5}},{"start":{"line":283,"column":4},"end":{"line":285,"column":5}}],"line":283},"23":{"loc":{"start":{"line":323,"column":6},"end":{"line":325,"column":7}},"type":"if","locations":[{"start":{"line":323,"column":6},"end":{"line":325,"column":7}},{"start":{"line":323,"column":6},"end":{"line":325,"column":7}}],"line":323},"24":{"loc":{"start":{"line":328,"column":4},"end":{"line":330,"column":5}},"type":"if","locations":[{"start":{"line":328,"column":4},"end":{"line":330,"column":5}},{"start":{"line":328,"column":4},"end":{"line":330,"column":5}}],"line":328},"25":{"loc":{"start":{"line":352,"column":4},"end":{"line":360,"column":5}},"type":"if","locations":[{"start":{"line":352,"column":4},"end":{"line":360,"column":5}},{"start":{"line":352,"column":4},"end":{"line":360,"column":5}}],"line":352},"26":{"loc":{"start":{"line":355,"column":6},"end":{"line":357,"column":7}},"type":"if","locations":[{"start":{"line":355,"column":6},"end":{"line":357,"column":7}},{"start":{"line":355,"column":6},"end":{"line":357,"column":7}}],"line":355},"27":{"loc":{"start":{"line":378,"column":39},"end":{"line":378,"column":54}},"type":"default-arg","locations":[{"start":{"line":378,"column":50},"end":{"line":378,"column":54}}],"line":378},"28":{"loc":{"start":{"line":385,"column":4},"end":{"line":395,"column":5}},"type":"if","locations":[{"start":{"line":385,"column":4},"end":{"line":395,"column":5}},{"start":{"line":385,"column":4},"end":{"line":395,"column":5}}],"line":385},"29":{"loc":{"start":{"line":388,"column":6},"end":{"line":392,"column":7}},"type":"if","locations":[{"start":{"line":388,"column":6},"end":{"line":392,"column":7}},{"start":{"line":388,"column":6},"end":{"line":392,"column":7}}],"line":388},"30":{"loc":{"start":{"line":390,"column":13},"end":{"line":392,"column":7}},"type":"if","locations":[{"start":{"line":390,"column":13},"end":{"line":392,"column":7}},{"start":{"line":390,"column":13},"end":{"line":392,"column":7}}],"line":390},"31":{"loc":{"start":{"line":413,"column":49},"end":{"line":413,"column":63}},"type":"binary-expr","locations":[{"start":{"line":413,"column":49},"end":{"line":413,"column":51}},{"start":{"line":413,"column":55},"end":{"line":413,"column":63}}],"line":413},"32":{"loc":{"start":{"line":415,"column":4},"end":{"line":420,"column":5}},"type":"if","locations":[{"start":{"line":415,"column":4},"end":{"line":420,"column":5}},{"start":{"line":415,"column":4},"end":{"line":420,"column":5}}],"line":415},"33":{"loc":{"start":{"line":417,"column":11},"end":{"line":420,"column":5}},"type":"if","locations":[{"start":{"line":417,"column":11},"end":{"line":420,"column":5}},{"start":{"line":417,"column":11},"end":{"line":420,"column":5}}],"line":417},"34":{"loc":{"start":{"line":418,"column":67},"end":{"line":418,"column":77}},"type":"binary-expr","locations":[{"start":{"line":418,"column":67},"end":{"line":418,"column":69}},{"start":{"line":418,"column":73},"end":{"line":418,"column":77}}],"line":418},"35":{"loc":{"start":{"line":456,"column":4},"end":{"line":460,"column":5}},"type":"if","locations":[{"start":{"line":456,"column":4},"end":{"line":460,"column":5}},{"start":{"line":456,"column":4},"end":{"line":460,"column":5}}],"line":456},"36":{"loc":{"start":{"line":479,"column":11},"end":{"line":479,"column":91}},"type":"binary-expr","locations":[{"start":{"line":479,"column":11},"end":{"line":479,"column":22}},{"start":{"line":479,"column":26},"end":{"line":479,"column":51}},{"start":{"line":479,"column":55},"end":{"line":479,"column":91}}],"line":479}},"s":{"0":20,"1":3374,"2":3366,"3":6720,"4":6720,"5":6720,"6":3437,"7":3434,"8":151,"9":3111,"10":77,"11":151,"12":3036,"13":2770,"14":2843,"15":3,"16":2769,"17":2767,"18":2,"19":6,"20":4,"21":2,"22":8,"23":6,"24":3,"25":6,"26":5,"27":4,"28":4,"29":3,"30":4,"31":3,"32":2,"33":49,"34":2,"35":2,"36":93,"37":93,"38":80,"39":48,"40":2,"41":14,"42":47,"43":58,"44":48,"45":47,"46":34,"47":11,"48":10,"49":20,"50":3,"51":14,"52":4,"53":4,"54":4,"55":2,"56":11,"57":11,"58":9,"59":3,"60":3,"61":49,"62":43,"63":49,"64":5,"65":3,"66":83,"67":3,"68":4,"69":3,"70":2,"71":38,"72":54,"73":42,"74":53,"75":32,"76":25,"77":105,"78":92,"79":6,"80":7,"81":5,"82":14,"83":60,"84":20,"85":17,"86":11,"87":16,"88":44,"89":34,"90":26,"91":35,"92":24,"93":15,"94":5,"95":5,"96":4,"97":13,"98":23,"99":23,"100":13,"101":10,"102":10,"103":10,"104":14,"105":11,"106":3,"107":12,"108":14,"109":5},"f":{"0":28,"1":6720,"2":154,"3":6068,"4":4,"5":5534,"6":4,"7":8,"8":8,"9":6,"10":4,"11":4,"12":4,"13":94,"14":6,"15":4,"16":164,"17":74,"18":46,"19":46,"20":28,"21":24,"22":10},"b":{"0":[148,6],"1":[1026,5042],"2":[5532,2],"3":[5534,5532],"4":[2,2],"5":[6,2],"6":[4,2],"7":[2,2],"8":[2,92],"9":[66,26],"10":[92,26],"11":[2,64],"12":[2,24],"13":[4,20],"14":[2,2],"15":[18,2],"16":[14,4],"17":[4,10],"18":[4,0],"19":[2,4],"20":[4,0],"21":[2,2],"22":[82,12],"23":[2,162],"24":[2,2],"25":[14,60],"26":[2,12],"27":[26],"28":[20,26],"29":[10,10],"30":[8,2],"31":[46,36],"32":[26,20],"33":[20,0],"34":[20,20],"35":[22,6],"36":[10,8,6]},"_coverageSchema":"332fd63041d2c1bcb487cc26dd0d5f7d97098a6c","hash":"7ff315414833ce1fb31b9903563516f02ad59428"}
,"/Users/joe/dev/sequoia-js-client-sdk/lib/resource_collection.js": {"path":"/Users/joe/dev/sequoia-js-client-sdk/lib/resource_collection.js","statementMap":{"0":{"start":{"line":3,"column":45},"end":{"line":7,"column":1}},"1":{"start":{"line":9,"column":34},"end":{"line":9,"column":48}},"2":{"start":{"line":10,"column":38},"end":{"line":10,"column":56}},"3":{"start":{"line":41,"column":4},"end":{"line":41,"column":43}},"4":{"start":{"line":43,"column":4},"end":{"line":43,"column":51}},"5":{"start":{"line":45,"column":4},"end":{"line":45,"column":25}},"6":{"start":{"line":47,"column":4},"end":{"line":47,"column":26}},"7":{"start":{"line":70,"column":4},"end":{"line":70,"column":27}},"8":{"start":{"line":73,"column":4},"end":{"line":101,"column":5}},"9":{"start":{"line":74,"column":6},"end":{"line":100,"column":9}},"10":{"start":{"line":75,"column":25},"end":{"line":75,"column":51}},"11":{"start":{"line":77,"column":8},"end":{"line":97,"column":9}},"12":{"start":{"line":78,"column":32},"end":{"line":78,"column":77}},"13":{"start":{"line":79,"column":10},"end":{"line":79,"column":31}},"14":{"start":{"line":81,"column":10},"end":{"line":96,"column":13}},"15":{"start":{"line":82,"column":12},"end":{"line":95,"column":15}},"16":{"start":{"line":89,"column":14},"end":{"line":91,"column":15}},"17":{"start":{"line":90,"column":16},"end":{"line":90,"column":60}},"18":{"start":{"line":99,"column":8},"end":{"line":99,"column":64}},"19":{"start":{"line":103,"column":4},"end":{"line":103,"column":16}},"20":{"start":{"line":111,"column":4},"end":{"line":111,"column":34}},"21":{"start":{"line":119,"column":4},"end":{"line":119,"column":37}},"22":{"start":{"line":127,"column":4},"end":{"line":129,"column":5}},"23":{"start":{"line":128,"column":6},"end":{"line":128,"column":42}},"24":{"start":{"line":131,"column":4},"end":{"line":131,"column":34}},"25":{"start":{"line":142,"column":4},"end":{"line":144,"column":5}},"26":{"start":{"line":143,"column":6},"end":{"line":143,"column":48}},"27":{"start":{"line":146,"column":4},"end":{"line":146,"column":46}},"28":{"start":{"line":157,"column":4},"end":{"line":159,"column":5}},"29":{"start":{"line":158,"column":6},"end":{"line":158,"column":48}},"30":{"start":{"line":161,"column":4},"end":{"line":161,"column":50}},"31":{"start":{"line":172,"column":4},"end":{"line":172,"column":47}},"32":{"start":{"line":183,"column":4},"end":{"line":183,"column":46}},"33":{"start":{"line":199,"column":4},"end":{"line":199,"column":91}},"34":{"start":{"line":213,"column":19},"end":{"line":213,"column":45}},"35":{"start":{"line":215,"column":4},"end":{"line":217,"column":5}},"36":{"start":{"line":216,"column":6},"end":{"line":216,"column":29}},"37":{"start":{"line":222,"column":4},"end":{"line":222,"column":74}},"38":{"start":{"line":224,"column":4},"end":{"line":231,"column":5}},"39":{"start":{"line":225,"column":6},"end":{"line":230,"column":9}},"40":{"start":{"line":226,"column":8},"end":{"line":226,"column":43}},"41":{"start":{"line":227,"column":8},"end":{"line":227,"column":49}},"42":{"start":{"line":229,"column":8},"end":{"line":229,"column":27}},"43":{"start":{"line":233,"column":4},"end":{"line":233,"column":57}},"44":{"start":{"line":242,"column":4},"end":{"line":242,"column":62}},"45":{"start":{"line":242,"column":43},"end":{"line":242,"column":60}},"46":{"start":{"line":254,"column":4},"end":{"line":256,"column":19}},"47":{"start":{"line":274,"column":22},"end":{"line":274,"column":84}},"48":{"start":{"line":275,"column":26},"end":{"line":275,"column":64}},"49":{"start":{"line":277,"column":4},"end":{"line":279,"column":8}},"50":{"start":{"line":277,"column":58},"end":{"line":279,"column":6}},"51":{"start":{"line":278,"column":120},"end":{"line":278,"column":130}},"52":{"start":{"line":294,"column":4},"end":{"line":302,"column":5}},"53":{"start":{"line":295,"column":6},"end":{"line":301,"column":13}},"54":{"start":{"line":295,"column":49},"end":{"line":301,"column":10}},"55":{"start":{"line":299,"column":10},"end":{"line":299,"column":27}},"56":{"start":{"line":300,"column":10},"end":{"line":300,"column":18}},"57":{"start":{"line":304,"column":4},"end":{"line":304,"column":57}},"58":{"start":{"line":324,"column":4},"end":{"line":324,"column":94}},"59":{"start":{"line":324,"column":55},"end":{"line":324,"column":74}},"60":{"start":{"line":324,"column":88},"end":{"line":324,"column":92}},"61":{"start":{"line":341,"column":4},"end":{"line":343,"column":5}},"62":{"start":{"line":342,"column":6},"end":{"line":342,"column":124}},"63":{"start":{"line":342,"column":49},"end":{"line":342,"column":121}},"64":{"start":{"line":342,"column":104},"end":{"line":342,"column":109}},"65":{"start":{"line":345,"column":4},"end":{"line":345,"column":57}},"66":{"start":{"line":362,"column":19},"end":{"line":362,"column":23}},"67":{"start":{"line":364,"column":4},"end":{"line":366,"column":5}},"68":{"start":{"line":365,"column":6},"end":{"line":365,"column":60}},"69":{"start":{"line":368,"column":4},"end":{"line":368,"column":35}},"70":{"start":{"line":370,"column":4},"end":{"line":370,"column":20}},"71":{"start":{"line":382,"column":18},"end":{"line":382,"column":63}},"72":{"start":{"line":382,"column":49},"end":{"line":382,"column":62}},"73":{"start":{"line":384,"column":4},"end":{"line":386,"column":5}},"74":{"start":{"line":385,"column":6},"end":{"line":385,"column":18}},"75":{"start":{"line":388,"column":23},"end":{"line":388,"column":55}},"76":{"start":{"line":389,"column":4},"end":{"line":389,"column":20}},"77":{"start":{"line":401,"column":4},"end":{"line":401,"column":52}},"78":{"start":{"line":401,"column":37},"end":{"line":401,"column":50}},"79":{"start":{"line":413,"column":29},"end":{"line":413,"column":104}},"80":{"start":{"line":415,"column":4},"end":{"line":417,"column":5}},"81":{"start":{"line":416,"column":6},"end":{"line":416,"column":30}},"82":{"start":{"line":419,"column":4},"end":{"line":419,"column":30}},"83":{"start":{"line":450,"column":4},"end":{"line":467,"column":5}},"84":{"start":{"line":451,"column":6},"end":{"line":451,"column":26}},"85":{"start":{"line":452,"column":11},"end":{"line":467,"column":5}},"86":{"start":{"line":454,"column":6},"end":{"line":464,"column":7}},"87":{"start":{"line":455,"column":8},"end":{"line":455,"column":47}},"88":{"start":{"line":455,"column":24},"end":{"line":455,"column":46}},"89":{"start":{"line":457,"column":8},"end":{"line":463,"column":17}},"90":{"start":{"line":457,"column":24},"end":{"line":463,"column":16}},"91":{"start":{"line":458,"column":10},"end":{"line":460,"column":11}},"92":{"start":{"line":459,"column":12},"end":{"line":459,"column":44}},"93":{"start":{"line":462,"column":10},"end":{"line":462,"column":23}},"94":{"start":{"line":466,"column":6},"end":{"line":466,"column":16}},"95":{"start":{"line":469,"column":4},"end":{"line":469,"column":44}},"96":{"start":{"line":482,"column":22},"end":{"line":482,"column":42}},"97":{"start":{"line":484,"column":4},"end":{"line":486,"column":5}},"98":{"start":{"line":485,"column":6},"end":{"line":485,"column":26}},"99":{"start":{"line":488,"column":4},"end":{"line":488,"column":16}}},"fnMap":{"0":{"name":"(anonymous_0)","decl":{"start":{"line":39,"column":2},"end":{"line":39,"column":3}},"loc":{"start":{"line":39,"column":61},"end":{"line":48,"column":3}},"line":39},"1":{"name":"(anonymous_1)","decl":{"start":{"line":69,"column":2},"end":{"line":69,"column":3}},"loc":{"start":{"line":69,"column":19},"end":{"line":104,"column":3}},"line":69},"2":{"name":"(anonymous_2)","decl":{"start":{"line":74,"column":78},"end":{"line":74,"column":79}},"loc":{"start":{"line":74,"column":91},"end":{"line":100,"column":7}},"line":74},"3":{"name":"(anonymous_3)","decl":{"start":{"line":81,"column":51},"end":{"line":81,"column":52}},"loc":{"start":{"line":81,"column":61},"end":{"line":96,"column":11}},"line":81},"4":{"name":"(anonymous_4)","decl":{"start":{"line":82,"column":69},"end":{"line":82,"column":70}},"loc":{"start":{"line":82,"column":79},"end":{"line":95,"column":13}},"line":82},"5":{"name":"(anonymous_5)","decl":{"start":{"line":110,"column":2},"end":{"line":110,"column":3}},"loc":{"start":{"line":110,"column":13},"end":{"line":112,"column":3}},"line":110},"6":{"name":"(anonymous_6)","decl":{"start":{"line":118,"column":2},"end":{"line":118,"column":3}},"loc":{"start":{"line":118,"column":16},"end":{"line":120,"column":3}},"line":118},"7":{"name":"(anonymous_7)","decl":{"start":{"line":126,"column":2},"end":{"line":126,"column":3}},"loc":{"start":{"line":126,"column":19},"end":{"line":132,"column":3}},"line":126},"8":{"name":"(anonymous_8)","decl":{"start":{"line":141,"column":2},"end":{"line":141,"column":3}},"loc":{"start":{"line":141,"column":13},"end":{"line":147,"column":3}},"line":141},"9":{"name":"(anonymous_9)","decl":{"start":{"line":156,"column":2},"end":{"line":156,"column":3}},"loc":{"start":{"line":156,"column":17},"end":{"line":162,"column":3}},"line":156},"10":{"name":"(anonymous_10)","decl":{"start":{"line":171,"column":2},"end":{"line":171,"column":3}},"loc":{"start":{"line":171,"column":14},"end":{"line":173,"column":3}},"line":171},"11":{"name":"(anonymous_11)","decl":{"start":{"line":182,"column":2},"end":{"line":182,"column":3}},"loc":{"start":{"line":182,"column":13},"end":{"line":184,"column":3}},"line":182},"12":{"name":"(anonymous_12)","decl":{"start":{"line":198,"column":2},"end":{"line":198,"column":3}},"loc":{"start":{"line":198,"column":22},"end":{"line":200,"column":3}},"line":198},"13":{"name":"(anonymous_13)","decl":{"start":{"line":212,"column":2},"end":{"line":212,"column":3}},"loc":{"start":{"line":212,"column":21},"end":{"line":234,"column":3}},"line":212},"14":{"name":"(anonymous_14)","decl":{"start":{"line":225,"column":60},"end":{"line":225,"column":61}},"loc":{"start":{"line":225,"column":77},"end":{"line":230,"column":7}},"line":225},"15":{"name":"(anonymous_15)","decl":{"start":{"line":241,"column":2},"end":{"line":241,"column":3}},"loc":{"start":{"line":241,"column":11},"end":{"line":243,"column":3}},"line":241},"16":{"name":"(anonymous_16)","decl":{"start":{"line":242,"column":31},"end":{"line":242,"column":32}},"loc":{"start":{"line":242,"column":43},"end":{"line":242,"column":60}},"line":242},"17":{"name":"(anonymous_17)","decl":{"start":{"line":253,"column":2},"end":{"line":253,"column":3}},"loc":{"start":{"line":253,"column":14},"end":{"line":257,"column":3}},"line":253},"18":{"name":"(anonymous_18)","decl":{"start":{"line":273,"column":2},"end":{"line":273,"column":3}},"loc":{"start":{"line":273,"column":16},"end":{"line":280,"column":3}},"line":273},"19":{"name":"(anonymous_19)","decl":{"start":{"line":277,"column":48},"end":{"line":277,"column":49}},"loc":{"start":{"line":277,"column":58},"end":{"line":279,"column":6}},"line":277},"20":{"name":"(anonymous_20)","decl":{"start":{"line":278,"column":115},"end":{"line":278,"column":116}},"loc":{"start":{"line":278,"column":120},"end":{"line":278,"column":130}},"line":278},"21":{"name":"(anonymous_21)","decl":{"start":{"line":293,"column":2},"end":{"line":293,"column":3}},"loc":{"start":{"line":293,"column":9},"end":{"line":305,"column":3}},"line":293},"22":{"name":"(anonymous_22)","decl":{"start":{"line":295,"column":44},"end":{"line":295,"column":45}},"loc":{"start":{"line":295,"column":49},"end":{"line":301,"column":10}},"line":295},"23":{"name":"(anonymous_23)","decl":{"start":{"line":296,"column":15},"end":{"line":296,"column":16}},"loc":{"start":{"line":296,"column":22},"end":{"line":301,"column":9}},"line":296},"24":{"name":"(anonymous_24)","decl":{"start":{"line":323,"column":2},"end":{"line":323,"column":3}},"loc":{"start":{"line":323,"column":13},"end":{"line":325,"column":3}},"line":323},"25":{"name":"(anonymous_25)","decl":{"start":{"line":324,"column":43},"end":{"line":324,"column":44}},"loc":{"start":{"line":324,"column":55},"end":{"line":324,"column":74}},"line":324},"26":{"name":"(anonymous_26)","decl":{"start":{"line":324,"column":82},"end":{"line":324,"column":83}},"loc":{"start":{"line":324,"column":88},"end":{"line":324,"column":92}},"line":324},"27":{"name":"(anonymous_27)","decl":{"start":{"line":340,"column":2},"end":{"line":340,"column":3}},"loc":{"start":{"line":340,"column":12},"end":{"line":346,"column":3}},"line":340},"28":{"name":"(anonymous_28)","decl":{"start":{"line":342,"column":44},"end":{"line":342,"column":45}},"loc":{"start":{"line":342,"column":49},"end":{"line":342,"column":121}},"line":342},"29":{"name":"(anonymous_29)","decl":{"start":{"line":342,"column":99},"end":{"line":342,"column":100}},"loc":{"start":{"line":342,"column":104},"end":{"line":342,"column":109}},"line":342},"30":{"name":"(anonymous_30)","decl":{"start":{"line":361,"column":2},"end":{"line":361,"column":3}},"loc":{"start":{"line":361,"column":12},"end":{"line":371,"column":3}},"line":361},"31":{"name":"(anonymous_31)","decl":{"start":{"line":381,"column":2},"end":{"line":381,"column":3}},"loc":{"start":{"line":381,"column":14},"end":{"line":390,"column":3}},"line":381},"32":{"name":"(anonymous_32)","decl":{"start":{"line":382,"column":44},"end":{"line":382,"column":45}},"loc":{"start":{"line":382,"column":49},"end":{"line":382,"column":62}},"line":382},"33":{"name":"(anonymous_33)","decl":{"start":{"line":400,"column":2},"end":{"line":400,"column":3}},"loc":{"start":{"line":400,"column":12},"end":{"line":402,"column":3}},"line":400},"34":{"name":"(anonymous_34)","decl":{"start":{"line":401,"column":32},"end":{"line":401,"column":33}},"loc":{"start":{"line":401,"column":37},"end":{"line":401,"column":50}},"line":401},"35":{"name":"(anonymous_35)","decl":{"start":{"line":412,"column":2},"end":{"line":412,"column":3}},"loc":{"start":{"line":412,"column":25},"end":{"line":420,"column":3}},"line":412},"36":{"name":"(anonymous_36)","decl":{"start":{"line":447,"column":2},"end":{"line":447,"column":3}},"loc":{"start":{"line":447,"column":18},"end":{"line":470,"column":3}},"line":447},"37":{"name":"(anonymous_37)","decl":{"start":{"line":455,"column":19},"end":{"line":455,"column":20}},"loc":{"start":{"line":455,"column":24},"end":{"line":455,"column":46}},"line":455},"38":{"name":"(anonymous_38)","decl":{"start":{"line":457,"column":19},"end":{"line":457,"column":20}},"loc":{"start":{"line":457,"column":24},"end":{"line":463,"column":16}},"line":457},"39":{"name":"(anonymous_39)","decl":{"start":{"line":457,"column":53},"end":{"line":457,"column":54}},"loc":{"start":{"line":457,"column":67},"end":{"line":463,"column":9}},"line":457},"40":{"name":"(anonymous_40)","decl":{"start":{"line":481,"column":2},"end":{"line":481,"column":3}},"loc":{"start":{"line":481,"column":22},"end":{"line":489,"column":3}},"line":481}},"branchMap":{"0":{"loc":{"start":{"line":73,"column":4},"end":{"line":101,"column":5}},"type":"if","locations":[{"start":{"line":73,"column":4},"end":{"line":101,"column":5}},{"start":{"line":73,"column":4},"end":{"line":101,"column":5}}],"line":73},"1":{"loc":{"start":{"line":73,"column":8},"end":{"line":73,"column":101}},"type":"binary-expr","locations":[{"start":{"line":73,"column":8},"end":{"line":73,"column":32}},{"start":{"line":73,"column":36},"end":{"line":73,"column":48}},{"start":{"line":73,"column":52},"end":{"line":73,"column":101}}],"line":73},"2":{"loc":{"start":{"line":77,"column":8},"end":{"line":97,"column":9}},"type":"if","locations":[{"start":{"line":77,"column":8},"end":{"line":97,"column":9}},{"start":{"line":77,"column":8},"end":{"line":97,"column":9}}],"line":77},"3":{"loc":{"start":{"line":89,"column":14},"end":{"line":91,"column":15}},"type":"if","locations":[{"start":{"line":89,"column":14},"end":{"line":91,"column":15}},{"start":{"line":89,"column":14},"end":{"line":91,"column":15}}],"line":89},"4":{"loc":{"start":{"line":127,"column":4},"end":{"line":129,"column":5}},"type":"if","locations":[{"start":{"line":127,"column":4},"end":{"line":129,"column":5}},{"start":{"line":127,"column":4},"end":{"line":129,"column":5}}],"line":127},"5":{"loc":{"start":{"line":127,"column":8},"end":{"line":127,"column":73}},"type":"binary-expr","locations":[{"start":{"line":127,"column":8},"end":{"line":127,"column":20}},{"start":{"line":127,"column":24},"end":{"line":127,"column":41}},{"start":{"line":127,"column":45},"end":{"line":127,"column":73}}],"line":127},"6":{"loc":{"start":{"line":142,"column":4},"end":{"line":144,"column":5}},"type":"if","locations":[{"start":{"line":142,"column":4},"end":{"line":144,"column":5}},{"start":{"line":142,"column":4},"end":{"line":144,"column":5}}],"line":142},"7":{"loc":{"start":{"line":157,"column":4},"end":{"line":159,"column":5}},"type":"if","locations":[{"start":{"line":157,"column":4},"end":{"line":159,"column":5}},{"start":{"line":157,"column":4},"end":{"line":159,"column":5}}],"line":157},"8":{"loc":{"start":{"line":213,"column":19},"end":{"line":213,"column":45}},"type":"binary-expr","locations":[{"start":{"line":213,"column":19},"end":{"line":213,"column":39}},{"start":{"line":213,"column":43},"end":{"line":213,"column":45}}],"line":213},"9":{"loc":{"start":{"line":215,"column":4},"end":{"line":217,"column":5}},"type":"if","locations":[{"start":{"line":215,"column":4},"end":{"line":217,"column":5}},{"start":{"line":215,"column":4},"end":{"line":217,"column":5}}],"line":215},"10":{"loc":{"start":{"line":224,"column":4},"end":{"line":231,"column":5}},"type":"if","locations":[{"start":{"line":224,"column":4},"end":{"line":231,"column":5}},{"start":{"line":224,"column":4},"end":{"line":231,"column":5}}],"line":224},"11":{"loc":{"start":{"line":274,"column":22},"end":{"line":274,"column":84}},"type":"cond-expr","locations":[{"start":{"line":274,"column":43},"end":{"line":274,"column":47}},{"start":{"line":274,"column":50},"end":{"line":274,"column":84}}],"line":274},"12":{"loc":{"start":{"line":294,"column":4},"end":{"line":302,"column":5}},"type":"if","locations":[{"start":{"line":294,"column":4},"end":{"line":302,"column":5}},{"start":{"line":294,"column":4},"end":{"line":302,"column":5}}],"line":294},"13":{"loc":{"start":{"line":341,"column":4},"end":{"line":343,"column":5}},"type":"if","locations":[{"start":{"line":341,"column":4},"end":{"line":343,"column":5}},{"start":{"line":341,"column":4},"end":{"line":343,"column":5}}],"line":341},"14":{"loc":{"start":{"line":364,"column":4},"end":{"line":366,"column":5}},"type":"if","locations":[{"start":{"line":364,"column":4},"end":{"line":366,"column":5}},{"start":{"line":364,"column":4},"end":{"line":366,"column":5}}],"line":364},"15":{"loc":{"start":{"line":384,"column":4},"end":{"line":386,"column":5}},"type":"if","locations":[{"start":{"line":384,"column":4},"end":{"line":386,"column":5}},{"start":{"line":384,"column":4},"end":{"line":386,"column":5}}],"line":384},"16":{"loc":{"start":{"line":413,"column":44},"end":{"line":413,"column":103}},"type":"cond-expr","locations":[{"start":{"line":413,"column":75},"end":{"line":413,"column":92}},{"start":{"line":413,"column":95},"end":{"line":413,"column":103}}],"line":413},"17":{"loc":{"start":{"line":415,"column":4},"end":{"line":417,"column":5}},"type":"if","locations":[{"start":{"line":415,"column":4},"end":{"line":417,"column":5}},{"start":{"line":415,"column":4},"end":{"line":417,"column":5}}],"line":415},"18":{"loc":{"start":{"line":450,"column":4},"end":{"line":467,"column":5}},"type":"if","locations":[{"start":{"line":450,"column":4},"end":{"line":467,"column":5}},{"start":{"line":450,"column":4},"end":{"line":467,"column":5}}],"line":450},"19":{"loc":{"start":{"line":452,"column":11},"end":{"line":467,"column":5}},"type":"if","locations":[{"start":{"line":452,"column":11},"end":{"line":467,"column":5}},{"start":{"line":452,"column":11},"end":{"line":467,"column":5}}],"line":452},"20":{"loc":{"start":{"line":452,"column":15},"end":{"line":452,"column":64}},"type":"binary-expr","locations":[{"start":{"line":452,"column":15},"end":{"line":452,"column":43}},{"start":{"line":452,"column":47},"end":{"line":452,"column":64}}],"line":452},"21":{"loc":{"start":{"line":454,"column":6},"end":{"line":464,"column":7}},"type":"if","locations":[{"start":{"line":454,"column":6},"end":{"line":464,"column":7}},{"start":{"line":454,"column":6},"end":{"line":464,"column":7}}],"line":454},"22":{"loc":{"start":{"line":454,"column":10},"end":{"line":454,"column":70}},"type":"binary-expr","locations":[{"start":{"line":454,"column":10},"end":{"line":454,"column":40}},{"start":{"line":454,"column":44},"end":{"line":454,"column":70}}],"line":454},"23":{"loc":{"start":{"line":458,"column":10},"end":{"line":460,"column":11}},"type":"if","locations":[{"start":{"line":458,"column":10},"end":{"line":460,"column":11}},{"start":{"line":458,"column":10},"end":{"line":460,"column":11}}],"line":458},"24":{"loc":{"start":{"line":484,"column":4},"end":{"line":486,"column":5}},"type":"if","locations":[{"start":{"line":484,"column":4},"end":{"line":486,"column":5}},{"start":{"line":484,"column":4},"end":{"line":486,"column":5}}],"line":484}},"s":{"0":172,"1":172,"2":172,"3":332,"4":343,"5":343,"6":275,"7":3402,"8":3354,"9":3286,"10":6402,"11":2058080,"12":2058031,"13":6402,"14":3354,"15":3178,"16":2054856,"17":2054856,"18":3226,"19":178,"20":52,"21":47,"22":7,"23":3,"24":2,"25":52,"26":47,"27":6,"28":4,"29":52,"30"
[...]
n":6},"end":{"line":234,"column":60}},"123":{"start":{"line":235,"column":6},"end":{"line":235,"column":57}},"124":{"start":{"line":237,"column":6},"end":{"line":237,"column":59}},"125":{"start":{"line":238,"column":6},"end":{"line":238,"column":59}},"126":{"start":{"line":239,"column":6},"end":{"line":239,"column":57}},"127":{"start":{"line":243,"column":2},"end":{"line":304,"column":5}},"128":{"start":{"line":244,"column":4},"end":{"line":244,"column":71}},"129":{"start":{"line":244,"column":27},"end":{"line":244,"column":69}},"130":{"start":{"line":246,"column":4},"end":{"line":265,"column":7}},"131":{"start":{"line":247,"column":6},"end":{"line":257,"column":9}},"132":{"start":{"line":248,"column":8},"end":{"line":254,"column":12}},"133":{"start":{"line":256,"column":8},"end":{"line":256,"column":64}},"134":{"start":{"line":259,"column":6},"end":{"line":264,"column":9}},"135":{"start":{"line":260,"column":8},"end":{"line":260,"column":53}},"136":{"start":{"line":261,"column":8},"end":{"line":261,"column":57}},"137":{"start":{"line":262,"column":8},"end":{"line":262,"column":66}},"138":{"start":{"line":263,"column":8},"end":{"line":263,"column":55}},"139":{"start":{"line":267,"column":4},"end":{"line":294,"column":7}},"140":{"start":{"line":268,"column":6},"end":{"line":270,"column":9}},"141":{"start":{"line":269,"column":8},"end":{"line":269,"column":73}},"142":{"start":{"line":272,"column":6},"end":{"line":288,"column":9}},"143":{"start":{"line":273,"column":8},"end":{"line":273,"column":39}},"144":{"start":{"line":274,"column":8},"end":{"line":287,"column":12}},"145":{"start":{"line":290,"column":6},"end":{"line":293,"column":9}},"146":{"start":{"line":291,"column":8},"end":{"line":291,"column":26}},"147":{"start":{"line":292,"column":8},"end":{"line":292,"column":49}},"148":{"start":{"line":296,"column":4},"end":{"line":303,"column":7}},"149":{"start":{"line":297,"column":6},"end":{"line":302,"column":9}},"150":{"start":{"line":298,"column":8},"end":{"line":298,"column":69}},"151":{"start":{"line":300,"column":8},"end":{"line":300,"column":39}},"152":{"start":{"line":301,"column":8},"end":{"line":301,"column":55}},"153":{"start":{"line":306,"column":2},"end":{"line":320,"column":5}},"154":{"start":{"line":307,"column":4},"end":{"line":309,"column":7}},"155":{"start":{"line":308,"column":6},"end":{"line":308,"column":46}},"156":{"start":{"line":311,"column":4},"end":{"line":314,"column":7}},"157":{"start":{"line":312,"column":6},"end":{"line":312,"column":84}},"158":{"start":{"line":313,"column":6},"end":{"line":313,"column":90}},"159":{"start":{"line":316,"column":4},"end":{"line":319,"column":7}},"160":{"start":{"line":317,"column":6},"end":{"line":317,"column":56}},"161":{"start":{"line":318,"column":6},"end":{"line":318,"column":76}}},"fnMap":{"0":{"name":"(anonymous_0)","decl":{"start":{"line":12,"column":20},"end":{"line":12,"column":21}},"loc":{"start":{"line":12,"column":26},"end":{"line":321,"column":1}},"line":12},"1":{"name":"(anonymous_1)","decl":{"start":{"line":28,"column":13},"end":{"line":28,"column":14}},"loc":{"start":{"line":28,"column":19},"end":{"line":41,"column":3}},"line":28},"2":{"name":"(anonymous_2)","decl":{"start":{"line":43,"column":12},"end":{"line":43,"column":13}},"loc":{"start":{"line":43,"column":18},"end":{"line":48,"column":3}},"line":43},"3":{"name":"(anonymous_3)","decl":{"start":{"line":50,"column":26},"end":{"line":50,"column":27}},"loc":{"start":{"line":50,"column":32},"end":{"line":60,"column":3}},"line":50},"4":{"name":"(anonymous_4)","decl":{"start":{"line":51,"column":36},"end":{"line":51,"column":37}},"loc":{"start":{"line":51,"column":42},"end":{"line":59,"column":5}},"line":51},"5":{"name":"(anonymous_5)","decl":{"start":{"line":62,"column":42},"end":{"line":62,"column":43}},"loc":{"start":{"line":62,"column":48},"end":{"line":137,"column":3}},"line":62},"6":{"name":"(anonymous_6)","decl":{"start":{"line":63,"column":15},"end":{"line":63,"column":16}},"loc":{"start":{"line":63,"column":21},"end":{"line":65,"column":5}},"line":63},"7":{"name":"(anonymous_7)","decl":{"start":{"line":67,"column":36},"end":{"line":67,"column":37}},"loc":{"start":{"line":67,"column":48},"end":{"line":76,"column":5}},"line":67},"8":{"name":"(anonymous_8)","decl":{"start":{"line":78,"column":49},"end":{"line":78,"column":50}},"loc":{"start":{"line":78,"column":61},"end":{"line":87,"column":5}},"line":78},"9":{"name":"(anonymous_9)","decl":{"start":{"line":89,"column":66},"end":{"line":89,"column":67}},"loc":{"start":{"line":89,"column":78},"end":{"line":101,"column":5}},"line":89},"10":{"name":"(anonymous_10)","decl":{"start":{"line":103,"column":117},"end":{"line":103,"column":118}},"loc":{"start":{"line":103,"column":129},"end":{"line":115,"column":5}},"line":103},"11":{"name":"(anonymous_11)","decl":{"start":{"line":117,"column":65},"end":{"line":117,"column":66}},"loc":{"start":{"line":117,"column":77},"end":{"line":132,"column":5}},"line":117},"12":{"name":"(anonymous_12)","decl":{"start":{"line":134,"column":67},"end":{"line":134,"column":68}},"loc":{"start":{"line":135,"column":6},"end":{"line":136,"column":50}},"line":135},"13":{"name":"(anonymous_13)","decl":{"start":{"line":139,"column":36},"end":{"line":139,"column":37}},"loc":{"start":{"line":139,"column":42},"end":{"line":174,"column":3}},"line":139},"14":{"name":"(anonymous_14)","decl":{"start":{"line":140,"column":15},"end":{"line":140,"column":16}},"loc":{"start":{"line":140,"column":21},"end":{"line":142,"column":5}},"line":140},"15":{"name":"(anonymous_15)","decl":{"start":{"line":144,"column":94},"end":{"line":144,"column":95}},"loc":{"start":{"line":144,"column":106},"end":{"line":157,"column":5}},"line":144},"16":{"name":"(anonymous_16)","decl":{"start":{"line":159,"column":72},"end":{"line":159,"column":73}},"loc":{"start":{"line":159,"column":84},"end":{"line":173,"column":5}},"line":159},"17":{"name":"(anonymous_17)","decl":{"start":{"line":176,"column":30},"end":{"line":176,"column":31}},"loc":{"start":{"line":176,"column":36},"end":{"line":217,"column":3}},"line":176},"18":{"name":"(anonymous_18)","decl":{"start":{"line":177,"column":58},"end":{"line":177,"column":59}},"loc":{"start":{"line":177,"column":70},"end":{"line":194,"column":5}},"line":177},"19":{"name":"(anonymous_19)","decl":{"start":{"line":196,"column":65},"end":{"line":196,"column":66}},"loc":{"start":{"line":196,"column":77},"end":{"line":202,"column":5}},"line":196},"20":{"name":"(anonymous_20)","decl":{"start":{"line":204,"column":41},"end":{"line":204,"column":42}},"loc":{"start":{"line":204,"column":53},"end":{"line":216,"column":5}},"line":204},"21":{"name":"(anonymous_21)","decl":{"start":{"line":219,"column":29},"end":{"line":219,"column":30}},"loc":{"start":{"line":219,"column":35},"end":{"line":241,"column":3}},"line":219},"22":{"name":"(anonymous_22)","decl":{"start":{"line":220,"column":64},"end":{"line":220,"column":65}},"loc":{"start":{"line":220,"column":76},"end":{"line":230,"column":5}},"line":220},"23":{"name":"(anonymous_23)","decl":{"start":{"line":232,"column":51},"end":{"line":232,"column":52}},"loc":{"start":{"line":232,"column":57},"end":{"line":240,"column":5}},"line":232},"24":{"name":"(anonymous_24)","decl":{"start":{"line":243,"column":29},"end":{"line":243,"column":30}},"loc":{"start":{"line":243,"column":35},"end":{"line":304,"column":3}},"line":243},"25":{"name":"(anonymous_25)","decl":{"start":{"line":244,"column":15},"end":{"line":244,"column":16}},"loc":{"start":{"line":244,"column":27},"end":{"line":244,"column":69}},"line":244},"26":{"name":"(anonymous_26)","decl":{"start":{"line":246,"column":27},"end":{"line":246,"column":28}},"loc":{"start":{"line":246,"column":33},"end":{"line":265,"column":5}},"line":246},"27":{"name":"(anonymous_27)","decl":{"start":{"line":247,"column":65},"end":{"line":247,"column":66}},"loc":{"start":{"line":247,"column":71},"end":{"line":257,"column":7}},"line":247},"28":{"name":"(anonymous_28)","decl":{"start":{"line":259,"column":77},"end":{"line":259,"column":78}},"loc":{"start":{"line":259,"column":83},"end":{"line":264,"column":7}},"line":259},"29":{"name":"(anonymous_29)","decl":{"start":{"line":267,"column":30},"end":{"line":267,"column":31}},"loc":{"start":{"line":267,"column":36},"end":{"line":294,"column":5}},"line":267},"30":{"name":"(anonymous_30)","decl":{"start":{"line":268,"column":76},"end":{"line":268,"column":77}},"loc":{"start":{"line":268,"column":82},"end":{"line":270,"column":7}},"line":268},"31":{"name":"(anonymous_31)","decl":{"start":{"line":272,"column":71},"end":{"line":272,"column":72}},"loc":{"start":{"line":272,"column":77},"end":{"line":288,"column":7}},"line":272},"32":{"name":"(anonymous_32)","decl":{"start":{"line":290,"column":58},"end":{"line":290,"column":59}},"loc":{"start":{"line":290,"column":64},"end":{"line":293,"column":7}},"line":290},"33":{"name":"(anonymous_33)","decl":{"start":{"line":296,"column":29},"end":{"line":296,"column":30}},"loc":{"start":{"line":296,"column":35},"end":{"line":303,"column":5}},"line":296},"34":{"name":"(anonymous_34)","decl":{"start":{"line":297,"column":57},"end":{"line":297,"column":58}},"loc":{"start":{"line":297,"column":63},"end":{"line":302,"column":7}},"line":297},"35":{"name":"(anonymous_35)","decl":{"start":{"line":306,"column":29},"end":{"line":306,"column":30}},"loc":{"start":{"line":306,"column":35},"end":{"line":320,"column":3}},"line":306},"36":{"name":"(anonymous_36)","decl":{"start":{"line":307,"column":15},"end":{"line":307,"column":16}},"loc":{"start":{"line":307,"column":21},"end":{"line":309,"column":5}},"line":307},"37":{"name":"(anonymous_37)","decl":{"start":{"line":311,"column":62},"end":{"line":311,"column":63}},"loc":{"start":{"line":311,"column":68},"end":{"line":314,"column":5}},"line":311},"38":{"name":"(anonymous_38)","decl":{"start":{"line":316,"column":82},"end":{"line":316,"column":83}},"loc":{"start":{"line":316,"column":88},"end":{"line":319,"column":5}},"line":316}},"branchMap":{},"s":{"0":1,"1":1,"2":1,"3":1,"4":1,"5":1,"6":1,"7":1,"8":1,"9":1,"10":1,"11":1,"12":1,"13":1,"14":22,"15":22,"16":22,"17":22,"18":1,"19":22,"20":22,"21":22,"22":22,"23":1,"24":1,"25":1,"26":1,"27":1,"28":1,"29":1,"30":1,"31":1,"32":1,"33":1,"34":6,"35":1,"36":1,"37":1,"38":1,"39":1,"40":1,"41":1,"42":1,"43":1,"44":1,"45":1,"46":1,"47":1,"48":1,"49":1,"50":1,"51":1,"52":1,"53":1,"54":1,"55":1,"56":1,"57":1,"58":1,"59":1,"60":1,"61":1,"62":1,"63":1,"64":1,"65":1,"66":1,"67":1,"68":1,"69":1,"70":1,"71":1,"72":1,"73":1,"74":1,"75":2,"76":1,"77":1,"78":1,"79":1,"80":1,"81":1,"82":1,"83":1,"84":1,"85":1,"86":1,"87":1,"88":1,"89":1,"90":1,"91":1,"92":1,"93":1,"94":1,"95":1,"96":1,"97":1,"98":1,"99":1,"100":1,"101":1,"102":1,"103":1,"104":1,"105":1,"106":1,"107":1,"108":1,"109":1,"110":1,"111":1,"112":1,"113":1,"114":1,"115":1,"116":1,"117":1,"118":1,"119":1,"120":1,"121":1,"122":1,"123":1,"124":1,"125":1,"126":1,"127":1,"128":1,"129":6,"130":1,"131":1,"132":1,"133":1,"134":1,"135":1,"136":1,"137":1,"138":1,"139":1,"140":1,"141":1,"142":1,"143":1,"144":1,"145":1,"146":1,"147":1,"148":1,"149":1,"150":1,"151":1,"152":1,"153":1,"154":1,"155":2,"156":1,"157":1,"158":1,"159":1,"160":1,"161":1},"f":{"0":1,"1":22,"2":22,"3":1,"4":1,"5":1,"6":6,"7":1,"8":1,"9":1,"10":1,"11":1,"12":1,"13":1,"14":2,"15":1,"16":1,"17":1,"18":1,"19":1,"20":1,"21":1,"22":1,"23":1,"24":1,"25":6,"26":1,"27":1,"28":1,"29":1,"30":1,"31":1,"32":1,"33":1,"34":1,"35":1,"36":2,"37":1,"38":1},"b":{},"_coverageSchema":"332fd63041d2c1bcb487cc26dd0d5f7d97098a6c","hash":"bb01c24e9e24a971ef97bbe8109f0001efc28819"}
,"/Users/joe/dev/sequoia-js-client-sdk/test/spec/transport.js": {"path":"/Users/joe/dev/sequoia-js-client-sdk/test/spec/transport.js","statementMap":{"0":{"start":{"line":4,"column":0},"end":{"line":108,"column":3}},"1":{"start":{"line":5,"column":2},"end":{"line":5,"column":31}},"2":{"start":{"line":9,"column":2},"end":{"line":11,"column":5}},"3":{"start":{"line":10,"column":4},"end":{"line":10,"column":32}},"4":{"start":{"line":13,"column":2},"end":{"line":16,"column":5}},"5":{"start":{"line":14,"column":4},"end":{"line":14,"column":24}},"6":{"start":{"line":15,"column":4},"end":{"line":15,"column":26}},"7":{"start":{"line":18,"column":2},"end":{"line":24,"column":5}},"8":{"start":{"line":19,"column":4},"end":{"line":19,"column":40}},"9":{"start":{"line":20,"column":4},"end":{"line":20,"column":41}},"10":{"start":{"line":21,"column":4},"end":{"line":21,"column":40}},"11":{"start":{"line":22,"column":4},"end":{"line":22,"column":44}},"12":{"start":{"line":23,"column":4},"end":{"line":23,"column":45}},"13":{"start":{"line":26,"column":2},"end":{"line":54,"column":5}},"14":{"start":{"line":27,"column":4},"end":{"line":33,"column":7}},"15":{"start":{"line":28,"column":6},"end":{"line":30,"column":9}},"16":{"start":{"line":32,"column":6},"end":{"line":32,"column":104}},"17":{"start":{"line":35,"column":4},"end":{"line":39,"column":7}},"18":{"start":{"line":36,"column":6},"end":{"line":36,"column":31}},"19":{"start":{"line":38,"column":6},"end":{"line":38,"column":86}},"20":{"start":{"line":41,"column":4},"end":{"line":47,"column":7}},"21":{"start":{"line":42,"column":6},"end":{"line":42,"column":31}},"22":{"start":{"line":44,"column":6},"end":{"line":46,"column":9}},"23":{"start":{"line":45,"column":35},"end":{"line":45,"column":90}},"24":{"start":{"line":49,"column":4},"end":{"line":53,"column":7}},"25":{"start":{"line":50,"column":6},"end":{"line":50,"column":69}},"26":{"start":{"line":52,"column":6},"end":{"line":52,"column":76}},"27":{"start":{"line":56,"column":2},"end":{"line":107,"column":5}},"28":{"start":{"line":57,"column":24},"end":{"line":57,"column":42}},"29":{"start":{"line":58,"column":4},"end":{"line":58,"column":64}},"30":{"start":{"line":58,"column":21},"end":{"line":58,"column":62}},"31":{"start":{"line":60,"column":4},"end":{"line":64,"column":7}},"32":{"start":{"line":61,"column":6},"end":{"line":61,"column":76}},"33":{"start":{"line":63,"column":6},"end":{"line":63,"column":90}},"34":{"start":{"line":66,"column":4},"end":{"line":70,"column":7}},"35":{"start":{"line":67,"column":6},"end":{"line":67,"column":89}},"36":{"start":{"line":69,"column":6},"end":{"line":69,"column":84}},"37":{"start":{"line":72,"column":4},"end":{"line":76,"column":7}},"38":{"start":{"line":73,"column":6},"end":{"line":73,"column":77}},"39":{"start":{"line":75,"column":6},"end":{"line":75,"column":91}},"40":{"start":{"line":78,"column":4},"end":{"line":82,"column":7}},"41":{"start":{"line":79,"column":6},"end":{"line":79,"column":90}},"42":{"start":{"line":81,"column":6},"end":{"line":81,"column":84}},"43":{"start":{"line":84,"column":4},"end":{"line":88,"column":7}},"44":{"start":{"line":85,"column":6},"end":{"line":85,"column":76}},"45":{"start":{"line":87,"column":6},"end":{"line":87,"column":90}},"46":{"start":{"line":90,"column":4},"end":{"line":94,"column":7}},"47":{"start":{"line":91,"column":6},"end":{"line":91,"column":89}},"48":{"start":{"line":93,"column":6},"end":{"line":93,"column":84}},"49":{"start":{"line":96,"column":4},"end":{"line":101,"column":7}},"50":{"start":{"line":97,"column":6},"end":{"line":97,"column":80}},"51":{"start":{"line":99,"column":6},"end":{"line":100,"column":64}},"52":{"start":{"line":103,"column":4},"end":{"line":106,"column":7}},"53":{"start":{"line":104,"column":6},"end":{"line":104,"column":48}},"54":{"start":{"line":105,"column":6},"end":{"line":105,"column":84}}},"fnMap":{"0":{"name":"(anonymous_0)","decl":{"start":{"line":4,"column":22},"end":{"line":4,"column":23}},"loc":{"start":{"line":4,"column":28},"end":{"line":108,"column":1}},"line":4},"1":{"name":"(anonymous_1)","decl":{"start":{"line":9,"column":13},"end":{"line":9,"column":14}},"loc":{"start":{"line":9,"column":19},"end":{"line":11,"column":3}},"line":9},"2":{"name":"(anonymous_2)","decl":{"start":{"line":13,"column":12},"end":{"line":13,"column":13}},"loc":{"start":{"line":13,"column":18},"end":{"line":16,"column":3}},"line":13},"3":{"name":"(anonymous_3)","decl":{"start":{"line":18,"column":22},"end":{"line":18,"column":23}},"loc":{"start":{"line":18,"column":28},"end":{"line":24,"column":3}},"line":18},"4":{"name":"(anonymous_4)","decl":{"start":{"line":26,"column":32},"end":{"line":26,"column":33}},"loc":{"start":{"line":26,"column":38},"end":{"line":54,"column":3}},"line":26},"5":{"name":"(anonymous_5)","decl":{"start":{"line":27,"column":45},"end":{"line":27,"column":46}},"loc":{"start":{"line":27,"column":57},"end":{"line":33,"column":5}},"line":27},"6":{"name":"(anonymous_6)","decl":{"start":{"line":35,"column":67},"end":{"line":35,"column":68}},"loc":{"start":{"line":35,"column":79},"end":{"line":39,"column":5}},"line":35},"7":{"name":"(anonymous_7)","decl":{"start":{"line":41,"column":41},"end":{"line":41,"column":42}},"loc":{"start":{"line":41,"column":53},"end":{"line":47,"column":5}},"line":41},"8":{"name":"(anonymous_8)","decl":{"start":{"line":45,"column":25},"end":{"line":45,"column":26}},"loc":{"start":{"line":45,"column":35},"end":{"line":45,"column":90}},"line":45},"9":{"name":"(anonymous_9)","decl":{"start":{"line":49,"column":46},"end":{"line":49,"column":47}},"loc":{"start":{"line":49,"column":58},"end":{"line":53,"column":5}},"line":49},"10":{"name":"(anonymous_10)","decl":{"start":{"line":56,"column":28},"end":{"line":56,"column":29}},"loc":{"start":{"line":56,"column":34},"end":{"line":107,"column":3}},"line":56},"11":{"name":"(anonymous_11)","decl":{"start":{"line":58,"column":15},"end":{"line":58,"column":16}},"loc":{"start":{"line":58,"column":21},"end":{"line":58,"column":62}},"line":58},"12":{"name":"(anonymous_12)","decl":{"start":{"line":60,"column":57},"end":{"line":60,"column":58}},"loc":{"start":{"line":60,"column":69},"end":{"line":64,"column":5}},"line":60},"13":{"name":"(anonymous_13)","decl":{"start":{"line":66,"column":68},"end":{"line":66,"column":69}},"loc":{"start":{"line":66,"column":80},"end":{"line":70,"column":5}},"line":66},"14":{"name":"(anonymous_14)","decl":{"start":{"line":72,"column":62},"end":{"line":72,"column":63}},"loc":{"start":{"line":72,"column":74},"end":{"line":76,"column":5}},"line":72},"15":{"name":"(anonymous_15)","decl":{"start":{"line":78,"column":69},"end":{"line":78,"column":70}},"loc":{"start":{"line":78,"column":81},"end":{"line":82,"column":5}},"line":78},"16":{"name":"(anonymous_16)","decl":{"start":{"line":84,"column":60},"end":{"line":84,"column":61}},"loc":{"start":{"line":84,"column":72},"end":{"line":88,"column":5}},"line":84},"17":{"name":"(anonymous_17)","decl":{"start":{"line":90,"column":68},"end":{"line":90,"column":69}},"loc":{"start":{"line":90,"column":80},"end":{"line":94,"column":5}},"line":90},"18":{"name":"(anonymous_18)","decl":{"start":{"line":96,"column":67},"end":{"line":96,"column":68}},"loc":{"start":{"line":96,"column":79},"end":{"line":101,"column":5}},"line":96},"19":{"name":"(anonymous_19)","decl":{"start":{"line":103,"column":72},"end":{"line":103,"column":73}},"loc":{"start":{"line":103,"column":84},"end":{"line":106,"column":5}},"line":103}},"branchMap":{"0":{"loc":{"start":{"line":45,"column":35},"end":{"line":45,"column":90}},"type":"binary-expr","locations":[{"start":{"line":45,"column":35},"end":{"line":45,"column":63}},{"start":{"line":45,"column":67},"end":{"line":45,"column":90}}],"line":45}},"s":{"0":1,"1":1,"2":1,"3":13,"4":1,"5":13,"6":13,"7":1,"8":1,"9":1,"10":1,"11":1,"12":1,"13":1,"14":1,"15":1,"16":1,"17":1,"18":1,"19":1,"20":1,"21":1,"22":1,"23":1,"24":1,"25":1,"26":1,"27":1,"28":1,"29":1,"30":8,"31":1,"32":1,"33":1,"34":1,"35":1,"36":1,"37":1,"38":1,"39":1,"40":1,"41":1,"42":1,"43":1,"44":1,"45":1,"46":1,"47":1,"48":1,"49":1,"50":1,"51":1,"52":1,"53":1,"54":1},"f":{"0":1,"1":13,"2":13,"3":1,"4":1,"5":1,"6":1,"7":1,"8":1,"9":1,"10":1,"11":8,"12":1,"13":1,"14":1,"15":1,"16":1,"17":1,"18":1,"19":1},"b":{"0":[1,1]},"_coverageSchema":"332fd63041d2c1bcb487cc26dd0d5f7d97098a6c","hash":"51418ec77f689e86eddce95aa29509b0da8a94a4"}
}
