TN:
SF:/Users/joe/dev/sequoia-js-client-sdk/lib/business_endpoint.js
FN:4,InvalidCriteriaException
FN:45,(anonymous_1)
FN:53,(anonymous_2)
FN:63,(anonymous_3)
FN:85,(anonymous_4)
FN:119,(anonymous_5)
FN:123,(anonymous_6)
FN:138,(anonymous_7)
FN:139,(anonymous_8)
FN:156,(anonymous_9)
FN:169,(anonymous_10)
FN:191,(anonymous_11)
FNF:12
FNH:12
FNDA:6,InvalidCriteriaException
FNDA:62,(anonymous_1)
FNDA:44,(anonymous_2)
FNDA:80,(anonymous_3)
FNDA:4,(anonymous_4)
FNDA:28,(anonymous_5)
FNDA:96,(anonymous_6)
FNDA:28,(anonymous_7)
FNDA:16,(anonymous_8)
FNDA:20,(anonymous_9)
FNDA:12,(anonymous_10)
FNDA:20,(anonymous_11)
DA:5,6
DA:6,6
DA:46,62
DA:47,62
DA:49,62
DA:50,53
DA:51,32
DA:53,62
DA:54,23
DA:55,31
DA:59,71
DA:60,31
DA:63,60
DA:64,42
DA:68,44
DA:69,42
DA:86,50
DA:87,4
DA:89,16
DA:120,22
DA:122,24
DA:123,50
DA:126,9
DA:139,18
DA:157,16
DA:159,12
DA:160,11
DA:161,12
DA:163,7
DA:164,2
DA:167,10
DA:169,10
DA:170,6
DA:171,2
DA:175,8
DA:192,10
LF:36
LH:36
BRDA:53,0,0,62
BRDA:53,0,1,40
BRDA:54,1,0,2
BRDA:54,1,1,42
BRDA:54,2,0,44
BRDA:54,2,1,2
BRDA:59,3,0,2
BRDA:59,3,1,60
BRDA:122,4,0,24
BRDA:122,4,1,4
BRDA:122,5,0,28
BRDA:122,5,1,28
BRDA:159,6,0,6
BRDA:159,6,1,14
BRDA:160,7,0,4
BRDA:160,7,1,2
BRDA:163,8,0,4
BRDA:163,8,1,10
BRDA:170,9,0,4
BRDA:170,9,1,8
BRF:20
BRH:20
end_of_record
TN:
SF:/Users/joe/dev/sequoia-js-client-sdk/lib/client.js
FN:74,(anonymous_0)
FN:96,(anonymous_1)
FN:153,(anonymous_2)
FN:156,(anonymous_3)
FN:157,(anonymous_4)
FN:200,(anonymous_5)
FN:203,(anonymous_6)
FN:203,(anonymous_7)
FN:211,(anonymous_8)
FN:247,(anonymous_9)
FN:251,(anonymous_10)
FN:253,(anonymous_11)
FN:264,(anonymous_12)
FN:265,(anonymous_13)
FN:275,(anonymous_14)
FN:287,(anonymous_15)
FNF:16
FNH:16
FNDA:42,(anonymous_0)
FNDA:4,(anonymous_1)
FNDA:2,(anonymous_2)
FNDA:2,(anonymous_3)
FNDA:2,(anonymous_4)
FNDA:26,(anonymous_5)
FNDA:24,(anonymous_6)
FNDA:24,(anonymous_7)
FNDA:2,(anonymous_8)
FNDA:14,(anonymous_9)
FNDA:530,(anonymous_10)
FNDA:506,(anonymous_11)
FNDA:10,(anonymous_12)
FNDA:10,(anonymous_13)
FNDA:2,(anonymous_14)
FNDA:6,(anonymous_15)
DA:81,42
DA:82,42
DA:83,42
DA:85,42
DA:86,42
DA:97,4
DA:154,2
DA:156,2
DA:157,2
DA:201,26
DA:203,25
DA:212,8
DA:250,272
DA:251,518
DA:253,258
DA:254,7
DA:258,10
DA:262,10
DA:264,6
DA:265,8
DA:276,2
DA:288,4
DA:297,2
DA:298,2
DA:299,1
DA:300,1
LF:26
LH:26
BRDA:85,0,0,2
BRDA:85,0,1,40
BRDA:86,1,0,2
BRDA:86,1,1,40
BRDA:153,2,0,2
BRDA:250,3,0,10
BRDA:250,3,1,4
BRDA:253,4,0,4
BRDA:253,4,1,6
BRF:9
BRH:9
end_of_record
TN:
SF:/Users/joe/dev/sequoia-js-client-sdk/lib/predications.js
FN:14,(anonymous_0)
FN:32,(anonymous_1)
FN:46,(anonymous_2)
FN:60,(anonymous_3)
FN:74,(anonymous_4)
FN:86,(anonymous_5)
FN:98,(anonymous_6)
FN:113,(anonymous_7)
FN:128,(anonymous_8)
FN:142,(anonymous_9)
FN:156,(anonymous_10)
FN:170,(anonymous_11)
FN:184,(anonymous_12)
FNF:13
FNH:13
FNDA:36,(anonymous_0)
FNDA:4,(anonymous_1)
FNDA:2,(anonymous_2)
FNDA:4,(anonymous_3)
FNDA:2,(anonymous_4)
FNDA:2,(anonymous_5)
FNDA:2,(anonymous_6)
FNDA:2,(anonymous_7)
FNDA:2,(anonymous_8)
FNDA:2,(anonymous_9)
FNDA:2,(anonymous_10)
FNDA:2,(anonymous_11)
FNDA:2,(anonymous_12)
DA:15,36
DA:16,2
DA:18,34
DA:33,4
DA:47,2
DA:61,4
DA:75,2
DA:87,2
DA:99,2
DA:114,2
DA:129,2
DA:143,2
DA:157,2
DA:171,2
DA:185,2
LF:15
LH:15
BRDA:14,0,0,34
BRDA:15,1,0,2
BRDA:15,1,1,34
BRF:3
BRH:3
end_of_record
TN:
SF:/Users/joe/dev/sequoia-js-client-sdk/lib/query.js
FN:23,(anonymous_0)
FN:43,(anonymous_1)
FN:53,(anonymous_2)
FN:69,(anonymous_3)
FN:85,(anonymous_4)
FN:101,(anonymous_5)
FN:117,(anonymous_6)
FN:133,(anonymous_7)
FN:143,(anonymous_8)
FN:153,(anonymous_9)
FN:166,(anonymous_10)
FN:178,(anonymous_11)
FN:189,(anonymous_12)
FN:200,(anonymous_13)
FN:211,(anonymous_14)
FN:222,(anonymous_15)
FN:233,(anonymous_16)
FN:242,(anonymous_17)
FN:255,where
FN:259,field
FN:263,param
FN:267,textSearch
FNF:22
FNH:22
FNDA:46,(anonymous_0)
FNDA:2,(anonymous_1)
FNDA:4,(anonymous_2)
FNDA:6,(anonymous_3)
FNDA:2,(anonymous_4)
FNDA:6,(anonymous_5)
FNDA:4,(anonymous_6)
FNDA:4,(anonymous_7)
FNDA:6,(anonymous_8)
FNDA:10,(anonymous_9)
FNDA:20,(anonymous_10)
FNDA:2,(anonymous_11)
FNDA:2,(anonymous_12)
FNDA:2,(anonymous_13)
FNDA:2,(anonymous_14)
FNDA:4,(anonymous_15)
FNDA:2,(anonymous_16)
FNDA:12,(anonymous_17)
FNDA:6,where
FNDA:2,field
FNDA:2,param
FNDA:2,textSearch
DA:24,46
DA:25,46
DA:26,46
DA:44,2
DA:45,2
DA:54,4
DA:55,4
DA:70,6
DA:71,6
DA:86,2
DA:87,2
DA:102,6
DA:103,6
DA:118,4
DA:119,4
DA:134,4
DA:135,4
DA:144,6
DA:145,6
DA:154,10
DA:155,10
DA:167,20
DA:168,20
DA:179,2
DA:190,2
DA:201,2
DA:212,2
DA:223,4
DA:234,2
DA:243,12
DA:245,9
DA:246,9
DA:249,9
DA:256,4
DA:260,2
DA:264,2
DA:268,1
LF:37
LH:37
BRDA:24,0,0,46
BRDA:24,0,1,40
BRDA:245,1,0,6
BRDA:245,1,1,6
BRF:4
BRH:4
end_of_record
TN:
SF:/Users/joe/dev/sequoia-js-client-sdk/lib/registry.js
FN:20,(anonymous_0)
FN:33,(anonymous_1)
FN:56,(anonymous_2)
FN:59,(anonymous_3)
FN:70,(anonymous_4)
FN:73,(anonymous_5)
FN:93,(anonymous_6)
FN:115,(anonymous_7)
FN:128,(anonymous_8)
FN:131,(anonymous_9)
FN:138,(anonymous_10)
FN:139,(anonymous_11)
FN:158,(anonymous_12)
FN:159,(anonymous_13)
FN:162,(anonymous_14)
FN:184,(anonymous_15)
FN:185,(anonymous_16)
FN:187,(anonymous_17)
FNF:18
FNH:18
FNDA:36,(anonymous_0)
FNDA:38,(anonymous_1)
FNDA:4,(anonymous_2)
FNDA:34,(anonymous_3)
FNDA:4,(anonymous_4)
FNDA:12,(anonymous_5)
FNDA:2,(anonymous_6)
FNDA:130,(anonymous_7)
FNDA:80,(anonymous_8)
FNDA:80,(anonymous_9)
FNDA:136,(anonymous_10)
FNDA:16,(anonymous_11)
FNDA:36,(anonymous_12)
FNDA:504,(anonymous_13)
FNDA:32,(anonymous_14)
FNDA:4,(anonymous_15)
FNDA:32,(anonymous_16)
FNDA:36,(anonymous_17)
DA:21,36
DA:22,36
DA:34,38
DA:35,4
DA:38,34
DA:39,34
DA:40,34
DA:42,19
DA:57,19
DA:59,19
DA:71,3
DA:72,3
DA:73,7
DA:75,3
DA:76,66
DA:77,66
DA:79,66
DA:82,41
DA:94,41
DA:116,105
DA:117,105
DA:118,73
DA:129,108
DA:131,44
DA:132,104
DA:134,292
DA:139,86
DA:141,84
DA:142,20
DA:145,80
DA:159,254
DA:161,34
DA:162,18
DA:163,34
DA:164,16
DA:165,16
DA:167,16
DA:171,2
DA:185,16
DA:187,18
LF:40
LH:40
BRDA:34,0,0,4
BRDA:34,0,1,34
BRDA:34,1,0,38
BRDA:34,1,1,38
BRDA:57,2,0,2
BRDA:57,2,1,2
BRDA:75,3,0,2
BRDA:75,3,1,2
BRDA:141,4,0,8
BRDA:141,4,1,128
BRDA:161,5,0,32
BRDA:161,5,1,4
BRDA:185,6,0,2
BRDA:185,6,1,2
BRF:14
BRH:14
end_of_record
TN:
SF:/Users/joe/dev/sequoia-js-client-sdk/lib/resource.js
FN:7,isIterable
FN:66,(anonymous_1)
FN:85,(anonymous_2)
FN:91,(anonymous_3)
FN:122,(anonymous_4)
FN:128,(anonymous_5)
FN:145,(anonymous_6)
FN:161,(anonymous_7)
FN:166,(anonymous_8)
FN:180,(anonymous_9)
FN:182,(anonymous_10)
FN:191,(anonymous_11)
FN:204,(anonymous_12)
FN:227,(anonymous_13)
FN:266,(anonymous_14)
FN:317,(anonymous_15)
FN:320,(anonymous_16)
FN:351,(anonymous_17)
FN:378,(anonymous_18)
FN:412,(anonymous_19)
FN:455,(anonymous_20)
FN:459,(anonymous_21)
FN:478,(anonymous_22)
FNF:23
FNH:23
FNDA:28,isIterable
FNDA:6720,(anonymous_1)
FNDA:154,(anonymous_2)
FNDA:6068,(anonymous_3)
FNDA:4,(anonymous_4)
FNDA:5534,(anonymous_5)
FNDA:4,(anonymous_6)
FNDA:8,(anonymous_7)
FNDA:8,(anonymous_8)
FNDA:6,(anonymous_9)
FNDA:4,(anonymous_10)
FNDA:4,(anonymous_11)
FNDA:4,(anonymous_12)
FNDA:94,(anonymous_13)
FNDA:6,(anonymous_14)
FNDA:4,(anonymous_15)
FNDA:164,(anonymous_16)
FNDA:74,(anonymous_17)
FNDA:46,(anonymous_18)
FNDA:46,(anonymous_19)
FNDA:28,(anonymous_20)
FNDA:24,(anonymous_21)
FNDA:10,(anonymous_22)
DA:1,20
DA:12,3374
DA:20,3366
DA:67,6720
DA:68,6720
DA:70,6720
DA:72,3437
DA:73,3434
DA:86,151
DA:88,3111
DA:89,77
DA:91,151
DA:92,3036
DA:95,2770
DA:98,2843
DA:123,3
DA:129,2769
DA:130,2767
DA:133,2
DA:146,6
DA:147,4
DA:150,2
DA:162,8
DA:163,6
DA:166,6
DA:181,5
DA:182,4
DA:183,4
DA:185,3
DA:191,4
DA:194,2
DA:205,49
DA:206,2
DA:209,2
DA:228,93
DA:229,93
DA:231,80
DA:233,48
DA:234,2
DA:235,14
DA:237,47
DA:238,58
DA:239,48
DA:241,47
DA:242,34
DA:243,11
DA:244,10
DA:246,20
DA:248,3
DA:249,14
DA:250,4
DA:251,4
DA:252,4
DA:253,2
DA:255,11
DA:256,11
DA:258,9
DA:259,3
DA:260,3
DA:262,49
DA:264,43
DA:266,49
DA:267,5
DA:268,3
DA:269,83
DA:270,3
DA:271,4
DA:273,3
DA:274,2
DA:275,38
DA:283,54
DA:284,42
DA:287,53
DA:318,32
DA:320,25
DA:321,105
DA:323,92
DA:324,6
DA:328,7
DA:329,5
DA:332,14
DA:352,60
DA:353,20
DA:355,17
DA:356,11
DA:359,16
DA:362,44
DA:379,34
DA:383,26
DA:385,35
DA:386,24
DA:388,15
DA:389,5
DA:390,5
DA:391,4
DA:394,13
DA:413,23
DA:415,23
DA:416,13
DA:417,10
DA:418,10
DA:419,10
DA:456,14
DA:457,11
DA:459,12
DA:462,14
DA:479,5
LF:107
LH:107
BRDA:88,0,0,148
BRDA:88,0,1,6
BRDA:92,1,0,1026
BRDA:92,1,1,5042
BRDA:129,2,0,5532
BRDA:129,2,1,2
BRDA:129,3,0,5534
BRDA:129,3,1,5532
BRDA:146,4,0,2
BRDA:146,4,1,2
BRDA:162,5,0,6
BRDA:162,5,1,2
BRDA:181,6,0,4
BRDA:181,6,1,2
BRDA:205,7,0,2
BRDA:205,7,1,2
BRDA:233,8,0,2
BRDA:233,8,1,92
BRDA:241,9,0,66
BRDA:241,9,1,26
BRDA:241,10,0,92
BRDA:241,10,1,26
BRDA:242,11,0,2
BRDA:242,11,1,64
BRDA:246,12,0,2
BRDA:246,12,1,24
BRDA:249,13,0,4
BRDA:249,13,1,20
BRDA:251,14,0,2
BRDA:251,14,1,2
BRDA:255,15,0,18
BRDA:255,15,1,2
BRDA:256,16,0,14
BRDA:256,16,1,4
BRDA:258,17,0,4
BRDA:258,17,1,10
BRDA:262,18,0,4
BRDA:262,18,1,0
BRDA:267,19,0,2
BRDA:267,19,1,4
BRDA:270,20,0,4
BRDA:270,20,1,0
BRDA:273,21,0,2
BRDA:273,21,1,2
BRDA:283,22,0,82
BRDA:283,22,1,12
BRDA:323,23,0,2
BRDA:323,23,1,162
BRDA:328,24,0,2
BRDA:328,24,1,2
BRDA:352,25,0,14
BRDA:352,25,1,60
BRDA:355,26,0,2
BRDA:355,26,1,12
BRDA:378,27,0,26
BRDA:385,28,0,20
BRDA:385,28,1,26
BRDA:388,29,0,10
BRDA:388,29,1,10
BRDA:390,30,0,8
BRDA:390,30,1,2
BRDA:413,31,0,46
BRDA:413,31,1,36
BRDA:415,32,0,26
BRDA:415,32,1,20
BRDA:417,33,0,20
BRDA:417,33,1,0
BRDA:418,34,0,20
BRDA:418,34,1,20
BRDA:456,35,0,22
BRDA:456,35,1,6
BRDA:479,36,0,10
BRDA:479,36,1,8
BRDA:479,36,2,6
BRF:74
BRH:71
end_of_record
TN:
SF:/Users/joe/dev/sequoia-js-client-sdk/lib/resource_collection.js
FN:39,(anonymous_0)
FN:69,(anonymous_1)
FN:74,(anonymous_2)
FN:81,(anonymous_3)
FN:82,(anonymous_4)
FN:110,(anonymous_5)
FN:118,(anonymous_6)
FN:126,(anonymous_7)
FN:141,(anonymous_8)
FN:156,(anonymous_9)
FN:171,(anonymous_10)
FN:182,(anonymous_11)
FN:198,(anonymous_12)
FN:212,(anonymous_13)
FN:225,(anonymous_14)
FN:241,(anonymous_15)
FN:242,(anonymous_16)
FN:253,(anonymous_17)
FN:273,(anonymous_18)
FN:277,(anonymous_19)
FN:278,(anonymous_20)
FN:293,(anonymous_21)
FN:295,(anonymous_22)
FN:296,(anonymous_23)
FN:323,(anonymous_24)
FN:324,(anonymous_25)
FN:324,(anonymous_26)
FN:340,(anonymous_27)
FN:342,(anonymous_28)
FN:342,(anonymous_29)
FN:361,(anonymous_30)
FN:381,(anonymous_31)
FN:382,(anonymous_32)
FN:400,(anonymous_33)
FN:401,(anonymous_34)
FN:412,(anonymous_35)
FN:447,(anonymous_36)
FN:455,(anonymous_37)
FN:457,(anonymous_38)
FN:457,(anonymous_39)
FN:481,(anonymous_40)
FNF:41
FNH:41
FNDA:332,(anonymous_0)
FNDA:354,(anonymous_1)
FNDA:6450,(anonymous_2)
FNDA:6354,(anonymous_3)
FNDA:4109710,(anonymous_4)
FNDA:2,(anonymous_5)
FNDA:2,(anonymous_6)
FNDA:4,(anonymous_7)
FNDA:102,(anonymous_8)
FNDA:4,(anonymous_9)
FNDA:2,(anonymous_10)
FNDA:2,(anonymous_11)
FNDA:4,(anonymous_12)
FNDA:102,(anonymous_13)
FNDA:98,(anonymous_14)
FNDA:2,(anonymous_15)
FNDA:48,(anonymous_16)
FNDA:2,(anonymous_17)
FNDA:4,(anonymous_18)
FNDA:26,(anonymous_19)
FNDA:96,(anonymous_20)
FNDA:6,(anonymous_21)
FNDA:16,(anonymous_22)
FNDA:8,(anonymous_23)
FNDA:4,(anonymous_24)
FNDA:96,(anonymous_25)
FNDA:2,(anonymous_26)
FNDA:4,(anonymous_27)
FNDA:4,(anonymous_28)
FNDA:8,(anonymous_29)
FNDA:12,(anonymous_30)
FNDA:8,(anonymous_31)
FNDA:100,(anonymous_32)
FNDA:4,(anonymous_33)
FNDA:52,(anonymous_34)
FNDA:6,(anonymous_35)
FNDA:34,(anonymous_36)
FNDA:192,(anonymous_37)
FNDA:336,(anonymous_38)
FNDA:480,(anonymous_39)
FNDA:12,(anonymous_40)
DA:3,172
DA:9,172
DA:10,172
DA:41,332
DA:43,343
DA:45,343
DA:47,275
DA:70,3402
DA:73,3354
DA:74,3286
DA:75,6402
DA:77,2058080
DA:78,2058031
DA:79,6402
DA:81,3354
DA:82,3178
DA:89,2054856
DA:90,2054856
DA:99,3226
DA:103,178
DA:111,52
DA:119,47
DA:127,7
DA:128,3
DA:131,2
DA:142,52
DA:143,47
DA:146,6
DA:157,4
DA:158,52
DA:161,49
DA:172,52
DA:183,52
DA:199,52
DA:213,100
DA:215,100
DA:216,97
DA:222,52
DA:224,52
DA:225,74
DA:226,50
DA:227,51
DA:229,62
DA:233,49
DA:242,26
DA:254,9
DA:274,6
DA:275,2
DA:277,15
DA:278,96
DA:294,4
DA:295,9
DA:299,6
DA:300,4
DA:304,2
DA:324,50
DA:341,8
DA:342,51
DA:345,3
DA:362,8
DA:364,32
DA:365,5
DA:368,8
DA:370,7
DA:382,51
DA:384,20
DA:385,13
DA:388,6
DA:389,98
DA:401,194
DA:413,243
DA:415,173
DA:416,72
DA:419,6
DA:450,29
DA:451,7
DA:452,19
DA:454,14
DA:455,96
DA:457,168
DA:458,240
DA:459,170
DA:462,70
DA:466,5
DA:469,12
DA:482,6
DA:484,6
DA:485,3
DA:488,3
LF:89
LH:89
BRDA:73,0,0,218
BRDA:73,0,1,136
BRDA:73,1,0,354
BRDA:73,1,1,234
BRDA:73,1,2,230
BRDA:77,2,0,6354
BRDA:77,2,1,96
BRDA:89,3,0,4109708
BRDA:89,3,1,2
BRDA:127,4,0,2
BRDA:127,4,1,2
BRDA:127,5,0,4
BRDA:127,5,1,4
BRDA:127,5,2,2
BRDA:142,6,0,92
BRDA:142,6,1,10
BRDA:157,7,0,2
BRDA:157,7,1,2
BRDA:213,8,0,102
BRDA:213,8,1,22
BRDA:215,9,0,96
BRDA:215,9,1,6
BRDA:224,10,0,100
BRDA:224,10,1,2
BRDA:274,11,0,2
BRDA:274,11,1,2
BRDA:294,12,0,4
BRDA:294,12,1,2
BRDA:341,13,0,2
BRDA:341,13,1,2
BRDA:364,14,0,4
BRDA:364,14,1,8
BRDA:384,15,0,4
BRDA:384,15,1,4
BRDA:413,16,0,2
BRDA:413,16,1,4
BRDA:415,17,0,4
BRDA:415,17,1,2
BRDA:450,18,0,2
BRDA:450,18,1,32
BRDA:452,19,0,22
BRDA:452,19,1,10
BRDA:452,20,0,32
BRDA:452,20,1,24
BRDA:454,21,0,8
BRDA:454,21,1,14
BRDA:454,22,0,22
BRDA:454,22,1,8
BRDA:458,23,0,340
BRDA:458,23,1,140
BRDA:484,24,0,6
BRDA:484,24,1,6
BRF:52
BRH:52
end_of_record
TN:
SF:/Users/joe/dev/sequoia-js-client-sdk/lib/resourceful_endpoint.js
FN:38,(anonymous_0)
FN:43,(anonymous_1)
FN:69,(anonymous_2)
FN:145,(anonymous_3)
FN:185,(anonymous_4)
FN:201,(anonymous_5)
FN:202,(anonymous_6)
FN:216,(anonymous_7)
FN:219,accumulate
FN:226,(anonymous_9)
FN:235,(anonymous_10)
FN:236,(anonymous_11)
FN:243,(anonymous_12)
FN:248,(anonymous_13)
FN:250,(anonymous_14)
FN:265,(anonymous_15)
FN:266,(anonymous_16)
FN:280,(anonymous_17)
FN:281,(anonymous_18)
FN:296,(anonymous_19)
FN:299,(anonymous_20)
FN:314,(anonymous_21)
FN:317,(anonymous_22)
FN:330,(anonymous_23)
FN:371,(anonymous_24)
FN:372,(anonymous_25)
FN:428,(anonymous_26)
FN:447,(anonymous_27)
FN:457,(anonymous_28)
FN:469,(anonymous_29)
FN:478,(anonymous_30)
FN:488,(anonymous_31)
FN:511,(anonymous_32)
FN:537,(anonymous_33)
FNF:34
FNH:34
FNDA:192,(anonymous_0)
FNDA:240,(anonymous_1)
FNDA:10,(anonymous_2)
FNDA:118,(anonymous_3)
FNDA:28,(anonymous_4)
FNDA:104,(anonymous_5)
FNDA:102,(anonymous_6)
FNDA:10,(anonymous_7)
FNDA:98,accumulate
FNDA:88,(anonymous_9)
FNDA:88,(anonymous_10)
FNDA:10,(anonymous_11)
FNDA:96,(anonymous_12)
FNDA:10,(anonymous_13)
FNDA:8,(anonymous_14)
FNDA:4,(anonymous_15)
FNDA:4,(anonymous_16)
FNDA:4,(anonymous_17)
FNDA:4,(anonymous_18)
FNDA:2,(anonymous_19)
FNDA:2,(anonymous_20)
FNDA:2,(anonymous_21)
FNDA:2,(anonymous_22)
FNDA:4,(anonymous_23)
FNDA:66,(anonymous_24)
FNDA:146,(anonymous_25)
FNDA:146,(anonymous_26)
FNDA:554,(anonymous_27)
FNDA:6356,(anonymous_28)
FNDA:2,(anonymous_29)
FNDA:2,(anonymous_30)
FNDA:10,(anonymous_31)
FNDA:130,(anonymous_32)
FNDA:132,(anonymous_33)
DA:39,192
DA:40,192
DA:44,240
DA:45,238
DA:48,2
DA:70,10
DA:71,10
DA:73,64
DA:146,118
DA:148,61
DA:149,61
DA:152,73
DA:186,66
DA:202,103
DA:217,10
DA:218,49
DA:220,93
DA:221,49
DA:224,88
DA:225,44
DA:226,88
DA:227,93
DA:228,49
DA:233,53
DA:235,45
DA:237,53
DA:238,9
DA:241,6
DA:243,52
DA:246,7
DA:248,7
DA:250,6
DA:266,4
DA:281,3
DA:297,2
DA:299,3
DA:315,2
DA:317,3
DA:331,75
DA:333,35
DA:334,33
DA:337,3
DA:372,350
DA:374,3211
DA:375,33
DA:378,2
DA:429,78
DA:448,280
DA:458,3180
DA:470,66
DA:479,48
DA:489,51
DA:490,23
DA:492,6
DA:493,68
DA:496,68
DA:512,75
DA:514,131
DA:515,47
DA:516,46
DA:518,18
DA:519,1
DA:522,65
DA:538,66
DA:540,66
DA:541,10
DA:544,66
LF:67
LH:67
BRDA:44,0,0,238
BRDA:44,0,1,2
BRDA:145,1,0,8
BRDA:146,2,0,118
BRDA:146,2,1,98
BRDA:148,3,0,4
BRDA:148,3,1,114
BRDA:148,4,0,118
BRDA:148,4,1,14
BRDA:148,4,2,14
BRDA:220,5,0,10
BRDA:220,5,1,88
BRDA:225,6,0,88
BRDA:225,6,1,0
BRDA:227,7,0,0
BRDA:227,7,1,88
BRDA:237,8,0,8
BRDA:237,8,1,2
BRDA:333,9,0,2
BRDA:333,9,1,2
BRDA:372,10,0,66
BRDA:372,10,1,2
BRDA:374,11,0,64
BRDA:374,11,1,2
BRDA:492,12,0,6
BRDA:492,12,1,4
BRDA:492,13,0,10
BRDA:492,13,1,8
BRDA:493,14,0,6
BRDA:493,14,1,2
BRDA:514,15,0,94
BRDA:514,15,1,36
BRDA:515,16,0,92
BRDA:515,16,1,2
BRDA:518,17,0,2
BRDA:518,17,1,34
BRDA:540,18,0,20
BRDA:540,18,1,112
BRF:38
BRH:36
end_of_record
TN:
SF:/Users/joe/dev/sequoia-js-client-sdk/lib/session.js
FN:41,(anonymous_0)
FN:55,(anonymous_1)
FN:71,(anonymous_2)
FN:94,(anonymous_3)
FN:95,(anonymous_4)
FN:140,(anonymous_5)
FN:141,(anonymous_6)
FN:156,(anonymous_7)
FN:168,(anonymous_8)
FN:169,(anonymous_9)
FN:172,(anonymous_10)
FN:183,(anonymous_11)
FN:197,(anonymous_12)
FN:204,(anonymous_13)
FN:205,(anonymous_14)
FN:218,(anonymous_15)
FN:225,(anonymous_16)
FN:234,(anonymous_17)
FN:244,(anonymous_18)
FN:253,(anonymous_19)
FN:254,(anonymous_20)
FN:266,(anonymous_21)
FN:274,(anonymous_22)
FN:283,(anonymous_23)
FN:294,(anonymous_24)
FNF:25
FNH:25
FNDA:86,(anonymous_0)
FNDA:138,(anonymous_1)
FNDA:2,(anonymous_2)
FNDA:16,(anonymous_3)
FNDA:16,(anonymous_4)
FNDA:14,(anonymous_5)
FNDA:14,(anonymous_6)
FNDA:60,(anonymous_7)
FNDA:58,(anonymous_8)
FNDA:58,(anonymous_9)
FNDA:4,(anonymous_10)
FNDA:4,(anonymous_11)
FNDA:62,(anonymous_12)
FNDA:58,(anonymous_13)
FNDA:56,(anonymous_14)
FNDA:72,(anonymous_15)
FNDA:60,(anonymous_16)
FNDA:60,(anonymous_17)
FNDA:44,(anonymous_18)
FNDA:46,(anonymous_19)
FNDA:2218,(anonymous_20)
FNDA:304,(anonymous_21)
FNDA:14,(anonymous_22)
FNDA:148,(anonymous_23)
FNDA:48,(anonymous_24)
DA:4,45
DA:42,86
DA:43,86
DA:44,86
DA:45,86
DA:46,86
DA:47,86
DA:48,86
DA:49,86
DA:50,86
DA:51,86
DA:52,112
DA:56,73
DA:58,138
DA:59,72
DA:64,70
DA:65,69
DA:69,9
DA:71,9
DA:72,5
DA:95,9
DA:96,11
DA:97,11
DA:98,10
DA:101,9
DA:102,7
DA:103,8
DA:106,5
DA:108,10
DA:109,9
DA:111,8
DA:114,10
DA:121,10
DA:122,9
DA:125,14
DA:126,14
DA:127,37
DA:129,35
DA:133,35
DA:134,33
DA:136,9
DA:140,9
DA:141,37
DA:157,59
DA:158,57
DA:159,57
DA:162,32
DA:163,31
DA:164,4
DA:167,31
DA:168,60
DA:170,31
DA:171,58
DA:172,58
DA:174,65
DA:184,8
DA:185,31
DA:198,61
DA:200,31
DA:203,59
DA:204,59
DA:206,50
DA:219,59
DA:221,1115
DA:224,182
DA:226,34
DA:228,178
DA:229,36
DA:232,104
DA:235,54
DA:245,46
DA:254,1133
DA:267,176
DA:268,28
DA:271,162
DA:275,21
DA:284,98
DA:295,24
DA:296,24
DA:297,24
DA:298,24
DA:300,24
DA:302,24
DA:303,14
DA:304,14
DA:307,24
LF:86
LH:86
BRDA:41,0,0,86
BRDA:58,1,0,8
BRDA:58,1,1,130
BRDA:64,2,0,136
BRDA:64,2,1,2
BRDA:69,3,0,0
BRDA:69,3,1,2
BRDA:94,4,0,4
BRDA:101,5,0,8
BRDA:101,5,1,8
BRDA:102,6,0,2
BRDA:102,6,1,6
BRDA:108,7,0,4
BRDA:108,7,1,2
BRDA:108,8,0,6
BRDA:108,8,1,4
BRDA:121,9,0,4
BRDA:121,9,1,10
BRDA:133,10,0,6
BRDA:133,10,1,8
BRDA:157,11,0,56
BRDA:157,11,1,4
BRDA:162,12,0,4
BRDA:162,12,1,56
BRDA:170,13,0,58
BRDA:170,13,1,0
BRDA:184,14,0,2
BRDA:184,14,1,2
BRDA:198,15,0,4
BRDA:198,15,1,58
BRDA:219,16,0,12
BRDA:219,16,1,60
BRDA:228,17,0,58
BRDA:228,17,1,2
BRDA:267,18,0,8
BRDA:267,18,1,296
BRDA:271,19,0,262
BRDA:271,19,1,34
BRDA:284,20,0,144
BRDA:284,20,1,4
BRDA:302,21,0,28
BRDA:302,21,1,20
BRF:42
BRH:40
end_of_record
TN:
SF:/Users/joe/dev/sequoia-js-client-sdk/lib/transport.js
FN:27,(anonymous_0)
FN:50,(anonymous_1)
FN:51,(anonymous_2)
FN:74,(anonymous_3)
FN:86,(anonymous_4)
FN:98,(anonymous_5)
FN:110,(anonymous_6)
FNF:7
FNH:7
FNDA:322,(anonymous_0)
FNDA:392,(anonymous_1)
FNDA:392,(anonymous_2)
FNDA:354,(anonymous_3)
FNDA:20,(anonymous_4)
FNDA:6,(anonymous_5)
FNDA:8,(anonymous_6)
DA:28,322
DA:51,392
DA:52,392
DA:53,4
DA:54,4
DA:55,196
DA:58,195
DA:59,194
DA:62,370
DA:75,187
DA:87,13
DA:99,7
DA:111,4
LF:13
LH:13
BRDA:27,0,0,322
BRDA:50,1,0,0
BRDA:52,2,0,4
BRDA:52,2,1,388
BRDA:58,3,0,2
BRDA:58,3,1,386
BRDA:74,4,0,352
BRDA:86,5,0,2
BRDA:98,6,0,2
BRDA:110,7,0,6
BRF:10
BRH:9
end_of_record
TN:
SF:/Users/joe/dev/sequoia-js-client-sdk/test/setup.js
FNF:0
FNH:0
DA:3,20
LF:1
LH:1
BRF:0
BRH:0
end_of_record
TN:
SF:/Users/joe/dev/sequoia-js-client-sdk/test/fixtures/access.js
FNF:0
FNH:0
DA:1,4
DA:3,2
LF:2
LH:2
BRF:0
BRH:0
end_of_record
TN:
SF:/Users/joe/dev/sequoia-js-client-sdk/test/spec/business_endpoint.js
FN:8,(anonymous_0)
FN:9,(anonymous_1)
FN:16,(anonymous_2)
FN:40,(anonymous_3)
FN:50,(anonymous_4)
FN:51,(anonymous_5)
FN:52,(anonymous_6)
FN:59,(anonymous_7)
FN:63,(anonymous_8)
FN:68,(anonymous_9)
FN:69,(anonymous_10)
FN:78,(anonymous_11)
FN:79,(anonymous_12)
FN:82,(anonymous_13)
FN:85,(anonymous_14)
FN:88,(anonymous_15)
FN:91,(anonymous_16)
FN:94,(anonymous_17)
FN:98,(anonymous_18)
FN:102,(anonymous_19)
FN:107,(anonymous_20)
FN:108,(anonymous_21)
FNF:22
FNH:22
FNDA:1,(anonymous_0)
FNDA:1,(anonymous_1)
FNDA:1,(anonymous_2)
FNDA:8,(anonymous_3)
FNDA:1,(anonymous_4)
FNDA:1,(anonymous_5)
FNDA:1,(anonymous_6)
FNDA:1,(anonymous_7)
FNDA:1,(anonymous_8)
FNDA:1,(anonymous_9)
FNDA:1,(anonymous_10)
FNDA:1,(anonymous_11)
FNDA:1,(anonymous_12)
FNDA:1,(anonymous_13)
FNDA:1,(anonymous_14)
FNDA:1,(anonymous_15)
FNDA:1,(anonymous_16)
FNDA:1,(anonymous_17)
FNDA:1,(anonymous_18)
FNDA:1,(anonymous_19)
FNDA:1,(anonymous_20)
FNDA:1,(anonymous_21)
DA:8,1
DA:9,1
DA:10,1
DA:11,1
DA:12,1
DA:16,1
DA:18,1
DA:24,1
DA:30,1
DA:40,1
DA:41,8
DA:42,8
DA:43,8
DA:44,8
DA:45,8
DA:48,1
DA:50,1
DA:51,1
DA:52,1
DA:59,1
DA:60,1
DA:63,1
DA:64,1
DA:68,1
DA:69,1
DA:70,1
DA:71,1
DA:72,1
DA:74,1
DA:78,1
DA:79,1
DA:80,1
DA:82,1
DA:85,1
DA:86,1
DA:88,1
DA:91,1
DA:92,1
DA:94,1
DA:95,1
DA:98,1
DA:99,1
DA:100,1
DA:102,1
DA:103,1
DA:107,1
DA:108,1
DA:109,1
DA:110,1
DA:112,1
DA:113,1
LF:51
LH:51
BRF:0
BRH:0
end_of_record
TN:
SF:/Users/joe/dev/sequoia-js-client-sdk/test/spec/client.js
FN:14,(anonymous_0)
FN:29,(anonymous_1)
FN:49,(anonymous_2)
FN:54,(anonymous_3)
FN:55,(anonymous_4)
FN:62,(anonymous_5)
FN:69,(anonymous_6)
FN:76,(anonymous_7)
FN:81,(anonymous_8)
FN:87,(anonymous_9)
FN:88,(anonymous_10)
FN:92,(anonymous_11)
FN:99,(anonymous_12)
FN:100,(anonymous_13)
FN:104,(anonymous_14)
FN:109,(anonymous_15)
FN:114,(anonymous_16)
FN:120,(anonymous_17)
FN:121,(anonymous_18)
FN:123,(anonymous_19)
FN:124,(anonymous_20)
FN:130,(anonymous_21)
FN:136,(anonymous_22)
FN:143,(anonymous_23)
FN:144,(anonymous_24)
FN:155,(anonymous_25)
FN:168,(anonymous_26)
FN:169,(anonymous_27)
FN:187,(anonymous_28)
FN:188,(anonymous_29)
FN:192,(anonymous_30)
FN:194,(anonymous_31)
FN:198,(anonymous_32)
FN:203,(anonymous_33)
FN:208,(anonymous_34)
FN:215,(anonymous_35)
FN:225,(anonymous_36)
FN:226,(anonymous_37)
FNF:38
FNH:38
FNDA:1,(anonymous_0)
FNDA:18,(anonymous_1)
FNDA:18,(anonymous_2)
FNDA:1,(anonymous_3)
FNDA:1,(anonymous_4)
FNDA:1,(anonymous_5)
FNDA:1,(anonymous_6)
FNDA:1,(anonymous_7)
FNDA:1,(anonymous_8)
FNDA:1,(anonymous_9)
FNDA:1,(anonymous_10)
FNDA:1,(anonymous_11)
FNDA:1,(anonymous_12)
FNDA:1,(anonymous_13)
FNDA:1,(anonymous_14)
FNDA:1,(anonymous_15)
FNDA:1,(anonymous_16)
FNDA:1,(anonymous_17)
FNDA:10,(anonymous_18)
FNDA:1,(anonymous_19)
FNDA:1,(anonymous_20)
FNDA:1,(anonymous_21)
FNDA:1,(anonymous_22)
FNDA:1,(anonymous_23)
FNDA:1,(anonymous_24)
FNDA:1,(anonymous_25)
FNDA:1,(anonymous_26)
FNDA:1,(anonymous_27)
FNDA:1,(anonymous_28)
FNDA:4,(anonymous_29)
FNDA:1,(anonymous_30)
FNDA:1,(anonymous_31)
FNDA:1,(anonymous_32)
FNDA:1,(anonymous_33)
FNDA:1,(anonymous_34)
FNDA:1,(anonymous_35)
FNDA:1,(anonymous_36)
FNDA:1,(anonymous_37)
DA:12,1
DA:14,1
DA:16,1
DA:17,1
DA:18,1
DA:19,1
DA:20,1
DA:21,1
DA:22,1
DA:23,1
DA:24,1
DA:25,1
DA:26,1
DA:27,1
DA:29,1
DA:30,18
DA:42,18
DA:49,1
DA:50,18
DA:51,18
DA:54,1
DA:55,1
DA:56,1
DA:57,1
DA:58,1
DA:59,1
DA:62,1
DA:63,1
DA:64,1
DA:65,1
DA:66,1
DA:69,1
DA:70,1
DA:72,1
DA:73,1
DA:76,1
DA:77,1
DA:78,1
DA:81,1
DA:82,1
DA:83,1
DA:87,1
DA:88,1
DA:89,1
DA:91,1
DA:92,1
DA:95,1
DA:99,1
DA:100,1
DA:101,1
DA:103,1
DA:104,1
DA:106,1
DA:109,1
DA:110,1
DA:112,1
DA:113,1
DA:114,1
DA:116,1
DA:120,1
DA:121,10
DA:123,1
DA:124,1
DA:125,1
DA:127,1
DA:129,1
DA:130,1
DA:133,1
DA:136,1
DA:137,1
DA:139,1
DA:143,1
DA:144,1
DA:145,1
DA:146,1
DA:147,1
DA:148,1
DA:150,1
DA:152,1
DA:155,1
DA:156,1
DA:157,1
DA:158,1
DA:159,1
DA:160,1
DA:162,1
DA:164,1
DA:168,1
DA:169,1
DA:170,1
DA:171,1
DA:172,1
DA:174,1
DA:176,1
DA:178,1
DA:179,1
DA:180,1
DA:181,1
DA:182,1
DA:183,1
DA:187,1
DA:188,1
DA:189,4
DA:192,1
DA:193,1
DA:194,1
DA:196,1
DA:197,1
DA:198,1
DA:200,1
DA:203,1
DA:204,1
DA:205,1
DA:208,1
DA:209,1
DA:211,1
DA:212,1
DA:215,1
DA:216,1
DA:218,1
DA:219,1
DA:225,1
DA:226,1
DA:227,1
DA:228,1
DA:229,1
LF:126
LH:126
BRDA:92,0,0,1
BRDA:92,0,1,1
BRDA:104,1,0,1
BRDA:104,1,1,1
BRDA:114,2,0,1
BRDA:114,2,1,1
BRDA:130,3,0,1
BRDA:130,3,1,1
BRDA:194,4,0,1
BRDA:194,4,1,1
BRDA:198,5,0,1
BRDA:198,5,1,1
BRF:12
BRH:12
end_of_record
TN:
SF:/Users/joe/dev/sequoia-js-client-sdk/test/spec/predications.js
FN:3,(anonymous_0)
FN:4,(anonymous_1)
FN:11,(anonymous_2)
FN:14,(anonymous_3)
FN:18,(anonymous_4)
FN:22,(anonymous_5)
FN:26,(anonymous_6)
FN:31,(anonymous_7)
FN:35,(anonymous_8)
FN:39,(anonymous_9)
FN:43,(anonymous_10)
FN:47,(anonymous_11)
FN:51,(anonymous_12)
FN:55,(anonymous_13)
FN:59,(anonymous_14)
FN:63,(anonymous_15)
FNF:16
FNH:16
FNDA:1,(anonymous_0)
FNDA:1,(anonymous_1)
FNDA:1,(anonymous_2)
FNDA:12,(anonymous_3)
FNDA:1,(anonymous_4)
FNDA:1,(anonymous_5)
FNDA:1,(anonymous_6)
FNDA:1,(anonymous_7)
FNDA:1,(anonymous_8)
FNDA:1,(anonymous_9)
FNDA:1,(anonymous_10)
FNDA:1,(anonymous_11)
FNDA:1,(anonymous_12)
FNDA:1,(anonymous_13)
FNDA:1,(anonymous_14)
FNDA:1,(anonymous_15)
DA:3,1
DA:4,1
DA:5,1
DA:6,1
DA:7,1
DA:8,1
DA:11,1
DA:12,1
DA:14,1
DA:15,12
DA:18,1
DA:19,1
DA:22,1
DA:23,1
DA:26,1
DA:27,1
DA:28,1
DA:31,1
DA:32,1
DA:35,1
DA:36,1
DA:39,1
DA:40,1
DA:43,1
DA:44,1
DA:47,1
DA:48,1
DA:51,1
DA:52,1
DA:55,1
DA:56,1
DA:59,1
DA:60,1
DA:63,1
DA:64,1
LF:35
LH:35
BRF:0
BRH:0
end_of_record
TN:
SF:/Users/joe/dev/sequoia-js-client-sdk/test/spec/query.js
FN:4,(anonymous_0)
FN:5,(anonymous_1)
FN:6,(anonymous_2)
FN:12,(anonymous_3)
FN:13,(anonymous_4)
FN:22,(anonymous_5)
FN:23,(anonymous_6)
FN:32,(anonymous_7)
FN:33,(anonymous_8)
FN:41,(anonymous_9)
FN:44,(anonymous_10)
FN:50,(anonymous_11)
FN:54,(anonymous_12)
FN:58,(anonymous_13)
FN:62,(anonymous_14)
FN:66,(anonymous_15)
FN:70,(anonymous_16)
FN:77,(anonymous_17)
FN:84,(anonymous_18)
FN:89,(anonymous_19)
FN:94,(anonymous_20)
FN:98,(anonymous_21)
FN:103,(anonymous_22)
FN:108,(anonymous_23)
FN:113,(anonymous_24)
FN:118,(anonymous_25)
FN:123,(anonymous_26)
FN:128,(anonymous_27)
FN:129,(anonymous_28)
FN:133,(anonymous_29)
FN:138,(anonymous_30)
FNF:31
FNH:31
FNDA:1,(anonymous_0)
FNDA:1,(anonymous_1)
FNDA:1,(anonymous_2)
FNDA:1,(anonymous_3)
FNDA:1,(anonymous_4)
FNDA:1,(anonymous_5)
FNDA:1,(anonymous_6)
FNDA:1,(anonymous_7)
FNDA:1,(anonymous_8)
FNDA:1,(anonymous_9)
FNDA:19,(anonymous_10)
FNDA:1,(anonymous_11)
FNDA:1,(anonymous_12)
FNDA:1,(anonymous_13)
FNDA:1,(anonymous_14)
FNDA:1,(anonymous_15)
FNDA:1,(anonymous_16)
FNDA:1,(anonymous_17)
FNDA:1,(anonymous_18)
FNDA:1,(anonymous_19)
FNDA:1,(anonymous_20)
FNDA:1,(anonymous_21)
FNDA:1,(anonymous_22)
FNDA:1,(anonymous_23)
FNDA:1,(anonymous_24)
FNDA:1,(anonymous_25)
FNDA:1,(anonymous_26)
FNDA:1,(anonymous_27)
FNDA:1,(anonymous_28)
FNDA:1,(anonymous_29)
FNDA:1,(anonymous_30)
DA:4,1
DA:5,1
DA:6,1
DA:7,1
DA:8,1
DA:9,1
DA:12,1
DA:13,1
DA:14,1
DA:15,1
DA:16,1
DA:18,1
DA:22,1
DA:23,1
DA:24,1
DA:25,1
DA:26,1
DA:28,1
DA:32,1
DA:33,1
DA:34,1
DA:36,1
DA:41,1
DA:42,1
DA:44,1
DA:45,19
DA:47,19
DA:50,1
DA:51,1
DA:54,1
DA:55,1
DA:58,1
DA:59,1
DA:62,1
DA:63,1
DA:66,1
DA:67,1
DA:70,1
DA:71,1
DA:73,1
DA:74,1
DA:77,1
DA:78,1
DA:80,1
DA:81,1
DA:84,1
DA:85,1
DA:86,1
DA:89,1
DA:90,1
DA:91,1
DA:94,1
DA:95,1
DA:98,1
DA:99,1
DA:100,1
DA:103,1
DA:104,1
DA:105,1
DA:108,1
DA:109,1
DA:110,1
DA:113,1
DA:114,1
DA:115,1
DA:118,1
DA:119,1
DA:120,1
DA:123,1
DA:124,1
DA:125,1
DA:128,1
DA:129,1
DA:130,1
DA:133,1
DA:134,1
DA:135,1
DA:138,1
DA:140,1
DA:142,1
DA:151,1
LF:81
LH:81
BRF:0
BRH:0
end_of_record
TN:
SF:/Users/joe/dev/sequoia-js-client-sdk/test/spec/registry.js
FN:10,(anonymous_0)
FN:19,(anonymous_1)
FN:29,(anonymous_2)
FN:30,(anonymous_3)
FN:34,(anonymous_4)
FN:40,(anonymous_5)
FN:41,(anonymous_6)
FN:43,(anonymous_7)
FN:47,(anonymous_8)
FN:51,(anonymous_9)
FN:56,(anonymous_10)
FN:61,(anonymous_11)
FN:62,(anonymous_12)
FN:64,(anonymous_13)
FN:67,(anonymous_14)
FN:73,(anonymous_15)
FN:75,(anonymous_16)
FN:79,(anonymous_17)
FN:81,(anonymous_18)
FN:85,(anonymous_19)
FN:87,(anonymous_20)
FN:91,(anonymous_21)
FN:93,(anonymous_22)
FN:98,(anonymous_23)
FN:99,(anonymous_24)
FN:100,(anonymous_25)
FN:104,(anonymous_26)
FN:106,(anonymous_27)
FN:112,(anonymous_28)
FN:113,(anonymous_29)
FN:114,(anonymous_30)
FN:121,(anonymous_31)
FN:124,(anonymous_32)
FN:129,(anonymous_33)
FN:130,(anonymous_34)
FN:139,(anonymous_35)
FN:142,(anonymous_36)
FN:142,(anonymous_37)
FN:144,(anonymous_38)
FN:148,(anonymous_39)
FN:155,(anonymous_40)
FN:156,(anonymous_41)
FN:160,(anonymous_42)
FN:167,(anonymous_43)
FN:168,(anonymous_44)
FN:176,(anonymous_45)
FN:186,(anonymous_46)
FN:187,(anonymous_47)
FNF:48
FNH:48
FNDA:1,(anonymous_0)
FNDA:22,(anonymous_1)
FNDA:1,(anonymous_2)
FNDA:1,(anonymous_3)
FNDA:1,(anonymous_4)
FNDA:1,(anonymous_5)
FNDA:4,(anonymous_6)
FNDA:1,(anonymous_7)
FNDA:1,(anonymous_8)
FNDA:1,(anonymous_9)
FNDA:1,(anonymous_10)
FNDA:1,(anonymous_11)
FNDA:6,(anonymous_12)
FNDA:1,(anonymous_13)
FNDA:1,(anonymous_14)
FNDA:1,(anonymous_15)
FNDA:1,(anonymous_16)
FNDA:1,(anonymous_17)
FNDA:1,(anonymous_18)
FNDA:1,(anonymous_19)
FNDA:1,(anonymous_20)
FNDA:1,(anonymous_21)
FNDA:1,(anonymous_22)
FNDA:1,(anonymous_23)
FNDA:2,(anonymous_24)
FNDA:18,(anonymous_25)
FNDA:1,(anonymous_26)
FNDA:1,(anonymous_27)
FNDA:1,(anonymous_28)
FNDA:16,(anonymous_29)
FNDA:1,(anonymous_30)
FNDA:1,(anonymous_31)
FNDA:8,(anonymous_32)
FNDA:1,(anonymous_33)
FNDA:1,(anonymous_34)
FNDA:1,(anonymous_35)
FNDA:2,(anonymous_36)
FNDA:2,(anonymous_37)
FNDA:1,(anonymous_38)
FNDA:1,(anonymous_39)
FNDA:1,(anonymous_40)
FNDA:1,(anonymous_41)
FNDA:1,(anonymous_42)
FNDA:1,(anonymous_43)
FNDA:1,(anonymous_44)
FNDA:1,(anonymous_45)
FNDA:1,(anonymous_46)
FNDA:1,(anonymous_47)
DA:10,1
DA:13,1
DA:14,1
DA:15,1
DA:16,1
DA:17,1
DA:19,1
DA:20,22
DA:21,22
DA:24,22
DA:27,1
DA:29,1
DA:30,1
DA:31,1
DA:34,1
DA:35,1
DA:36,1
DA:40,1
DA:41,4
DA:43,1
DA:44,1
DA:47,1
DA:48,1
DA:51,1
DA:52,1
DA:53,1
DA:56,1
DA:57,1
DA:61,1
DA:62,6
DA:64,1
DA:65,1
DA:67,1
DA:68,1
DA:69,1
DA:70,1
DA:73,1
DA:74,1
DA:75,1
DA:79,1
DA:80,1
DA:81,1
DA:85,1
DA:86,1
DA:87,1
DA:91,1
DA:92,1
DA:93,1
DA:98,1
DA:99,1
DA:100,18
DA:101,2
DA:104,1
DA:105,1
DA:106,1
DA:107,1
DA:108,1
DA:112,1
DA:113,16
DA:114,1
DA:115,1
DA:116,1
DA:121,1
DA:124,1
DA:125,8
DA:126,8
DA:129,1
DA:130,1
DA:131,1
DA:133,1
DA:134,1
DA:135,1
DA:139,1
DA:142,2
DA:144,1
DA:145,1
DA:148,1
DA:149,1
DA:150,1
DA:151,1
DA:155,1
DA:156,1
DA:157,1
DA:160,1
DA:161,1
DA:162,1
DA:163,1
DA:167,1
DA:168,1
DA:169,1
DA:171,1
DA:172,1
DA:173,1
DA:176,1
DA:177,1
DA:178,1
DA:180,1
DA:181,1
DA:182,1
DA:186,1
DA:187,1
DA:188,1
LF:102
LH:102
BRDA:75,0,0,1
BRDA:75,0,1,1
BRF:2
BRH:2
end_of_record
TN:
SF:/Users/joe/dev/sequoia-js-client-sdk/test/spec/resource.js
FN:55,(anonymous_0)
FN:58,(anonymous_1)
FN:59,(anonymous_2)
FN:63,(anonymous_3)
FN:64,(anonymous_4)
FN:71,(anonymous_5)
FN:72,(anonymous_6)
FN:76,(anonymous_7)
FN:77,(anonymous_8)
FN:82,(anonymous_9)
FN:83,(anonymous_10)
FN:87,(anonymous_11)
FN:88,(anonymous_12)
FN:95,(anonymous_13)
FN:96,(anonymous_14)
FN:97,(anonymous_15)
FN:103,(anonymous_16)
FN:104,(anonymous_17)
FN:113,(anonymous_18)
FN:114,(anonymous_19)
FN:115,(anonymous_20)
FN:122,(anonymous_21)
FN:126,(anonymous_22)
FN:131,(anonymous_23)
FN:132,(anonymous_24)
FN:133,(anonymous_25)
FN:134,(anonymous_26)
FN:140,(anonymous_27)
FN:141,(anonymous_28)
FN:144,(anonymous_29)
FN:148,(anonymous_30)
FN:149,(anonymous_31)
FN:156,(anonymous_32)
FN:165,(anonymous_33)
FN:166,(anonymous_34)
FN:171,(anonymous_35)
FN:178,(anonymous_36)
FN:186,(anonymous_37)
FN:191,(anonymous_38)
FN:192,(anonymous_39)
FN:203,(anonymous_40)
FN:210,(anonymous_41)
FN:211,(anonymous_42)
FN:216,(anonymous_43)
FN:222,(anonymous_44)
FN:225,(anonymous_45)
FN:227,(anonymous_46)
FN:230,(anonymous_47)
FN:238,(anonymous_48)
FN:243,(anonymous_49)
FN:245,(anonymous_50)
FN:253,(anonymous_51)
FN:254,(anonymous_52)
FN:258,(anonymous_53)
FN:265,(anonymous_54)
FN:273,(anonymous_55)
FN:284,(anonymous_56)
FN:285,(anonymous_57)
FN:288,(anonymous_58)
FN:289,(anonymous_59)
FN:305,(anonymous_60)
FN:308,(anonymous_61)
FN:327,(anonymous_62)
FN:331,(anonymous_63)
FN:335,(anonymous_64)
FN:339,(anonymous_65)
FN:344,(anonymous_66)
FNF:67
FNH:67
FNDA:1,(anonymous_0)
FNDA:1,(anonymous_1)
FNDA:3,(anonymous_2)
FNDA:1,(anonymous_3)
FNDA:1,(anonymous_4)
FNDA:1,(anonymous_5)
FNDA:1,(anonymous_6)
FNDA:1,(anonymous_7)
FNDA:1,(anonymous_8)
FNDA:1,(anonymous_9)
FNDA:17,(anonymous_10)
FNDA:1,(anonymous_11)
FNDA:1,(anonymous_12)
FNDA:1,(anonymous_13)
FNDA:1,(anonymous_14)
FNDA:1,(anonymous_15)
FNDA:1,(anonymous_16)
FNDA:1,(anonymous_17)
FNDA:1,(anonymous_18)
FNDA:1,(anonymous_19)
FNDA:1,(anonymous_20)
FNDA:1,(anonymous_21)
FNDA:13,(anonymous_22)
FNDA:1,(anonymous_23)
FNDA:1,(anonymous_24)
FNDA:1,(anonymous_25)
FNDA:1,(anonymous_26)
FNDA:1,(anonymous_27)
FNDA:1,(anonymous_28)
FNDA:8,(anonymous_29)
FNDA:1,(anonymous_30)
FNDA:1,(anonymous_31)
FNDA:1,(anonymous_32)
FNDA:1,(anonymous_33)
FNDA:1,(anonymous_34)
FNDA:1,(anonymous_35)
FNDA:1,(anonymous_36)
FNDA:1,(anonymous_37)
FNDA:1,(anonymous_38)
FNDA:4,(anonymous_39)
FNDA:1,(anonymous_40)
FNDA:1,(anonymous_41)
FNDA:1,(anonymous_42)
FNDA:1,(anonymous_43)
FNDA:1,(anonymous_44)
FNDA:2,(anonymous_45)
FNDA:8,(anonymous_46)
FNDA:4,(anonymous_47)
FNDA:1,(anonymous_48)
FNDA:1,(anonymous_49)
FNDA:4,(anonymous_50)
FNDA:1,(anonymous_51)
FNDA:1,(anonymous_52)
FNDA:1,(anonymous_53)
FNDA:1,(anonymous_54)
FNDA:1,(anonymous_55)
FNDA:1,(anonymous_56)
FNDA:1,(anonymous_57)
FNDA:1,(anonymous_58)
FNDA:41,(anonymous_59)
FNDA:1,(anonymous_60)
FNDA:5,(anonymous_61)
FNDA:1,(anonymous_62)
FNDA:1,(anonymous_63)
FNDA:1,(anonymous_64)
FNDA:1,(anonymous_65)
FNDA:1,(anonymous_66)
DA:8,1
DA:13,1
DA:18,1
DA:23,1
DA:24,1
DA:42,1
DA:55,1
DA:58,1
DA:59,1
DA:60,3
DA:63,1
DA:64,1
DA:65,1
DA:67,1
DA:71,1
DA:72,1
DA:73,1
DA:76,1
DA:77,1
DA:78,1
DA:82,1
DA:83,1
DA:84,17
DA:87,1
DA:88,1
DA:89,1
DA:91,1
DA:95,1
DA:96,1
DA:97,1
DA:99,1
DA:100,1
DA:103,1
DA:104,1
DA:106,1
DA:108,1
DA:109,1
DA:113,1
DA:114,1
DA:115,1
DA:117,1
DA:118,1
DA:122,1
DA:126,1
DA:127,13
DA:128,13
DA:131,1
DA:132,1
DA:133,1
DA:134,1
DA:135,1
DA:136,1
DA:140,1
DA:141,1
DA:144,1
DA:145,8
DA:148,1
DA:149,1
DA:150,1
DA:151,1
DA:153,1
DA:156,1
DA:157,1
DA:158,1
DA:159,1
DA:161,1
DA:165,1
DA:166,1
DA:167,1
DA:168,1
DA:171,1
DA:172,1
DA:173,1
DA:175,1
DA:178,1
DA:179,1
DA:180,1
DA:182,1
DA:183,1
DA:186,1
DA:187,1
DA:188,1
DA:191,1
DA:192,1
DA:193,4
DA:194,4
DA:197,1
DA:198,1
DA:199,1
DA:203,1
DA:204,1
DA:205,1
DA:206,1
DA:210,1
DA:211,1
DA:212,1
DA:213,1
DA:216,1
DA:217,1
DA:218,1
DA:219,1
DA:222,1
DA:225,1
DA:226,2
DA:227,2
DA:228,8
DA:229,8
DA:230,8
DA:232,8
DA:235,2
DA:238,1
DA:239,1
DA:240,1
DA:243,1
DA:244,1
DA:245,4
DA:253,1
DA:254,1
DA:255,1
DA:258,1
DA:259,1
DA:262,1
DA:265,1
DA:266,1
DA:270,1
DA:273,1
DA:274,1
DA:279,1
DA:280,1
DA:284,1
DA:285,1
DA:286,1
DA:288,1
DA:289,1
DA:290,41
DA:291,1
DA:296,40
DA:299,1
DA:300,1
DA:301,1
DA:305,1
DA:308,1
DA:309,5
DA:324,5
DA:327,1
DA:328,1
DA:331,1
DA:332,1
DA:335,1
DA:336,1
DA:339,1
DA:340,1
DA:341,1
DA:344,1
DA:345,1
LF:155
LH:155
BRDA:290,0,0,1
BRDA:290,0,1,40
BRF:2
BRH:2
end_of_record
TN:
SF:/Users/joe/dev/sequoia-js-client-sdk/test/spec/resource_collection.js
FN:9,(anonymous_0)
FN:18,(anonymous_1)
FN:22,(anonymous_2)
FN:26,(anonymous_3)
FN:36,(anonymous_4)
FN:40,(anonymous_5)
FN:44,(anonymous_6)
FN:54,(anonymous_7)
FN:58,(anonymous_8)
FN:65,(anonymous_9)
FN:66,(anonymous_10)
FN:71,(anonymous_11)
FN:79,(anonymous_12)
FN:86,(anonymous_13)
FN:94,(anonymous_14)
FN:102,(anonymous_15)
FN:112,(anonymous_16)
FN:131,(anonymous_17)
FN:150,(anonymous_18)
FN:166,(anonymous_19)
FN:178,(anonymous_20)
FN:181,(anonymous_21)
FN:182,(anonymous_22)
FN:185,(anonymous_23)
FN:186,(anonymous_24)
FN:189,(anonymous_25)
FN:195,(anonymous_26)
FN:196,(anonymous_27)
FN:204,(anonymous_28)
FN:210,(anonymous_29)
FN:215,(anonymous_30)
FN:220,(anonymous_31)
FN:228,(anonymous_32)
FN:229,(anonymous_33)
FN:233,(anonymous_34)
FN:234,(anonymous_35)
FN:234,(anonymous_36)
FN:238,(anonymous_37)
FN:239,(anonymous_38)
FN:239,(anonymous_39)
FN:244,(anonymous_40)
FN:245,(anonymous_41)
FN:246,(anonymous_42)
FN:250,(anonymous_43)
FN:251,(anonymous_44)
FN:254,(anonymous_45)
FN:255,(anonymous_46)
FN:264,(anonymous_47)
FN:268,(anonymous_48)
FN:269,(anonymous_49)
FN:280,(anonymous_50)
FN:281,(anonymous_51)
FN:282,(anonymous_52)
FN:286,(anonymous_53)
FN:287,(anonymous_54)
FN:293,(anonymous_55)
FN:294,(anonymous_56)
FN:307,(anonymous_57)
FN:308,(anonymous_58)
FN:311,(anonymous_59)
FN:316,(anonymous_60)
FN:320,(anonymous_61)
FN:327,(anonymous_62)
FN:336,(anonymous_63)
FN:337,(anonymous_64)
FN:338,(anonymous_65)
FN:342,(anonymous_66)
FN:345,(anonymous_67)
FN:346,(anonymous_68)
FN:350,(anonymous_69)
FN:353,(anonymous_70)
FN:358,(anonymous_71)
FN:363,(anonymous_72)
FN:368,(anonymous_73)
FN:375,(anonymous_74)
FN:378,(anonymous_75)
FN:382,(anonymous_76)
FN:385,(anonymous_77)
FN:392,(anonymous_78)
FN:396,(anonymous_79)
FN:402,(anonymous_80)
FN:408,(anonymous_81)
FN:418,(anonymous_82)
FN:423,(anonymous_83)
FN:424,(anonymous_84)
FN:432,(anonymous_85)
FN:438,(anonymous_86)
FN:443,(anonymous_87)
FN:444,(anonymous_88)
FN:445,(anonymous_89)
FN:451,(anonymous_90)
FN:456,(anonymous_91)
FN:457,(anonymous_92)
FN:467,(anonymous_93)
FN:485,(anonymous_94)
FN:486,(anonymous_95)
FN:487,(anonymous_96)
FN:490,(anonymous_97)
FN:495,(anonymous_98)
FN:500,(anonymous_99)
FN:508,(anonymous_100)
FN:517,(anonymous_101)
FN:518,(anonymous_102)
FN:525,(anonymous_103)
FN:529,(anonymous_104)
FNF:105
FNH:105
FNDA:1,(anonymous_0)
FNDA:57,(anonymous_1)
FNDA:1,(anonymous_2)
FNDA:1,(anonymous_3)
FNDA:1,(anonymous_4)
FNDA:1,(anonymous_5)
FNDA:1,(anonymous_6)
FNDA:1,(anonymous_7)
FNDA:1,(anonymous_8)
FNDA:1,(anonymous_9)
FNDA:1,(anonymous_10)
FNDA:1,(anonymous_11)
FNDA:1,(anonymous_12)
FNDA:1,(anonymous_13)
FNDA:1,(anonymous_14)
FNDA:1,(anonymous_15)
FNDA:1,(anonymous_16)
FNDA:1,(anonymous_17)
FNDA:1,(anonymous_18)
FNDA:1,(anonymous_19)
FNDA:1,(anonymous_20)
FNDA:14,(anonymous_21)
FNDA:6,(anonymous_22)
FNDA:1,(anonymous_23)
FNDA:1,(anonymous_24)
FNDA:1,(anonymous_25)
FNDA:1,(anonymous_26)
FNDA:1,(anonymous_27)
FNDA:1,(anonymous_28)
FNDA:1,(anonymous_29)
FNDA:1,(anonymous_30)
FNDA:1,(anonymous_31)
FNDA:1,(anonymous_32)
FNDA:2,(anonymous_33)
FNDA:1,(anonymous_34)
FNDA:24,(anonymous_35)
FNDA:24,(anonymous_36)
FNDA:1,(anonymous_37)
FNDA:24,(anonymous_38)
FNDA:24,(anonymous_39)
FNDA:1,(anonymous_40)
FNDA:1,(anonymous_41)
FNDA:1,(anonymous_42)
FNDA:1,(anonymous_43)
FNDA:1,(anonymous_44)
FNDA:1,(anonymous_45)
FNDA:4,(anonymous_46)
FNDA:1,(anonymous_47)
FNDA:1,(anonymous_48)
FNDA:4,(anonymous_49)
FNDA:1,(anonymous_50)
FNDA:1,(anonymous_51)
FNDA:1,(anonymous_52)
FNDA:1,(anonymous_53)
FNDA:1,(anonymous_54)
FNDA:1,(anonymous_55)
FNDA:2,(anonymous_56)
FNDA:1,(anonymous_57)
FNDA:2,(anonymous_58)
FNDA:2,(anonymous_59)
FNDA:2,(anonymous_60)
FNDA:1,(anonymous_61)
FNDA:1,(anonymous_62)
FNDA:1,(anonymous_63)
FNDA:1,(anonymous_64)
FNDA:1,(anonymous_65)
FNDA:1,(anonymous_66)
FNDA:5,(anonymous_67)
FNDA:5,(anonymous_68)
FNDA:1,(anonymous_69)
FNDA:1,(anonymous_70)
FNDA:1,(anonymous_71)
FNDA:1,(anonymous_72)
FNDA:1,(anonymous_73)
FNDA:1,(anonymous_74)
FNDA:19,(anonymous_75)
FNDA:1,(anonymous_76)
FNDA:4,(anonymous_77)
FNDA:4,(anonymous_78)
FNDA:1,(anonymous_79)
FNDA:1,(anonymous_80)
FNDA:1,(anonymous_81)
FNDA:1,(anonymous_82)
FNDA:1,(anonymous_83)
FNDA:1,(anonymous_84)
FNDA:1,(anonymous_85)
FNDA:1,(anonymous_86)
FNDA:1,(anonymous_87)
FNDA:1,(anonymous_88)
FNDA:1,(anonymous_89)
FNDA:1,(anonymous_90)
FNDA:1,(anonymous_91)
FNDA:1,(anonymous_92)
FNDA:1,(anonymous_93)
FNDA:1,(anonymous_94)
FNDA:1,(anonymous_95)
FNDA:24,(anonymous_96)
FNDA:1,(anonymous_97)
FNDA:1,(anonymous_98)
FNDA:1,(anonymous_99)
FNDA:1,(anonymous_100)
FNDA:1,(anonymous_101)
FNDA:1,(anonymous_102)
FNDA:1,(anonymous_103)
FNDA:1,(anonymous_104)
DA:9,1
DA:10,1
DA:15,1
DA:18,1
DA:19,57
DA:22,1
DA:23,1
DA:26,1
DA:27,1
DA:28,1
DA:30,1
DA:31,1
DA:33,1
DA:36,1
DA:37,1
DA:40,1
DA:41,1
DA:44,1
DA:45,1
DA:46,1
DA:48,1
DA:51,1
DA:54,1
DA:55,1
DA:57,1
DA:58,1
DA:60,1
DA:61,1
DA:62,1
DA:65,1
DA:66,1
DA:67,1
DA:68,1
DA:71,1
DA:72,1
DA:73,1
DA:74,1
DA:75,1
DA:76,1
DA:79,1
DA:80,1
DA:81,1
DA:82,1
DA:83,1
DA:86,1
DA:87,1
DA:88,1
DA:89,1
DA:90,1
DA:91,1
DA:94,1
DA:95,1
DA:96,1
DA:97,1
DA:98,1
DA:99,1
DA:102,1
DA:103,1
DA:104,1
DA:105,1
DA:106,1
DA:107,1
DA:108,1
DA:109,1
DA:112,1
DA:113,1
DA:114,1
DA:115,1
DA:116,1
DA:119,1
DA:127,1
DA:128,1
DA:131,1
DA:132,1
DA:133,1
DA:134,1
DA:135,1
DA:138,1
DA:146,1
DA:147,1
DA:150,1
DA:151,1
DA:152,1
DA:153,1
DA:154,1
DA:156,1
DA:157,1
DA:158,1
DA:162,1
DA:163,1
DA:166,1
DA:167,1
DA:168,1
DA:169,1
DA:170,1
DA:172,1
DA:173,1
DA:174,1
DA:178,1
DA:179,1
DA:181,1
DA:182,14
DA:185,1
DA:186,1
DA:187,1
DA:189,1
DA:190,1
DA:191,1
DA:195,1
DA:196,1
DA:197,1
DA:199,1
DA:201,1
DA:204,1
DA:205,1
DA:206,1
DA:210,1
DA:211,1
DA:212,1
DA:215,1
DA:216,1
DA:217,1
DA:220,1
DA:221,1
DA:222,1
DA:224,1
DA:225,1
DA:228,1
DA:229,1
DA:230,2
DA:233,1
DA:234,24
DA:235,1
DA:238,1
DA:239,24
DA:240,1
DA:244,1
DA:245,1
DA:246,1
DA:247,1
DA:250,1
DA:251,1
DA:252,1
DA:254,1
DA:255,4
DA:257,1
DA:258,1
DA:259,1
DA:261,1
DA:264,1
DA:265,1
DA:266,1
DA:268,1
DA:269,4
DA:271,1
DA:272,1
DA:273,1
DA:275,1
DA:280,1
DA:281,1
DA:282,1
DA:283,1
DA:286,1
DA:287,1
DA:288,1
DA:289,1
DA:293,1
DA:294,1
DA:296,1
DA:297,1
DA:298,1
DA:299,1
DA:301,1
DA:307,1
DA:308,1
DA:309,2
DA:310,2
DA:311,2
DA:313,2
DA:316,1
DA:317,2
DA:320,1
DA:321,1
DA:323,1
DA:324,1
DA:327,1
DA:329,1
DA:331,1
DA:332,1
DA:336,1
DA:337,1
DA:338,1
DA:339,1
DA:342,1
DA:343,1
DA:345,1
DA:346,5
DA:347,5
DA:350,1
DA:351,1
DA:353,1
DA:354,1
DA:355,1
DA:358,1
DA:359,1
DA:360,1
DA:363,1
DA:364,1
DA:365,1
DA:368,1
DA:369,1
DA:370,1
DA:375,1
DA:376,1
DA:378,1
DA:379,19
DA:382,1
DA:385,1
DA:387,4
DA:388,4
DA:389,4
DA:392,1
DA:393,4
DA:396,1
DA:397,1
DA:399,1
DA:402,1
DA:403,1
DA:405,1
DA:408,1
DA:409,1
DA:411,1
DA:413,1
DA:415,1
DA:418,1
DA:419,1
DA:423,1
DA:424,1
DA:425,1
DA:427,1
DA:429,1
DA:432,1
DA:433,1
DA:434,1
DA:435,1
DA:438,1
DA:439,1
DA:443,1
DA:444,1
DA:445,1
DA:446,1
DA:447,1
DA:448,1
DA:451,1
DA:452,1
DA:456,1
DA:457,1
DA:458,1
DA:459,1
DA:460,1
DA:462,1
DA:463,1
DA:464,1
DA:467,1
DA:468,1
DA:469,1
DA:474,1
DA:475,1
DA:476,1
DA:478,1
DA:481,1
DA:485,1
DA:486,1
DA:487,24
DA:490,1
DA:491,1
DA:492,1
DA:495,1
DA:496,1
DA:497,1
DA:500,1
DA:501,1
DA:502,1
DA:503,1
DA:504,1
DA:505,1
DA:508,1
DA:509,1
DA:513,1
DA:517,1
DA:518,1
DA:519,1
DA:520,1
DA:522,1
DA:525,1
DA:526,1
DA:529,1
DA:530,1
DA:531,1
LF:299
LH:299
BRF:0
BRH:0
end_of_record
TN:
SF:/Users/joe/dev/sequoia-js-client-sdk/test/spec/resourceful_endpoint.js
FN:25,(anonymous_0)
FN:31,(anonymous_1)
FN:45,(anonymous_2)
FN:46,(anonymous_3)
FN:52,(anonymous_4)
FN:53,(anonymous_5)
FN:63,(anonymous_6)
FN:64,(anonymous_7)
FN:69,(anonymous_8)
FN:75,(anonymous_9)
FN:76,(anonymous_10)
FN:80,(anonymous_11)
FN:84,(anonymous_12)
FN:88,(anonymous_13)
FN:100,(anonymous_14)
FN:104,(anonymous_15)
FN:109,(anonymous_16)
FN:114,(anonymous_17)
FN:120,(anonymous_18)
FN:121,(anonymous_19)
FN:126,(anonymous_20)
FN:127,(anonymous_21)
FN:131,(anonymous_22)
FN:132,(anonymous_23)
FN:137,(anonymous_24)
FN:138,(anonymous_25)
FN:143,(anonymous_26)
FN:144,(anonymous_27)
FN:149,(anonymous_28)
FN:150,(anonymous_29)
FN:155,(anonymous_30)
FN:156,(anonymous_31)
FN:167,(anonymous_32)
FN:174,(anonymous_33)
FN:175,(anonymous_34)
FN:179,(anonymous_35)
FN:183,(anonymous_36)
FN:187,(anonymous_37)
FN:192,(anonymous_38)
FN:195,(anonymous_39)
FN:201,(anonymous_40)
FN:204,(anonymous_41)
FN:204,(anonymous_42)
FN:206,(anonymous_43)
FN:211,(anonymous_44)
FN:215,(anonymous_45)
FN:227,(anonymous_46)
FN:228,(anonymous_47)
FN:229,(anonymous_48)
FN:233,(anonymous_49)
FN:234,(anonymous_50)
FN:238,(anonymous_51)
FN:239,(anonymous_52)
FN:240,(anonymous_53)
FN:246,(anonymous_54)
FN:248,(anonymous_55)
FN:252,(anonymous_56)
FN:253,(anonymous_57)
FN:254,(anonymous_58)
FN:267,(anonymous_59)
FN:274,(anonymous_60)
FN:284,(anonymous_61)
FN:286,(anonymous_62)
FN:289,(anonymous_63)
FN:295,(anonymous_64)
FN:299,(anonymous_65)
FN:305,(anonymous_66)
FN:314,(anonymous_67)
FN:315,(anonymous_68)
FN:321,(anonymous_69)
FN:323,(anonymous_70)
FN:327,(anonymous_71)
FN:328,(anonymous_72)
FN:335,(anonymous_73)
FN:337,(anonymous_74)
FN:341,(anonymous_75)
FN:342,(anonymous_76)
FN:349,(anonymous_77)
FN:350,(anonymous_78)
FN:357,(anonymous_79)
FN:358,(anonymous_80)
FN:364,(anonymous_81)
FNF:82
FNH:82
FNDA:1,(anonymous_0)
FNDA:45,(anonymous_1)
FNDA:1,(anonymous_2)
FNDA:1,(anonymous_3)
FNDA:1,(anonymous_4)
FNDA:1,(anonymous_5)
FNDA:1,(anonymous_6)
FNDA:1,(anonymous_7)
FNDA:1,(anonymous_8)
FNDA:1,(anonymous_9)
FNDA:1,(anonymous_10)
FNDA:1,(anonymous_11)
FNDA:1,(anonymous_12)
FNDA:1,(anonymous_13)
FNDA:1,(anonymous_14)
FNDA:1,(anonymous_15)
FNDA:1,(anonymous_16)
FNDA:1,(anonymous_17)
FNDA:1,(anonymous_18)
FNDA:1,(anonymous_19)
FNDA:1,(anonymous_20)
FNDA:1,(anonymous_21)
FNDA:1,(anonymous_22)
FNDA:1,(anonymous_23)
FNDA:1,(anonymous_24)
FNDA:1,(anonymous_25)
FNDA:1,(anonymous_26)
FNDA:1,(anonymous_27)
FNDA:1,(anonymous_28)
FNDA:1,(anonymous_29)
FNDA:1,(anonymous_30)
FNDA:1,(anonymous_31)
FNDA:1,(anonymous_32)
FNDA:1,(anonymous_33)
FNDA:1,(anonymous_34)
FNDA:1,(anonymous_35)
FNDA:1,(anonymous_36)
FNDA:1,(anonymous_37)
FNDA:1,(anonymous_38)
FNDA:1,(anonymous_39)
FNDA:1,(anonymous_40)
FNDA:3,(anonymous_41)
FNDA:6,(anonymous_42)
FNDA:1,(anonymous_43)
FNDA:1,(anonymous_44)
FNDA:1,(anonymous_45)
FNDA:1,(anonymous_46)
FNDA:1,(anonymous_47)
FNDA:1,(anonymous_48)
FNDA:1,(anonymous_49)
FNDA:1,(anonymous_50)
FNDA:1,(anonymous_51)
FNDA:1,(anonymous_52)
FNDA:1,(anonymous_53)
FNDA:1,(anonymous_54)
FNDA:1,(anonymous_55)
FNDA:1,(anonymous_56)
FNDA:6,(anonymous_57)
FNDA:49,(anonymous_58)
FNDA:5,(anonymous_59)
FNDA:1,(anonymous_60)
FNDA:1,(anonymous_61)
FNDA:1,(anonymous_62)
FNDA:1,(anonymous_63)
FNDA:1,(anonymous_64)
FNDA:278,(anonymous_65)
FNDA:1,(anonymous_66)
FNDA:1,(anonymous_67)
FNDA:1,(anonymous_68)
FNDA:1,(anonymous_69)
FNDA:1,(anonymous_70)
FNDA:1,(anonymous_71)
FNDA:1,(anonymous_72)
FNDA:1,(anonymous_73)
FNDA:1,(anonymous_74)
FNDA:1,(anonymous_75)
FNDA:1,(anonymous_76)
FNDA:1,(anonymous_77)
FNDA:1,(anonymous_78)
FNDA:1,(anonymous_79)
FNDA:1,(anonymous_80)
FNDA:1,(anonymous_81)
DA:9,1
DA:10,1
DA:11,1
DA:12,1
DA:13,1
DA:15,1
DA:25,1
DA:29,1
DA:31,1
DA:32,45
DA:33,45
DA:34,45
DA:36,45
DA:43,1
DA:45,1
DA:46,1
DA:47,1
DA:48,1
DA:52,1
DA:53,1
DA:54,1
DA:58,1
DA:59,1
DA:63,1
DA:64,1
DA:65,1
DA:66,1
DA:69,1
DA:70,1
DA:71,1
DA:75,1
DA:76,1
DA:77,1
DA:80,1
DA:81,1
DA:84,1
DA:85,1
DA:88,1
DA:89,1
DA:97,1
DA:100,1
DA:101,1
DA:104,1
DA:105,1
DA:106,1
DA:109,1
DA:110,1
DA:111,1
DA:114,1
DA:115,1
DA:116,1
DA:120,1
DA:121,1
DA:122,1
DA:126,1
DA:127,1
DA:128,1
DA:131,1
DA:132,1
DA:133,1
DA:137,1
DA:138,1
DA:139,1
DA:143,1
DA:144,1
DA:145,1
DA:149,1
DA:150,1
DA:151,1
DA:155,1
DA:156,1
DA:157,1
DA:158,1
DA:162,1
DA:167,1
DA:168,1
DA:174,1
DA:175,1
DA:176,1
DA:179,1
DA:180,1
DA:183,1
DA:184,1
DA:187,1
DA:188,1
DA:189,1
DA:192,1
DA:193,1
DA:194,1
DA:195,1
DA:196,1
DA:197,1
DA:201,1
DA:202,1
DA:204,6
DA:206,1
DA:207,1
DA:208,1
DA:211,1
DA:212,1
DA:215,1
DA:216,1
DA:217,1
DA:219,1
DA:220,1
DA:222,1
DA:223,1
DA:227,1
DA:228,1
DA:229,1
DA:230,1
DA:233,1
DA:234,1
DA:238,1
DA:239,1
DA:240,1
DA:241,1
DA:242,1
DA:243,1
DA:246,1
DA:247,1
DA:248,1
DA:252,1
DA:253,1
DA:254,6
DA:255,49
DA:257,49
DA:259,49
DA:260,44
DA:263,49
DA:267,1
DA:268,5
DA:269,5
DA:272,1
DA:274,1
DA:275,1
DA:277,1
DA:279,1
DA:280,1
DA:281,1
DA:284,1
DA:285,1
DA:286,1
DA:289,1
DA:290,1
DA:291,1
DA:295,1
DA:296,1
DA:297,1
DA:299,1
DA:300,278
DA:301,278
DA:305,1
DA:306,1
DA:307,1
DA:308,1
DA:310,1
DA:314,1
DA:315,1
DA:316,1
DA:317,1
DA:318,1
DA:321,1
DA:322,1
DA:323,1
DA:327,1
DA:328,1
DA:329,1
DA:331,1
DA:332,1
DA:335,1
DA:336,1
DA:337,1
DA:341,1
DA:342,1
DA:343,1
DA:344,1
DA:345,1
DA:349,1
DA:350,1
DA:351,1
DA:352,1
DA:353,1
DA:357,1
DA:358,1
DA:359,1
DA:360,1
DA:361,1
DA:364,1
DA:365,1
DA:367,1
DA:368,1
DA:369,1
LF:193
LH:193
BRDA:259,0,0,44
BRDA:259,0,1,5
BRDA:259,1,0,49
BRDA:259,1,1,44
BRF:4
BRH:4
end_of_record
TN:
SF:/Users/joe/dev/sequoia-js-client-sdk/test/spec/session.js
FN:12,(anonymous_0)
FN:28,(anonymous_1)
FN:43,(anonymous_2)
FN:50,(anonymous_3)
FN:51,(anonymous_4)
FN:62,(anonymous_5)
FN:63,(anonymous_6)
FN:67,(anonymous_7)
FN:78,(anonymous_8)
FN:89,(anonymous_9)
FN:103,(anonymous_10)
FN:117,(anonymous_11)
FN:134,(anonymous_12)
FN:139,(anonymous_13)
FN:140,(anonymous_14)
FN:144,(anonymous_15)
FN:159,(anonymous_16)
FN:176,(anonymous_17)
FN:177,(anonymous_18)
FN:196,(anonymous_19)
FN:204,(anonymous_20)
FN:219,(anonymous_21)
FN:220,(anonymous_22)
FN:232,(anonymous_23)
FN:243,(anonymous_24)
FN:244,(anonymous_25)
FN:246,(anonymous_26)
FN:247,(anonymous_27)
FN:259,(anonymous_28)
FN:267,(anonymous_29)
FN:268,(anonymous_30)
FN:272,(anonymous_31)
FN:290,(anonymous_32)
FN:296,(anonymous_33)
FN:297,(anonymous_34)
FN:306,(anonymous_35)
FN:307,(anonymous_36)
FN:311,(anonymous_37)
FN:316,(anonymous_38)
FNF:39
FNH:39
FNDA:1,(anonymous_0)
FNDA:22,(anonymous_1)
FNDA:22,(anonymous_2)
FNDA:1,(anonymous_3)
FNDA:1,(anonymous_4)
FNDA:1,(anonymous_5)
FNDA:6,(anonymous_6)
FNDA:1,(anonymous_7)
FNDA:1,(anonymous_8)
FNDA:1,(anonymous_9)
FNDA:1,(anonymous_10)
FNDA:1,(anonymous_11)
FNDA:1,(anonymous_12)
FNDA:1,(anonymous_13)
FNDA:2,(anonymous_14)
FNDA:1,(anonymous_15)
FNDA:1,(anonymous_16)
FNDA:1,(anonymous_17)
FNDA:1,(anonymous_18)
FNDA:1,(anonymous_19)
FNDA:1,(anonymous_20)
FNDA:1,(anonymous_21)
FNDA:1,(anonymous_22)
FNDA:1,(anonymous_23)
FNDA:1,(anonymous_24)
FNDA:6,(anonymous_25)
FNDA:1,(anonymous_26)
FNDA:1,(anonymous_27)
FNDA:1,(anonymous_28)
FNDA:1,(anonymous_29)
FNDA:1,(anonymous_30)
FNDA:1,(anonymous_31)
FNDA:1,(anonymous_32)
FNDA:1,(anonymous_33)
FNDA:1,(anonymous_34)
FNDA:1,(anonymous_35)
FNDA:2,(anonymous_36)
FNDA:1,(anonymous_37)
FNDA:1,(anonymous_38)
DA:10,1
DA:12,1
DA:13,1
DA:14,1
DA:15,1
DA:16,1
DA:17,1
DA:18,1
DA:19,1
DA:20,1
DA:21,1
DA:22,1
DA:26,1
DA:28,1
DA:29,22
DA:31,22
DA:39,22
DA:40,22
DA:43,1
DA:44,22
DA:45,22
DA:46,22
DA:47,22
DA:50,1
DA:51,1
DA:52,1
DA:53,1
DA:54,1
DA:55,1
DA:56,1
DA:57,1
DA:58,1
DA:62,1
DA:63,1
DA:64,6
DA:67,1
DA:68,1
DA:69,1
DA:72,1
DA:73,1
DA:75,1
DA:78,1
DA:79,1
DA:82,1
DA:83,1
DA:84,1
DA:86,1
DA:89,1
DA:90,1
DA:93,1
DA:94,1
DA:95,1
DA:96,1
DA:97,1
DA:98,1
DA:100,1
DA:103,1
DA:104,1
DA:107,1
DA:108,1
DA:109,1
DA:110,1
DA:111,1
DA:112,1
DA:114,1
DA:117,1
DA:118,1
DA:121,1
DA:123,1
DA:125,1
DA:131,1
DA:134,1
DA:135,1
DA:139,1
DA:140,1
DA:141,2
DA:144,1
DA:145,1
DA:147,1
DA:149,1
DA:152,1
DA:153,1
DA:155,1
DA:156,1
DA:159,1
DA:160,1
DA:162,1
DA:165,1
DA:169,1
DA:171,1
DA:172,1
DA:176,1
DA:177,1
DA:178,1
DA:179,1
DA:181,1
DA:184,1
DA:186,1
DA:187,1
DA:196,1
DA:197,1
DA:199,1
DA:201,1
DA:204,1
DA:205,1
DA:207,1
DA:209,1
DA:210,1
DA:212,1
DA:214,1
DA:215,1
DA:219,1
DA:220,1
DA:221,1
DA:222,1
DA:223,1
DA:225,1
DA:227,1
DA:228,1
DA:229,1
DA:232,1
DA:233,1
DA:234,1
DA:235,1
DA:237,1
DA:238,1
DA:239,1
DA:243,1
DA:244,6
DA:246,1
DA:247,1
DA:248,1
DA:256,1
DA:259,1
DA:260,1
DA:261,1
DA:262,1
DA:263,1
DA:267,1
DA:268,1
DA:269,1
DA:272,1
DA:273,1
DA:274,1
DA:290,1
DA:291,1
DA:292,1
DA:296,1
DA:297,1
DA:298,1
DA:300,1
DA:301,1
DA:306,1
DA:307,1
DA:308,2
DA:311,1
DA:312,1
DA:313,1
DA:316,1
DA:317,1
DA:318,1
LF:161
LH:161
BRF:0
BRH:0
end_of_record
TN:
SF:/Users/joe/dev/sequoia-js-client-sdk/test/spec/transport.js
FN:4,(anonymous_0)
FN:9,(anonymous_1)
FN:13,(anonymous_2)
FN:18,(anonymous_3)
FN:26,(anonymous_4)
FN:27,(anonymous_5)
FN:35,(anonymous_6)
FN:41,(anonymous_7)
FN:45,(anonymous_8)
FN:49,(anonymous_9)
FN:56,(anonymous_10)
FN:58,(anonymous_11)
FN:60,(anonymous_12)
FN:66,(anonymous_13)
FN:72,(anonymous_14)
FN:78,(anonymous_15)
FN:84,(anonymous_16)
FN:90,(anonymous_17)
FN:96,(anonymous_18)
FN:103,(anonymous_19)
FNF:20
FNH:20
FNDA:1,(anonymous_0)
FNDA:13,(anonymous_1)
FNDA:13,(anonymous_2)
FNDA:1,(anonymous_3)
FNDA:1,(anonymous_4)
FNDA:1,(anonymous_5)
FNDA:1,(anonymous_6)
FNDA:1,(anonymous_7)
FNDA:1,(anonymous_8)
FNDA:1,(anonymous_9)
FNDA:1,(anonymous_10)
FNDA:8,(anonymous_11)
FNDA:1,(anonymous_12)
FNDA:1,(anonymous_13)
FNDA:1,(anonymous_14)
FNDA:1,(anonymous_15)
FNDA:1,(anonymous_16)
FNDA:1,(anonymous_17)
FNDA:1,(anonymous_18)
FNDA:1,(anonymous_19)
DA:4,1
DA:5,1
DA:9,1
DA:10,13
DA:13,1
DA:14,13
DA:15,13
DA:18,1
DA:19,1
DA:20,1
DA:21,1
DA:22,1
DA:23,1
DA:26,1
DA:27,1
DA:28,1
DA:32,1
DA:35,1
DA:36,1
DA:38,1
DA:41,1
DA:42,1
DA:44,1
DA:45,1
DA:49,1
DA:50,1
DA:52,1
DA:56,1
DA:57,1
DA:58,8
DA:60,1
DA:61,1
DA:63,1
DA:66,1
DA:67,1
DA:69,1
DA:72,1
DA:73,1
DA:75,1
DA:78,1
DA:79,1
DA:81,1
DA:84,1
DA:85,1
DA:87,1
DA:90,1
DA:91,1
DA:93,1
DA:96,1
DA:97,1
DA:99,1
DA:103,1
DA:104,1
DA:105,1
LF:54
LH:54
BRDA:45,0,0,1
BRDA:45,0,1,1
BRF:2
BRH:2
end_of_record
